<?xml version="1.0" encoding="UTF-8"?>
<coverage generated="1775074768323" clover="3.2.0">
  <project timestamp="1775074768323" name="All files">
    <metrics statements="503" coveredstatements="503" conditionals="468" coveredconditionals="468" methods="198" coveredmethods="198" elements="1169" coveredelements="1169" complexity="0" loc="503" ncloc="503" packages="7" files="36" classes="36"/>
    <package name="src">
      <metrics statements="2" coveredstatements="2" conditionals="0" coveredconditionals="0" methods="1" coveredmethods="1"/>
      <file name="app.tsx" path="/Users/douglassiteflow/dev/saleflow/frontend/src/app.tsx">
        <metrics statements="2" coveredstatements="2" conditionals="0" coveredconditionals="0" methods="1" coveredmethods="1"/>
        <line num="16" count="1" type="stmt"/>
        <line num="21" count="3" type="stmt"/>
      </file>
    </package>
    <package name="src.api">
      <metrics statements="101" coveredstatements="101" conditionals="26" coveredconditionals="26" methods="58" coveredmethods="58"/>
      <file name="admin.ts" path="/Users/douglassiteflow/dev/saleflow/frontend/src/api/admin.ts">
        <metrics statements="12" coveredstatements="12" conditionals="0" coveredconditionals="0" methods="10" coveredmethods="10"/>
        <line num="6" count="2" type="stmt"/>
        <line num="8" count="1" type="stmt"/>
        <line num="13" count="2" type="stmt"/>
        <line num="15" count="1" type="stmt"/>
        <line num="27" count="2" type="stmt"/>
        <line num="29" count="2" type="stmt"/>
        <line num="30" count="1" type="stmt"/>
        <line num="36" count="1" type="stmt"/>
        <line num="42" count="2" type="stmt"/>
        <line num="44" count="2" type="stmt"/>
        <line num="45" count="1" type="stmt"/>
        <line num="47" count="1" type="stmt"/>
      </file>
      <file name="audit.ts" path="/Users/douglassiteflow/dev/saleflow/frontend/src/api/audit.ts">
        <metrics statements="7" coveredstatements="7" conditionals="6" coveredconditionals="6" methods="2" coveredmethods="2"/>
        <line num="6" count="8" type="stmt"/>
        <line num="7" count="8" type="cond" truecount="2" falsecount="0"/>
        <line num="8" count="8" type="cond" truecount="2" falsecount="0"/>
        <line num="9" count="8" type="stmt"/>
        <line num="11" count="8" type="stmt"/>
        <line num="14" count="4" type="cond" truecount="2" falsecount="0"/>
        <line num="15" count="4" type="stmt"/>
      </file>
      <file name="auth.ts" path="/Users/douglassiteflow/dev/saleflow/frontend/src/api/auth.ts">
        <metrics statements="18" coveredstatements="18" conditionals="4" coveredconditionals="4" methods="12" coveredmethods="12"/>
        <line num="6" count="6" type="stmt"/>
        <line num="9" count="3" type="stmt"/>
        <line num="10" count="3" type="stmt"/>
        <line num="12" count="2" type="cond" truecount="4" falsecount="0"/>
        <line num="13" count="1" type="stmt"/>
        <line num="15" count="1" type="stmt"/>
        <line num="29" count="2" type="stmt"/>
        <line num="30" count="1" type="stmt"/>
        <line num="44" count="2" type="stmt"/>
        <line num="46" count="2" type="stmt"/>
        <line num="47" count="1" type="stmt"/>
        <line num="53" count="1" type="stmt"/>
        <line num="59" count="2" type="stmt"/>
        <line num="60" count="1" type="stmt"/>
        <line num="69" count="2" type="stmt"/>
        <line num="71" count="2" type="stmt"/>
        <line num="72" count="1" type="stmt"/>
        <line num="77" count="1" type="stmt"/>
      </file>
      <file name="client.ts" path="/Users/douglassiteflow/dev/saleflow/frontend/src/api/client.ts">
        <metrics statements="21" coveredstatements="21" conditionals="12" coveredconditionals="12" methods="3" coveredmethods="3"/>
        <line num="5" count="12" type="stmt"/>
        <line num="6" count="12" type="stmt"/>
        <line num="7" count="12" type="stmt"/>
        <line num="15" count="37" type="stmt"/>
        <line num="19" count="37" type="cond" truecount="2" falsecount="0"/>
        <line num="20" count="37" type="stmt"/>
        <line num="26" count="37" type="cond" truecount="2" falsecount="0"/>
        <line num="27" count="7" type="stmt"/>
        <line num="28" count="7" type="stmt"/>
        <line num="29" count="7" type="stmt"/>
        <line num="30" count="6" type="cond" truecount="3" falsecount="0"/>
        <line num="34" count="7" type="stmt"/>
        <line num="37" count="30" type="stmt"/>
        <line num="44" count="6" type="stmt"/>
        <line num="50" count="6" type="cond" truecount="2" falsecount="0"/>
        <line num="51" count="4" type="stmt"/>
        <line num="52" count="4" type="stmt"/>
        <line num="53" count="4" type="stmt"/>
        <line num="54" count="3" type="cond" truecount="3" falsecount="0"/>
        <line num="58" count="4" type="stmt"/>
        <line num="61" count="2" type="stmt"/>
      </file>
      <file name="leads.ts" path="/Users/douglassiteflow/dev/saleflow/frontend/src/api/leads.ts">
        <metrics statements="14" coveredstatements="14" conditionals="4" coveredconditionals="4" methods="10" coveredmethods="10"/>
        <line num="16" count="8" type="stmt"/>
        <line num="19" count="4" type="cond" truecount="2" falsecount="0"/>
        <line num="22" count="4" type="stmt"/>
        <line num="28" count="4" type="stmt"/>
        <line num="30" count="1" type="stmt"/>
        <line num="36" count="2" type="stmt"/>
        <line num="38" count="2" type="stmt"/>
        <line num="39" count="1" type="stmt"/>
        <line num="44" count="1" type="stmt"/>
        <line num="50" count="2" type="stmt"/>
        <line num="52" count="2" type="stmt"/>
        <line num="53" count="1" type="stmt"/>
        <line num="59" count="1" type="stmt"/>
        <line num="60" count="1" type="stmt"/>
      </file>
      <file name="meetings.ts" path="/Users/douglassiteflow/dev/saleflow/frontend/src/api/meetings.ts">
        <metrics statements="10" coveredstatements="10" conditionals="0" coveredconditionals="0" methods="8" coveredmethods="8"/>
        <line num="6" count="2" type="stmt"/>
        <line num="8" count="1" type="stmt"/>
        <line num="20" count="2" type="stmt"/>
        <line num="22" count="2" type="stmt"/>
        <line num="23" count="1" type="stmt"/>
        <line num="29" count="1" type="stmt"/>
        <line num="35" count="2" type="stmt"/>
        <line num="37" count="2" type="stmt"/>
        <line num="38" count="1" type="stmt"/>
        <line num="43" count="1" type="stmt"/>
      </file>
      <file name="sessions.ts" path="/Users/douglassiteflow/dev/saleflow/frontend/src/api/sessions.ts">
        <metrics statements="19" coveredstatements="19" conditionals="0" coveredconditionals="0" methods="13" coveredmethods="13"/>
        <line num="6" count="2" type="stmt"/>
        <line num="9" count="1" type="stmt"/>
        <line num="10" count="1" type="stmt"/>
        <line num="16" count="2" type="stmt"/>
        <line num="18" count="2" type="stmt"/>
        <line num="19" count="1" type="stmt"/>
        <line num="24" count="1" type="stmt"/>
        <line num="30" count="3" type="stmt"/>
        <line num="33" count="1" type="stmt"/>
        <line num="36" count="1" type="stmt"/>
        <line num="43" count="2" type="stmt"/>
        <line num="45" count="2" type="stmt"/>
        <line num="46" count="1" type="stmt"/>
        <line num="51" count="1" type="stmt"/>
        <line num="57" count="2" type="stmt"/>
        <line num="59" count="2" type="stmt"/>
        <line num="60" count="1" type="stmt"/>
        <line num="65" count="1" type="stmt"/>
        <line num="66" count="1" type="stmt"/>
      </file>
    </package>
    <package name="src.components">
      <metrics statements="156" coveredstatements="156" conditionals="167" coveredconditionals="167" methods="53" coveredmethods="53"/>
      <file name="history-timeline.tsx" path="/Users/douglassiteflow/dev/saleflow/frontend/src/components/history-timeline.tsx">
        <metrics statements="13" coveredstatements="13" conditionals="26" coveredconditionals="26" methods="6" coveredmethods="6"/>
        <line num="11" count="14" type="cond" truecount="2" falsecount="0"/>
        <line num="12" count="6" type="stmt"/>
        <line num="20" count="4" type="stmt"/>
        <line num="30" count="20" type="stmt"/>
        <line num="31" count="7" type="stmt"/>
        <line num="32" count="5" type="stmt"/>
        <line num="34" count="1" type="stmt"/>
        <line num="35" count="1" type="stmt"/>
        <line num="36" count="1" type="stmt"/>
        <line num="39" count="20" type="stmt"/>
        <line num="50" count="12" type="stmt"/>
        <line num="51" count="12" type="stmt"/>
        <line num="53" count="12" type="stmt"/>
      </file>
      <file name="layout.tsx" path="/Users/douglassiteflow/dev/saleflow/frontend/src/components/layout.tsx">
        <metrics statements="1" coveredstatements="1" conditionals="0" coveredconditionals="0" methods="1" coveredmethods="1"/>
        <line num="6" count="1" type="stmt"/>
      </file>
      <file name="lead-info.tsx" path="/Users/douglassiteflow/dev/saleflow/frontend/src/components/lead-info.tsx">
        <metrics statements="5" coveredstatements="5" conditionals="19" coveredconditionals="19" methods="2" coveredmethods="2"/>
        <line num="14" count="213" type="cond" truecount="5" falsecount="0"/>
        <line num="15" count="45" type="stmt"/>
        <line num="37" count="17" type="stmt"/>
        <line num="41" count="17" type="stmt"/>
        <line num="54" count="17" type="stmt"/>
      </file>
      <file name="meeting-form.tsx" path="/Users/douglassiteflow/dev/saleflow/frontend/src/components/meeting-form.tsx">
        <metrics statements="31" coveredstatements="31" conditionals="14" coveredconditionals="14" methods="9" coveredmethods="9"/>
        <line num="11" count="43" type="stmt"/>
        <line num="12" count="43" type="stmt"/>
        <line num="13" count="43" type="stmt"/>
        <line num="14" count="43" type="stmt"/>
        <line num="15" count="43" type="stmt"/>
        <line num="16" count="43" type="stmt"/>
        <line num="18" count="43" type="stmt"/>
        <line num="21" count="3" type="stmt"/>
        <line num="22" count="3" type="stmt"/>
        <line num="23" count="3" type="stmt"/>
        <line num="24" count="3" type="stmt"/>
        <line num="25" count="3" type="stmt"/>
        <line num="26" count="3" type="stmt"/>
        <line num="30" count="6" type="stmt"/>
        <line num="31" count="6" type="stmt"/>
        <line num="33" count="6" type="cond" truecount="6" falsecount="0"/>
        <line num="34" count="1" type="stmt"/>
        <line num="35" count="1" type="stmt"/>
        <line num="38" count="5" type="stmt"/>
        <line num="40" count="5" type="stmt"/>
        <line num="41" count="5" type="stmt"/>
        <line num="47" count="3" type="stmt"/>
        <line num="48" count="3" type="stmt"/>
        <line num="50" count="2" type="cond" truecount="2" falsecount="0"/>
        <line num="54" count="43" type="stmt"/>
        <line num="56" count="6" type="stmt"/>
        <line num="80" count="5" type="stmt"/>
        <line num="94" count="5" type="stmt"/>
        <line num="109" count="5" type="stmt"/>
        <line num="123" count="5" type="stmt"/>
        <line num="137" count="1" type="stmt"/>
      </file>
      <file name="otp-input.tsx" path="/Users/douglassiteflow/dev/saleflow/frontend/src/components/otp-input.tsx">
        <metrics statements="40" coveredstatements="40" conditionals="30" coveredconditionals="30" methods="12" coveredmethods="12"/>
        <line num="10" count="3" type="stmt"/>
        <line num="13" count="354" type="stmt"/>
        <line num="14" count="59" type="stmt"/>
        <line num="16" count="354" type="stmt"/>
        <line num="17" count="708" type="stmt"/>
        <line num="21" count="25" type="cond" truecount="2" falsecount="0"/>
        <line num="24" count="24" type="stmt"/>
        <line num="26" count="24" type="stmt"/>
        <line num="27" count="24" type="stmt"/>
        <line num="28" count="24" type="stmt"/>
        <line num="30" count="24" type="cond" truecount="4" falsecount="0"/>
        <line num="31" count="20" type="stmt"/>
        <line num="35" count="89" type="cond" truecount="4" falsecount="0"/>
        <line num="36" count="3" type="stmt"/>
        <line num="41" count="4" type="cond" truecount="2" falsecount="0"/>
        <line num="43" count="3" type="cond" truecount="2" falsecount="0"/>
        <line num="44" count="2" type="cond" truecount="4" falsecount="0"/>
        <line num="45" count="1" type="stmt"/>
        <line num="46" count="1" type="stmt"/>
        <line num="47" count="1" type="stmt"/>
        <line num="48" count="1" type="stmt"/>
        <line num="50" count="1" type="stmt"/>
        <line num="51" count="1" type="stmt"/>
        <line num="52" count="1" type="stmt"/>
        <line num="58" count="4" type="cond" truecount="2" falsecount="0"/>
        <line num="60" count="3" type="stmt"/>
        <line num="61" count="3" type="stmt"/>
        <line num="62" count="3" type="cond" truecount="2" falsecount="0"/>
        <line num="64" count="2" type="stmt"/>
        <line num="65" count="2" type="stmt"/>
        <line num="66" count="12" type="cond" truecount="2" falsecount="0"/>
        <line num="68" count="2" type="stmt"/>
        <line num="71" count="2" type="stmt"/>
        <line num="72" count="2" type="stmt"/>
        <line num="74" count="10" type="cond" truecount="2" falsecount="0"/>
        <line num="75" count="1" type="stmt"/>
        <line num="79" count="59" type="stmt"/>
        <line num="83" count="354" type="stmt"/>
        <line num="92" count="25" type="stmt"/>
        <line num="93" count="4" type="stmt"/>
      </file>
      <file name="outcome-panel.tsx" path="/Users/douglassiteflow/dev/saleflow/frontend/src/components/outcome-panel.tsx">
        <metrics statements="34" coveredstatements="34" conditionals="38" coveredconditionals="38" methods="11" coveredmethods="11"/>
        <line num="16" count="3" type="stmt"/>
        <line num="73" count="47" type="stmt"/>
        <line num="75" count="47" type="stmt"/>
        <line num="76" count="47" type="stmt"/>
        <line num="77" count="47" type="stmt"/>
        <line num="78" count="47" type="stmt"/>
        <line num="79" count="47" type="stmt"/>
        <line num="80" count="47" type="stmt"/>
        <line num="83" count="22" type="cond" truecount="2" falsecount="0"/>
        <line num="85" count="9" type="stmt"/>
        <line num="87" count="13" type="stmt"/>
        <line num="88" count="13" type="stmt"/>
        <line num="93" count="9" type="stmt"/>
        <line num="96" count="9" type="cond" truecount="2" falsecount="0"/>
        <line num="97" count="2" type="cond" truecount="4" falsecount="0"/>
        <line num="98" count="1" type="stmt"/>
        <line num="99" count="1" type="stmt"/>
        <line num="103" count="8" type="stmt"/>
        <line num="117" count="2" type="stmt"/>
        <line num="118" count="2" type="stmt"/>
        <line num="119" count="2" type="stmt"/>
        <line num="120" count="2" type="stmt"/>
        <line num="121" count="2" type="stmt"/>
        <line num="122" count="2" type="stmt"/>
        <line num="123" count="2" type="stmt"/>
        <line num="126" count="5" type="cond" truecount="2" falsecount="0"/>
        <line num="132" count="47" type="stmt"/>
        <line num="139" count="282" type="stmt"/>
        <line num="140" count="282" type="stmt"/>
        <line num="145" count="22" type="stmt"/>
        <line num="176" count="1" type="stmt"/>
        <line num="191" count="1" type="stmt"/>
        <line num="203" count="1" type="stmt"/>
        <line num="218" count="1" type="stmt"/>
      </file>
      <file name="protected-route.tsx" path="/Users/douglassiteflow/dev/saleflow/frontend/src/components/protected-route.tsx">
        <metrics statements="10" coveredstatements="10" conditionals="10" coveredconditionals="10" methods="2" coveredmethods="2"/>
        <line num="5" count="5" type="stmt"/>
        <line num="6" count="5" type="cond" truecount="2" falsecount="0"/>
        <line num="7" count="1" type="stmt"/>
        <line num="12" count="4" type="cond" truecount="2" falsecount="0"/>
        <line num="13" count="1" type="stmt"/>
        <line num="17" count="4" type="stmt"/>
        <line num="18" count="4" type="cond" truecount="2" falsecount="0"/>
        <line num="19" count="3" type="cond" truecount="2" falsecount="0"/>
        <line num="20" count="2" type="cond" truecount="2" falsecount="0"/>
        <line num="21" count="1" type="stmt"/>
      </file>
      <file name="session-list.tsx" path="/Users/douglassiteflow/dev/saleflow/frontend/src/components/session-list.tsx">
        <metrics statements="10" coveredstatements="10" conditionals="22" coveredconditionals="22" methods="4" coveredmethods="4"/>
        <line num="13" count="61" type="stmt"/>
        <line num="14" count="61" type="cond" truecount="3" falsecount="0"/>
        <line num="16" count="23" type="stmt"/>
        <line num="18" count="12" type="stmt"/>
        <line num="20" count="26" type="stmt"/>
        <line num="25" count="32" type="cond" truecount="2" falsecount="0"/>
        <line num="26" count="6" type="stmt"/>
        <line num="33" count="26" type="stmt"/>
        <line num="72" count="61" type="stmt"/>
        <line num="99" count="3" type="stmt"/>
      </file>
      <file name="sidebar.tsx" path="/Users/douglassiteflow/dev/saleflow/frontend/src/components/sidebar.tsx">
        <metrics statements="7" coveredstatements="7" conditionals="6" coveredconditionals="6" methods="3" coveredmethods="3"/>
        <line num="12" count="45" type="cond" truecount="2" falsecount="0"/>
        <line num="13" count="1" type="stmt"/>
        <line num="23" count="44" type="stmt"/>
        <line num="26" count="44" type="stmt"/>
        <line num="41" count="7" type="stmt"/>
        <line num="42" count="7" type="stmt"/>
        <line num="44" count="7" type="stmt"/>
      </file>
      <file name="stat-card.tsx" path="/Users/douglassiteflow/dev/saleflow/frontend/src/components/stat-card.tsx">
        <metrics statements="1" coveredstatements="1" conditionals="0" coveredconditionals="0" methods="1" coveredmethods="1"/>
        <line num="11" count="107" type="stmt"/>
      </file>
      <file name="topbar.tsx" path="/Users/douglassiteflow/dev/saleflow/frontend/src/components/topbar.tsx">
        <metrics statements="4" coveredstatements="4" conditionals="2" coveredconditionals="2" methods="2" coveredmethods="2"/>
        <line num="6" count="5" type="stmt"/>
        <line num="7" count="5" type="stmt"/>
        <line num="10" count="1" type="stmt"/>
        <line num="13" count="5" type="stmt"/>
      </file>
    </package>
    <package name="src.components.ui">
      <metrics statements="13" coveredstatements="13" conditionals="2" coveredconditionals="2" methods="5" coveredmethods="5"/>
      <file name="badge.tsx" path="/Users/douglassiteflow/dev/saleflow/frontend/src/components/ui/badge.tsx">
        <metrics statements="3" coveredstatements="3" conditionals="0" coveredconditionals="0" methods="1" coveredmethods="1"/>
        <line num="18" count="7" type="stmt"/>
        <line num="33" count="7" type="stmt"/>
        <line num="53" count="81" type="stmt"/>
      </file>
      <file name="button.tsx" path="/Users/douglassiteflow/dev/saleflow/frontend/src/components/ui/button.tsx">
        <metrics statements="5" coveredstatements="5" conditionals="2" coveredconditionals="2" methods="1" coveredmethods="1"/>
        <line num="12" count="13" type="stmt"/>
        <line num="23" count="13" type="stmt"/>
        <line num="28" count="13" type="stmt"/>
        <line num="33" count="455" type="stmt"/>
        <line num="53" count="13" type="stmt"/>
      </file>
      <file name="card.tsx" path="/Users/douglassiteflow/dev/saleflow/frontend/src/components/ui/card.tsx">
        <metrics statements="2" coveredstatements="2" conditionals="0" coveredconditionals="0" methods="2" coveredmethods="2"/>
        <line num="7" count="421" type="stmt"/>
        <line num="23" count="253" type="stmt"/>
      </file>
      <file name="input.tsx" path="/Users/douglassiteflow/dev/saleflow/frontend/src/components/ui/input.tsx">
        <metrics statements="3" coveredstatements="3" conditionals="0" coveredconditionals="0" methods="1" coveredmethods="1"/>
        <line num="6" count="7" type="stmt"/>
        <line num="8" count="432" type="stmt"/>
        <line num="26" count="7" type="stmt"/>
      </file>
    </package>
    <package name="src.design">
      <metrics statements="5" coveredstatements="5" conditionals="0" coveredconditionals="0" methods="0" coveredmethods="0"/>
      <file name="tokens.ts" path="/Users/douglassiteflow/dev/saleflow/frontend/src/design/tokens.ts">
        <metrics statements="5" coveredstatements="5" conditionals="0" coveredconditionals="0" methods="0" coveredmethods="0"/>
        <line num="1" count="1" type="stmt"/>
        <line num="13" count="1" type="stmt"/>
        <line num="18" count="1" type="stmt"/>
        <line num="30" count="1" type="stmt"/>
        <line num="31" count="1" type="stmt"/>
      </file>
    </package>
    <package name="src.lib">
      <metrics statements="34" coveredstatements="34" conditionals="22" coveredconditionals="22" methods="7" coveredmethods="7"/>
      <file name="cn.ts" path="/Users/douglassiteflow/dev/saleflow/frontend/src/lib/cn.ts">
        <metrics statements="1" coveredstatements="1" conditionals="0" coveredconditionals="0" methods="1" coveredmethods="1"/>
        <line num="3" count="2137" type="stmt"/>
      </file>
      <file name="format.ts" path="/Users/douglassiteflow/dev/saleflow/frontend/src/lib/format.ts">
        <metrics statements="33" coveredstatements="33" conditionals="22" coveredconditionals="22" methods="6" coveredmethods="6"/>
        <line num="7" count="40" type="stmt"/>
        <line num="10" count="40" type="cond" truecount="2" falsecount="0"/>
        <line num="11" count="37" type="stmt"/>
        <line num="13" count="37" type="cond" truecount="2" falsecount="0"/>
        <line num="14" count="36" type="stmt"/>
        <line num="16" count="1" type="stmt"/>
        <line num="19" count="3" type="stmt"/>
        <line num="26" count="2" type="stmt"/>
        <line num="27" count="2" type="cond" truecount="2" falsecount="0"/>
        <line num="28" count="1" type="stmt"/>
        <line num="39" count="4" type="cond" truecount="2" falsecount="0"/>
        <line num="41" count="3" type="stmt"/>
        <line num="42" count="3" type="cond" truecount="2" falsecount="0"/>
        <line num="43" count="2" type="stmt"/>
        <line num="45" count="1" type="stmt"/>
        <line num="53" count="5" type="stmt"/>
        <line num="54" count="5" type="stmt"/>
        <line num="64" count="140" type="stmt"/>
        <line num="65" count="140" type="cond" truecount="2" falsecount="0"/>
        <line num="66" count="139" type="stmt"/>
        <line num="80" count="67" type="stmt"/>
        <line num="81" count="67" type="cond" truecount="2" falsecount="0"/>
        <line num="83" count="66" type="stmt"/>
        <line num="84" count="66" type="stmt"/>
        <line num="85" count="66" type="stmt"/>
        <line num="86" count="66" type="stmt"/>
        <line num="87" count="66" type="stmt"/>
        <line num="88" count="66" type="stmt"/>
        <line num="90" count="66" type="cond" truecount="2" falsecount="0"/>
        <line num="91" count="42" type="cond" truecount="2" falsecount="0"/>
        <line num="92" count="41" type="cond" truecount="2" falsecount="0"/>
        <line num="93" count="40" type="cond" truecount="2" falsecount="0"/>
        <line num="94" count="36" type="stmt"/>
      </file>
    </package>
    <package name="src.pages">
      <metrics statements="192" coveredstatements="192" conditionals="251" coveredconditionals="251" methods="74" coveredmethods="74"/>
      <file name="admin-import.tsx" path="/Users/douglassiteflow/dev/saleflow/frontend/src/pages/admin-import.tsx">
        <metrics statements="20" coveredstatements="20" conditionals="12" coveredconditionals="12" methods="4" coveredmethods="4"/>
        <line num="8" count="21" type="stmt"/>
        <line num="9" count="21" type="stmt"/>
        <line num="10" count="21" type="stmt"/>
        <line num="12" count="21" type="stmt"/>
        <line num="15" count="6" type="stmt"/>
        <line num="16" count="6" type="stmt"/>
        <line num="18" count="6" type="stmt"/>
        <line num="19" count="6" type="cond" truecount="2" falsecount="0"/>
        <line num="20" count="1" type="stmt"/>
        <line num="21" count="1" type="stmt"/>
        <line num="24" count="5" type="stmt"/>
        <line num="25" count="5" type="stmt"/>
        <line num="27" count="5" type="stmt"/>
        <line num="28" count="5" type="stmt"/>
        <line num="29" count="3" type="stmt"/>
        <line num="30" count="3" type="stmt"/>
        <line num="32" count="2" type="cond" truecount="2" falsecount="0"/>
        <line num="36" count="21" type="stmt"/>
        <line num="86" count="2" type="stmt"/>
        <line num="97" count="6" type="stmt"/>
      </file>
      <file name="admin-stats.tsx" path="/Users/douglassiteflow/dev/saleflow/frontend/src/pages/admin-stats.tsx">
        <metrics statements="14" coveredstatements="14" conditionals="32" coveredconditionals="32" methods="3" coveredmethods="3"/>
        <line num="7" count="2" type="stmt"/>
        <line num="18" count="2" type="stmt"/>
        <line num="30" count="11" type="stmt"/>
        <line num="31" count="11" type="stmt"/>
        <line num="33" count="11" type="cond" truecount="2" falsecount="0"/>
        <line num="36" count="11" type="cond" truecount="2" falsecount="0"/>
        <line num="38" count="32" type="cond" truecount="2" falsecount="0"/>
        <line num="39" count="32" type="stmt"/>
        <line num="44" count="11" type="cond" truecount="2" falsecount="0"/>
        <line num="46" count="11" type="stmt"/>
        <line num="48" count="11" type="stmt"/>
        <line num="94" count="72" type="cond" truecount="2" falsecount="0"/>
        <line num="95" count="72" type="cond" truecount="2" falsecount="0"/>
        <line num="97" count="72" type="stmt"/>
      </file>
      <file name="admin-users.tsx" path="/Users/douglassiteflow/dev/saleflow/frontend/src/pages/admin-users.tsx">
        <metrics statements="48" coveredstatements="48" conditionals="57" coveredconditionals="57" methods="20" coveredmethods="20"/>
        <line num="11" count="38" type="stmt"/>
        <line num="12" count="38" type="stmt"/>
        <line num="13" count="38" type="stmt"/>
        <line num="14" count="38" type="stmt"/>
        <line num="15" count="38" type="stmt"/>
        <line num="16" count="38" type="stmt"/>
        <line num="18" count="38" type="stmt"/>
        <line num="21" count="2" type="stmt"/>
        <line num="22" count="2" type="stmt"/>
        <line num="23" count="2" type="stmt"/>
        <line num="24" count="2" type="stmt"/>
        <line num="25" count="2" type="stmt"/>
        <line num="26" count="2" type="stmt"/>
        <line num="30" count="6" type="stmt"/>
        <line num="31" count="6" type="stmt"/>
        <line num="33" count="6" type="cond" truecount="5" falsecount="0"/>
        <line num="34" count="1" type="stmt"/>
        <line num="35" count="1" type="stmt"/>
        <line num="37" count="5" type="cond" truecount="2" falsecount="0"/>
        <line num="38" count="1" type="stmt"/>
        <line num="39" count="1" type="stmt"/>
        <line num="42" count="4" type="stmt"/>
        <line num="43" count="4" type="stmt"/>
        <line num="44" count="2" type="stmt"/>
        <line num="45" count="2" type="stmt"/>
        <line num="47" count="2" type="cond" truecount="2" falsecount="0"/>
        <line num="51" count="38" type="stmt"/>
        <line num="53" count="6" type="stmt"/>
        <line num="70" count="5" type="stmt"/>
        <line num="83" count="5" type="stmt"/>
        <line num="98" count="5" type="stmt"/>
        <line num="113" count="5" type="stmt"/>
        <line num="127" count="1" type="stmt"/>
        <line num="149" count="7" type="stmt"/>
        <line num="150" count="7" type="stmt"/>
        <line num="151" count="7" type="stmt"/>
        <line num="154" count="1" type="stmt"/>
        <line num="158" count="1" type="stmt"/>
        <line num="161" count="7" type="stmt"/>
        <line num="193" count="44" type="stmt"/>
        <line num="194" count="44" type="stmt"/>
        <line num="195" count="44" type="stmt"/>
        <line num="198" count="8" type="cond" truecount="2" falsecount="0"/>
        <line num="201" count="44" type="stmt"/>
        <line num="212" count="9" type="stmt"/>
        <line num="218" count="3" type="cond" truecount="2" falsecount="0"/>
        <line num="260" count="82" type="stmt"/>
        <line num="306" count="8" type="stmt"/>
      </file>
      <file name="dashboard.tsx" path="/Users/douglassiteflow/dev/saleflow/frontend/src/pages/dashboard.tsx">
        <metrics statements="13" coveredstatements="13" conditionals="28" coveredconditionals="28" methods="7" coveredmethods="7"/>
        <line num="12" count="20" type="stmt"/>
        <line num="16" count="20" type="stmt"/>
        <line num="17" count="20" type="stmt"/>
        <line num="18" count="20" type="stmt"/>
        <line num="19" count="20" type="stmt"/>
        <line num="21" count="20" type="stmt"/>
        <line num="23" count="20" type="cond" truecount="2" falsecount="0"/>
        <line num="24" count="17" type="cond" truecount="2" falsecount="0"/>
        <line num="27" count="20" type="cond" truecount="2" falsecount="0"/>
        <line num="29" count="20" type="stmt"/>
        <line num="42" count="1" type="stmt"/>
        <line num="75" count="15" type="stmt"/>
        <line num="111" count="18" type="stmt"/>
      </file>
      <file name="dialer.tsx" path="/Users/douglassiteflow/dev/saleflow/frontend/src/pages/dialer.tsx">
        <metrics statements="17" coveredstatements="17" conditionals="16" coveredconditionals="16" methods="6" coveredmethods="6"/>
        <line num="17" count="20" type="stmt"/>
        <line num="18" count="20" type="stmt"/>
        <line num="20" count="20" type="stmt"/>
        <line num="21" count="20" type="stmt"/>
        <line num="25" count="20" type="stmt"/>
        <line num="28" count="9" type="stmt"/>
        <line num="30" count="8" type="stmt"/>
        <line num="36" count="1" type="stmt"/>
        <line num="41" count="1" type="stmt"/>
        <line num="45" count="20" type="cond" truecount="2" falsecount="0"/>
        <line num="46" count="13" type="stmt"/>
        <line num="77" count="7" type="cond" truecount="2" falsecount="0"/>
        <line num="78" count="1" type="stmt"/>
        <line num="86" count="6" type="cond" truecount="2" falsecount="0"/>
        <line num="87" count="1" type="stmt"/>
        <line num="94" count="5" type="stmt"/>
        <line num="116" count="1" type="stmt"/>
      </file>
      <file name="history.tsx" path="/Users/douglassiteflow/dev/saleflow/frontend/src/pages/history.tsx">
        <metrics statements="29" coveredstatements="29" conditionals="42" coveredconditionals="42" methods="13" coveredmethods="13"/>
        <line num="9" count="2" type="stmt"/>
        <line num="20" count="355" type="stmt"/>
        <line num="21" count="80" type="cond" truecount="2" falsecount="0"/>
        <line num="25" count="80" type="cond" truecount="2" falsecount="0"/>
        <line num="26" count="42" type="stmt"/>
        <line num="27" count="42" type="cond" truecount="2" falsecount="0"/>
        <line num="28" count="23" type="stmt"/>
        <line num="30" count="25" type="stmt"/>
        <line num="35" count="80" type="cond" truecount="2" falsecount="0"/>
        <line num="36" count="57" type="cond" truecount="2" falsecount="0"/>
        <line num="37" count="38" type="cond" truecount="2" falsecount="0"/>
        <line num="38" count="19" type="stmt"/>
        <line num="42" count="25" type="stmt"/>
        <line num="43" count="25" type="stmt"/>
        <line num="45" count="25" type="stmt"/>
        <line num="47" count="25" type="stmt"/>
        <line num="51" count="25" type="cond" truecount="2" falsecount="0"/>
        <line num="52" count="89" type="cond" truecount="2" falsecount="0"/>
        <line num="53" count="12" type="stmt"/>
        <line num="54" count="12" type="stmt"/>
        <line num="63" count="2" type="cond" truecount="5" falsecount="0"/>
        <line num="64" count="1" type="stmt"/>
        <line num="68" count="25" type="stmt"/>
        <line num="84" count="3" type="stmt"/>
        <line num="90" count="1" type="stmt"/>
        <line num="94" count="175" type="stmt"/>
        <line num="153" count="80" type="cond" truecount="3" falsecount="0"/>
        <line num="156" count="80" type="stmt"/>
        <line num="159" count="2" type="stmt"/>
      </file>
      <file name="lead-detail.tsx" path="/Users/douglassiteflow/dev/saleflow/frontend/src/pages/lead-detail.tsx">
        <metrics statements="8" coveredstatements="8" conditionals="10" coveredconditionals="10" methods="1" coveredmethods="1"/>
        <line num="13" count="6" type="stmt"/>
        <line num="14" count="6" type="stmt"/>
        <line num="16" count="6" type="stmt"/>
        <line num="18" count="6" type="cond" truecount="2" falsecount="0"/>
        <line num="19" count="1" type="stmt"/>
        <line num="26" count="5" type="cond" truecount="4" falsecount="0"/>
        <line num="27" count="3" type="stmt"/>
        <line num="36" count="2" type="stmt"/>
      </file>
      <file name="login.tsx" path="/Users/douglassiteflow/dev/saleflow/frontend/src/pages/login.tsx">
        <metrics statements="25" coveredstatements="25" conditionals="22" coveredconditionals="22" methods="9" coveredmethods="9"/>
        <line num="10" count="48" type="stmt"/>
        <line num="11" count="48" type="stmt"/>
        <line num="12" count="48" type="stmt"/>
        <line num="13" count="48" type="stmt"/>
        <line num="14" count="48" type="stmt"/>
        <line num="16" count="48" type="stmt"/>
        <line num="17" count="48" type="stmt"/>
        <line num="18" count="48" type="stmt"/>
        <line num="19" count="48" type="stmt"/>
        <line num="21" count="48" type="cond" truecount="2" falsecount="0"/>
        <line num="22" count="1" type="stmt"/>
        <line num="29" count="47" type="cond" truecount="2" falsecount="0"/>
        <line num="30" count="1" type="stmt"/>
        <line num="34" count="10" type="stmt"/>
        <line num="35" count="10" type="stmt"/>
        <line num="39" count="9" type="stmt"/>
        <line num="40" count="9" type="stmt"/>
        <line num="47" count="2" type="stmt"/>
        <line num="51" count="1" type="stmt"/>
        <line num="58" count="1" type="stmt"/>
        <line num="62" count="9" type="cond" truecount="2" falsecount="0"/>
        <line num="63" count="2" type="cond" truecount="2" falsecount="0"/>
        <line num="66" count="46" type="stmt"/>
        <line num="99" count="10" type="stmt"/>
        <line num="117" count="10" type="stmt"/>
      </file>
      <file name="meetings.tsx" path="/Users/douglassiteflow/dev/saleflow/frontend/src/pages/meetings.tsx">
        <metrics statements="11" coveredstatements="11" conditionals="22" coveredconditionals="22" methods="8" coveredmethods="8"/>
        <line num="10" count="17" type="stmt"/>
        <line num="12" count="17" type="stmt"/>
        <line num="13" count="17" type="stmt"/>
        <line num="16" count="2" type="cond" truecount="2" falsecount="0"/>
        <line num="17" count="1" type="stmt"/>
        <line num="21" count="28" type="cond" truecount="2" falsecount="0"/>
        <line num="23" count="17" type="stmt"/>
        <line num="35" count="2" type="stmt"/>
        <line num="43" count="1" type="stmt"/>
        <line num="86" count="16" type="stmt"/>
        <line num="114" count="2" type="stmt"/>
      </file>
      <file name="profile.tsx" path="/Users/douglassiteflow/dev/saleflow/frontend/src/pages/profile.tsx">
        <metrics statements="7" coveredstatements="7" conditionals="10" coveredconditionals="10" methods="3" coveredmethods="3"/>
        <line num="8" count="14" type="stmt"/>
        <line num="9" count="14" type="stmt"/>
        <line num="10" count="14" type="stmt"/>
        <line num="11" count="14" type="stmt"/>
        <line num="14" count="1" type="stmt"/>
        <line num="18" count="1" type="stmt"/>
        <line num="21" count="14" type="stmt"/>
      </file>
    </package>
  </project>
</coverage>
