{"/Users/douglassiteflow/dev/saleflow/frontend/src/app.tsx": {"path":"/Users/douglassiteflow/dev/saleflow/frontend/src/app.tsx","statementMap":{"0":{"start":{"line":16,"column":20},"end":{"line":18,"column":2}},"1":{"start":{"line":21,"column":2},"end":{"line":44,"column":null}}},"fnMap":{"0":{"name":"App","decl":{"start":{"line":20,"column":16},"end":{"line":20,"column":22}},"loc":{"start":{"line":20,"column":22},"end":{"line":44,"column":null}},"line":20}},"branchMap":{},"s":{"0":1,"1":3},"f":{"0":3},"b":{},"meta":{"lastBranch":0,"lastFunction":1,"lastStatement":2,"seen":{"s:16:20:18:2":0,"f:20:16:20:22":0,"s:21:2:44:Infinity":1}}}
,"/Users/douglassiteflow/dev/saleflow/frontend/src/api/admin.ts": {"path":"/Users/douglassiteflow/dev/saleflow/frontend/src/api/admin.ts","statementMap":{"0":{"start":{"line":6,"column":2},"end":{"line":9,"column":null}},"1":{"start":{"line":8,"column":4},"end":{"line":8,"column":null}},"2":{"start":{"line":13,"column":2},"end":{"line":16,"column":null}},"3":{"start":{"line":15,"column":4},"end":{"line":15,"column":null}},"4":{"start":{"line":27,"column":8},"end":{"line":27,"column":38}},"5":{"start":{"line":29,"column":2},"end":{"line":38,"column":null}},"6":{"start":{"line":30,"column":17},"end":{"line":34,"column":8}},"7":{"start":{"line":36,"column":6},"end":{"line":36,"column":null}},"8":{"start":{"line":42,"column":8},"end":{"line":42,"column":38}},"9":{"start":{"line":44,"column":2},"end":{"line":49,"column":null}},"10":{"start":{"line":45,"column":17},"end":{"line":45,"column":84}},"11":{"start":{"line":47,"column":6},"end":{"line":47,"column":null}}},"fnMap":{"0":{"name":"useAdminStats","decl":{"start":{"line":5,"column":16},"end":{"line":5,"column":32}},"loc":{"start":{"line":5,"column":32},"end":{"line":9,"column":null}},"line":5},"1":{"name":"(anonymous_1)","decl":{"start":{"line":8,"column":4},"end":{"line":8,"column":19}},"loc":{"start":{"line":8,"column":4},"end":{"line":8,"column":null}},"line":8},"2":{"name":"useAdminUsers","decl":{"start":{"line":12,"column":16},"end":{"line":12,"column":32}},"loc":{"start":{"line":12,"column":32},"end":{"line":16,"column":null}},"line":12},"3":{"name":"(anonymous_3)","decl":{"start":{"line":15,"column":4},"end":{"line":15,"column":19}},"loc":{"start":{"line":15,"column":4},"end":{"line":15,"column":null}},"line":15},"4":{"name":"useCreateUser","decl":{"start":{"line":26,"column":16},"end":{"line":26,"column":32}},"loc":{"start":{"line":26,"column":32},"end":{"line":38,"column":null}},"line":26},"5":{"name":"(anonymous_5)","decl":{"start":{"line":30,"column":4},"end":{"line":30,"column":17}},"loc":{"start":{"line":30,"column":17},"end":{"line":34,"column":8}},"line":30},"6":{"name":"(anonymous_6)","decl":{"start":{"line":35,"column":4},"end":{"line":35,"column":21}},"loc":{"start":{"line":35,"column":21},"end":{"line":36,"column":null}},"line":35},"7":{"name":"useImportLeads","decl":{"start":{"line":41,"column":16},"end":{"line":41,"column":33}},"loc":{"start":{"line":41,"column":33},"end":{"line":49,"column":null}},"line":41},"8":{"name":"(anonymous_8)","decl":{"start":{"line":45,"column":4},"end":{"line":45,"column":17}},"loc":{"start":{"line":45,"column":17},"end":{"line":45,"column":84}},"line":45},"9":{"name":"(anonymous_9)","decl":{"start":{"line":46,"column":4},"end":{"line":46,"column":21}},"loc":{"start":{"line":46,"column":21},"end":{"line":47,"column":null}},"line":46}},"branchMap":{},"s":{"0":2,"1":1,"2":2,"3":1,"4":2,"5":2,"6":1,"7":1,"8":2,"9":2,"10":1,"11":1},"f":{"0":2,"1":1,"2":2,"3":1,"4":2,"5":1,"6":1,"7":2,"8":1,"9":1},"b":{},"meta":{"lastBranch":0,"lastFunction":10,"lastStatement":12,"seen":{"f:5:16:5:32":0,"s:6:2:9:Infinity":0,"f:8:4:8:19":1,"s:8:4:8:Infinity":1,"f:12:16:12:32":2,"s:13:2:16:Infinity":2,"f:15:4:15:19":3,"s:15:4:15:Infinity":3,"f:26:16:26:32":4,"s:27:8:27:38":4,"s:29:2:38:Infinity":5,"f:30:4:30:17":5,"s:30:17:34:8":6,"f:35:4:35:21":6,"s:36:6:36:Infinity":7,"f:41:16:41:33":7,"s:42:8:42:38":8,"s:44:2:49:Infinity":9,"f:45:4:45:17":8,"s:45:17:45:84":10,"f:46:4:46:21":9,"s:47:6:47:Infinity":11}}}
,"/Users/douglassiteflow/dev/saleflow/frontend/src/api/audit.ts": {"path":"/Users/douglassiteflow/dev/saleflow/frontend/src/api/audit.ts","statementMap":{"0":{"start":{"line":6,"column":17},"end":{"line":6,"column":38}},"1":{"start":{"line":7,"column":2},"end":{"line":7,"column":null}},"2":{"start":{"line":7,"column":24},"end":{"line":7,"column":null}},"3":{"start":{"line":8,"column":2},"end":{"line":8,"column":null}},"4":{"start":{"line":8,"column":23},"end":{"line":8,"column":null}},"5":{"start":{"line":9,"column":13},"end":{"line":9,"column":30}},"6":{"start":{"line":11,"column":2},"end":{"line":17,"column":null}},"7":{"start":{"line":14,"column":19},"end":{"line":14,"column":91}},"8":{"start":{"line":15,"column":6},"end":{"line":15,"column":null}}},"fnMap":{"0":{"name":"useAuditLogs","decl":{"start":{"line":5,"column":16},"end":{"line":5,"column":29}},"loc":{"start":{"line":5,"column":78},"end":{"line":17,"column":null}},"line":5},"1":{"name":"(anonymous_1)","decl":{"start":{"line":13,"column":13},"end":{"line":13,"column":25}},"loc":{"start":{"line":13,"column":25},"end":{"line":15,"column":null}},"line":13}},"branchMap":{"0":{"loc":{"start":{"line":7,"column":2},"end":{"line":7,"column":null}},"type":"if","locations":[{"start":{"line":7,"column":2},"end":{"line":7,"column":null}},{"start":{},"end":{}}],"line":7},"1":{"loc":{"start":{"line":8,"column":2},"end":{"line":8,"column":null}},"type":"if","locations":[{"start":{"line":8,"column":2},"end":{"line":8,"column":null}},{"start":{},"end":{}}],"line":8},"2":{"loc":{"start":{"line":14,"column":70},"end":{"line":14,"column":91}},"type":"cond-expr","locations":[{"start":{"line":14,"column":75},"end":{"line":14,"column":86}},{"start":{"line":14,"column":86},"end":{"line":14,"column":91}}],"line":14}},"s":{"0":8,"1":8,"2":4,"3":8,"4":4,"5":8,"6":8,"7":4,"8":4},"f":{"0":8,"1":4},"b":{"0":[4,4],"1":[4,4],"2":[3,1]},"meta":{"lastBranch":3,"lastFunction":2,"lastStatement":9,"seen":{"f:5:16:5:29":0,"s:6:17:6:38":0,"b:7:2:7:Infinity:undefined:undefined:undefined:undefined":0,"s:7:2:7:Infinity":1,"s:7:24:7:Infinity":2,"b:8:2:8:Infinity:undefined:undefined:undefined:undefined":1,"s:8:2:8:Infinity":3,"s:8:23:8:Infinity":4,"s:9:13:9:30":5,"s:11:2:17:Infinity":6,"f:13:13:13:25":1,"s:14:19:14:91":7,"b:14:75:14:86:14:86:14:91":2,"s:15:6:15:Infinity":8}}}
,"/Users/douglassiteflow/dev/saleflow/frontend/src/api/auth.ts": {"path":"/Users/douglassiteflow/dev/saleflow/frontend/src/api/auth.ts","statementMap":{"0":{"start":{"line":6,"column":2},"end":{"line":20,"column":null}},"1":{"start":{"line":9,"column":6},"end":{"line":15,"column":null}},"2":{"start":{"line":10,"column":8},"end":{"line":10,"column":null}},"3":{"start":{"line":12,"column":8},"end":{"line":13,"column":null}},"4":{"start":{"line":13,"column":10},"end":{"line":13,"column":null}},"5":{"start":{"line":15,"column":8},"end":{"line":15,"column":null}},"6":{"start":{"line":29,"column":2},"end":{"line":35,"column":null}},"7":{"start":{"line":30,"column":17},"end":{"line":34,"column":8}},"8":{"start":{"line":44,"column":8},"end":{"line":44,"column":38}},"9":{"start":{"line":46,"column":2},"end":{"line":55,"column":null}},"10":{"start":{"line":47,"column":17},"end":{"line":51,"column":8}},"11":{"start":{"line":53,"column":6},"end":{"line":53,"column":null}},"12":{"start":{"line":59,"column":2},"end":{"line":65,"column":null}},"13":{"start":{"line":60,"column":17},"end":{"line":64,"column":8}},"14":{"start":{"line":69,"column":8},"end":{"line":69,"column":38}},"15":{"start":{"line":71,"column":2},"end":{"line":79,"column":null}},"16":{"start":{"line":72,"column":4},"end":{"line":75,"column":8}},"17":{"start":{"line":77,"column":6},"end":{"line":77,"column":null}}},"fnMap":{"0":{"name":"useMe","decl":{"start":{"line":5,"column":16},"end":{"line":5,"column":24}},"loc":{"start":{"line":5,"column":24},"end":{"line":20,"column":null}},"line":5},"1":{"name":"(anonymous_1)","decl":{"start":{"line":8,"column":13},"end":{"line":8,"column":25}},"loc":{"start":{"line":8,"column":25},"end":{"line":15,"column":null}},"line":8},"2":{"name":"useLogin","decl":{"start":{"line":28,"column":16},"end":{"line":28,"column":27}},"loc":{"start":{"line":28,"column":27},"end":{"line":35,"column":null}},"line":28},"3":{"name":"(anonymous_3)","decl":{"start":{"line":30,"column":4},"end":{"line":30,"column":17}},"loc":{"start":{"line":30,"column":17},"end":{"line":34,"column":8}},"line":30},"4":{"name":"useVerifyOtp","decl":{"start":{"line":43,"column":16},"end":{"line":43,"column":31}},"loc":{"start":{"line":43,"column":31},"end":{"line":55,"column":null}},"line":43},"5":{"name":"(anonymous_5)","decl":{"start":{"line":47,"column":4},"end":{"line":47,"column":17}},"loc":{"start":{"line":47,"column":17},"end":{"line":51,"column":8}},"line":47},"6":{"name":"(anonymous_6)","decl":{"start":{"line":52,"column":4},"end":{"line":52,"column":16}},"loc":{"start":{"line":52,"column":25},"end":{"line":53,"column":null}},"line":52},"7":{"name":"useResendOtp","decl":{"start":{"line":58,"column":16},"end":{"line":58,"column":31}},"loc":{"start":{"line":58,"column":31},"end":{"line":65,"column":null}},"line":58},"8":{"name":"(anonymous_8)","decl":{"start":{"line":60,"column":4},"end":{"line":60,"column":17}},"loc":{"start":{"line":60,"column":17},"end":{"line":64,"column":8}},"line":60},"9":{"name":"useLogout","decl":{"start":{"line":68,"column":16},"end":{"line":68,"column":28}},"loc":{"start":{"line":68,"column":28},"end":{"line":79,"column":null}},"line":68},"10":{"name":"(anonymous_10)","decl":{"start":{"line":72,"column":4},"end":{"line":72,"column":null}},"loc":{"start":{"line":72,"column":4},"end":{"line":75,"column":8}},"line":72},"11":{"name":"(anonymous_11)","decl":{"start":{"line":76,"column":4},"end":{"line":76,"column":21}},"loc":{"start":{"line":76,"column":21},"end":{"line":77,"column":null}},"line":76}},"branchMap":{"0":{"loc":{"start":{"line":12,"column":8},"end":{"line":13,"column":null}},"type":"if","locations":[{"start":{"line":12,"column":8},"end":{"line":13,"column":null}},{"start":{},"end":{}}],"line":12},"1":{"loc":{"start":{"line":12,"column":12},"end":{"line":12,"column":59}},"type":"binary-expr","locations":[{"start":{"line":12,"column":12},"end":{"line":12,"column":39}},{"start":{"line":12,"column":39},"end":{"line":12,"column":59}}],"line":12}},"s":{"0":6,"1":3,"2":3,"3":2,"4":1,"5":1,"6":2,"7":1,"8":2,"9":2,"10":1,"11":1,"12":2,"13":1,"14":2,"15":2,"16":1,"17":1},"f":{"0":6,"1":3,"2":2,"3":1,"4":2,"5":1,"6":1,"7":2,"8":1,"9":2,"10":1,"11":1},"b":{"0":[1,1],"1":[2,2]},"meta":{"lastBranch":2,"lastFunction":12,"lastStatement":18,"seen":{"f:5:16:5:24":0,"s:6:2:20:Infinity":0,"f:8:13:8:25":1,"s:9:6:15:Infinity":1,"s:10:8:10:Infinity":2,"b:12:8:13:Infinity:undefined:undefined:undefined:undefined":0,"s:12:8:13:Infinity":3,"b:12:12:12:39:12:39:12:59":1,"s:13:10:13:Infinity":4,"s:15:8:15:Infinity":5,"f:28:16:28:27":2,"s:29:2:35:Infinity":6,"f:30:4:30:17":3,"s:30:17:34:8":7,"f:43:16:43:31":4,"s:44:8:44:38":8,"s:46:2:55:Infinity":9,"f:47:4:47:17":5,"s:47:17:51:8":10,"f:52:4:52:16":6,"s:53:6:53:Infinity":11,"f:58:16:58:31":7,"s:59:2:65:Infinity":12,"f:60:4:60:17":8,"s:60:17:64:8":13,"f:68:16:68:28":9,"s:69:8:69:38":14,"s:71:2:79:Infinity":15,"f:72:4:72:Infinity":10,"s:72:4:75:8":16,"f:76:4:76:21":11,"s:77:6:77:Infinity":17}}}
,"/Users/douglassiteflow/dev/saleflow/frontend/src/api/client.ts": {"path":"/Users/douglassiteflow/dev/saleflow/frontend/src/api/client.ts","statementMap":{"0":{"start":{"line":5,"column":4},"end":{"line":5,"column":null}},"1":{"start":{"line":6,"column":4},"end":{"line":6,"column":null}},"2":{"start":{"line":7,"column":4},"end":{"line":7,"column":null}},"3":{"start":{"line":15,"column":24},"end":{"line":18,"column":null}},"4":{"start":{"line":19,"column":41},"end":{"line":19,"column":54}},"5":{"start":{"line":20,"column":19},"end":{"line":24,"column":4}},"6":{"start":{"line":26,"column":2},"end":{"line":34,"column":null}},"7":{"start":{"line":27,"column":18},"end":{"line":27,"column":null}},"8":{"start":{"line":28,"column":4},"end":{"line":31,"column":null}},"9":{"start":{"line":29,"column":20},"end":{"line":29,"column":41}},"10":{"start":{"line":30,"column":6},"end":{"line":30,"column":null}},"11":{"start":{"line":34,"column":4},"end":{"line":34,"column":null}},"12":{"start":{"line":37,"column":2},"end":{"line":37,"column":null}},"13":{"start":{"line":44,"column":19},"end":{"line":48,"column":4}},"14":{"start":{"line":50,"column":2},"end":{"line":58,"column":null}},"15":{"start":{"line":51,"column":18},"end":{"line":51,"column":null}},"16":{"start":{"line":52,"column":4},"end":{"line":55,"column":null}},"17":{"start":{"line":53,"column":20},"end":{"line":53,"column":41}},"18":{"start":{"line":54,"column":6},"end":{"line":54,"column":null}},"19":{"start":{"line":58,"column":4},"end":{"line":58,"column":null}},"20":{"start":{"line":61,"column":2},"end":{"line":61,"column":null}}},"fnMap":{"0":{"name":"(anonymous_0)","decl":{"start":{"line":4,"column":2},"end":{"line":4,"column":14}},"loc":{"start":{"line":4,"column":47},"end":{"line":7,"column":null}},"line":4},"1":{"name":"api","decl":{"start":{"line":11,"column":22},"end":{"line":11,"column":null}},"loc":{"start":{"line":14,"column":14},"end":{"line":37,"column":null}},"line":14},"2":{"name":"apiUpload","decl":{"start":{"line":40,"column":22},"end":{"line":40,"column":null}},"loc":{"start":{"line":43,"column":14},"end":{"line":61,"column":null}},"line":43}},"branchMap":{"0":{"loc":{"start":{"line":19,"column":41},"end":{"line":19,"column":54}},"type":"binary-expr","locations":[{"start":{"line":19,"column":41},"end":{"line":19,"column":52}},{"start":{"line":19,"column":52},"end":{"line":19,"column":54}}],"line":19},"1":{"loc":{"start":{"line":26,"column":2},"end":{"line":34,"column":null}},"type":"if","locations":[{"start":{"line":26,"column":2},"end":{"line":34,"column":null}},{"start":{},"end":{}}],"line":26},"2":{"loc":{"start":{"line":30,"column":16},"end":{"line":30,"column":null}},"type":"binary-expr","locations":[{"start":{"line":30,"column":16},"end":{"line":30,"column":30}},{"start":{"line":30,"column":30},"end":{"line":30,"column":46}},{"start":{"line":30,"column":46},"end":{"line":30,"column":null}}],"line":30},"3":{"loc":{"start":{"line":50,"column":2},"end":{"line":58,"column":null}},"type":"if","locations":[{"start":{"line":50,"column":2},"end":{"line":58,"column":null}},{"start":{},"end":{}}],"line":50},"4":{"loc":{"start":{"line":54,"column":16},"end":{"line":54,"column":null}},"type":"binary-expr","locations":[{"start":{"line":54,"column":16},"end":{"line":54,"column":30}},{"start":{"line":54,"column":30},"end":{"line":54,"column":46}},{"start":{"line":54,"column":46},"end":{"line":54,"column":null}}],"line":54}},"s":{"0":12,"1":12,"2":12,"3":37,"4":37,"5":37,"6":37,"7":7,"8":7,"9":7,"10":6,"11":7,"12":30,"13":6,"14":6,"15":4,"16":4,"17":4,"18":3,"19":4,"20":2},"f":{"0":12,"1":37,"2":6},"b":{"0":[37,23],"1":[7,30],"2":[6,2,1],"3":[4,2],"4":[3,2,1]},"meta":{"lastBranch":5,"lastFunction":3,"lastStatement":21,"seen":{"f:4:2:4:14":0,"s:5:4:5:Infinity":0,"s:6:4:6:Infinity":1,"s:7:4:7:Infinity":2,"f:11:22:11:Infinity":1,"s:15:24:18:Infinity":3,"s:19:41:19:54":4,"b:19:41:19:52:19:52:19:54":0,"s:20:19:24:4":5,"b:26:2:34:Infinity:undefined:undefined:undefined:undefined":1,"s:26:2:34:Infinity":6,"s:27:18:27:Infinity":7,"s:28:4:31:Infinity":8,"s:29:20:29:41":9,"s:30:6:30:Infinity":10,"b:30:16:30:30:30:30:30:46:30:46:30:Infinity":2,"s:34:4:34:Infinity":11,"s:37:2:37:Infinity":12,"f:40:22:40:Infinity":2,"s:44:19:48:4":13,"b:50:2:58:Infinity:undefined:undefined:undefined:undefined":3,"s:50:2:58:Infinity":14,"s:51:18:51:Infinity":15,"s:52:4:55:Infinity":16,"s:53:20:53:41":17,"s:54:6:54:Infinity":18,"b:54:16:54:30:54:30:54:46:54:46:54:Infinity":4,"s:58:4:58:Infinity":19,"s:61:2:61:Infinity":20}}}
,"/Users/douglassiteflow/dev/saleflow/frontend/src/api/leads.ts": {"path":"/Users/douglassiteflow/dev/saleflow/frontend/src/api/leads.ts","statementMap":{"0":{"start":{"line":16,"column":2},"end":{"line":24,"column":null}},"1":{"start":{"line":19,"column":18},"end":{"line":21,"column":null}},"2":{"start":{"line":22,"column":6},"end":{"line":22,"column":null}},"3":{"start":{"line":28,"column":2},"end":{"line":32,"column":null}},"4":{"start":{"line":30,"column":4},"end":{"line":30,"column":48}},"5":{"start":{"line":36,"column":8},"end":{"line":36,"column":38}},"6":{"start":{"line":38,"column":2},"end":{"line":46,"column":null}},"7":{"start":{"line":39,"column":4},"end":{"line":42,"column":8}},"8":{"start":{"line":44,"column":6},"end":{"line":44,"column":null}},"9":{"start":{"line":50,"column":8},"end":{"line":50,"column":38}},"10":{"start":{"line":52,"column":2},"end":{"line":62,"column":null}},"11":{"start":{"line":53,"column":17},"end":{"line":57,"column":8}},"12":{"start":{"line":59,"column":6},"end":{"line":59,"column":null}},"13":{"start":{"line":60,"column":6},"end":{"line":60,"column":null}}},"fnMap":{"0":{"name":"useLeads","decl":{"start":{"line":15,"column":16},"end":{"line":15,"column":25}},"loc":{"start":{"line":15,"column":42},"end":{"line":24,"column":null}},"line":15},"1":{"name":"(anonymous_1)","decl":{"start":{"line":18,"column":4},"end":{"line":18,"column":19}},"loc":{"start":{"line":18,"column":19},"end":{"line":22,"column":null}},"line":18},"2":{"name":"useLeadDetail","decl":{"start":{"line":27,"column":16},"end":{"line":27,"column":30}},"loc":{"start":{"line":27,"column":61},"end":{"line":32,"column":null}},"line":27},"3":{"name":"(anonymous_3)","decl":{"start":{"line":30,"column":4},"end":{"line":30,"column":19}},"loc":{"start":{"line":30,"column":4},"end":{"line":30,"column":48}},"line":30},"4":{"name":"useNextLead","decl":{"start":{"line":35,"column":16},"end":{"line":35,"column":30}},"loc":{"start":{"line":35,"column":30},"end":{"line":46,"column":null}},"line":35},"5":{"name":"(anonymous_5)","decl":{"start":{"line":39,"column":4},"end":{"line":39,"column":null}},"loc":{"start":{"line":39,"column":4},"end":{"line":42,"column":8}},"line":39},"6":{"name":"(anonymous_6)","decl":{"start":{"line":43,"column":4},"end":{"line":43,"column":21}},"loc":{"start":{"line":43,"column":21},"end":{"line":44,"column":null}},"line":43},"7":{"name":"useSubmitOutcome","decl":{"start":{"line":49,"column":16},"end":{"line":49,"column":33}},"loc":{"start":{"line":49,"column":49},"end":{"line":62,"column":null}},"line":49},"8":{"name":"(anonymous_8)","decl":{"start":{"line":53,"column":4},"end":{"line":53,"column":17}},"loc":{"start":{"line":53,"column":17},"end":{"line":57,"column":8}},"line":53},"9":{"name":"(anonymous_9)","decl":{"start":{"line":58,"column":4},"end":{"line":58,"column":21}},"loc":{"start":{"line":58,"column":21},"end":{"line":60,"column":null}},"line":58}},"branchMap":{"0":{"loc":{"start":{"line":17,"column":32},"end":{"line":17,"column":45}},"type":"binary-expr","locations":[{"start":{"line":17,"column":32},"end":{"line":17,"column":42}},{"start":{"line":17,"column":42},"end":{"line":17,"column":45}}],"line":17},"1":{"loc":{"start":{"line":19,"column":18},"end":{"line":21,"column":null}},"type":"cond-expr","locations":[{"start":{"line":20,"column":10},"end":{"line":20,"column":null}},{"start":{"line":21,"column":10},"end":{"line":21,"column":null}}],"line":19}},"s":{"0":8,"1":4,"2":4,"3":4,"4":1,"5":2,"6":2,"7":1,"8":1,"9":2,"10":2,"11":1,"12":1,"13":1},"f":{"0":8,"1":4,"2":4,"3":1,"4":2,"5":1,"6":1,"7":2,"8":1,"9":1},"b":{"0":[8,2],"1":[2,2]},"meta":{"lastBranch":2,"lastFunction":10,"lastStatement":14,"seen":{"f:15:16:15:25":0,"s:16:2:24:Infinity":0,"b:17:32:17:42:17:42:17:45":0,"f:18:4:18:19":1,"s:19:18:21:Infinity":1,"b:20:10:20:Infinity:21:10:21:Infinity":1,"s:22:6:22:Infinity":2,"f:27:16:27:30":2,"s:28:2:32:Infinity":3,"f:30:4:30:19":3,"s:30:4:30:48":4,"f:35:16:35:30":4,"s:36:8:36:38":5,"s:38:2:46:Infinity":6,"f:39:4:39:Infinity":5,"s:39:4:42:8":7,"f:43:4:43:21":6,"s:44:6:44:Infinity":8,"f:49:16:49:33":7,"s:50:8:50:38":9,"s:52:2:62:Infinity":10,"f:53:4:53:17":8,"s:53:17:57:8":11,"f:58:4:58:21":9,"s:59:6:59:Infinity":12,"s:60:6:60:Infinity":13}}}
,"/Users/douglassiteflow/dev/saleflow/frontend/src/api/meetings.ts": {"path":"/Users/douglassiteflow/dev/saleflow/frontend/src/api/meetings.ts","statementMap":{"0":{"start":{"line":6,"column":2},"end":{"line":9,"column":null}},"1":{"start":{"line":8,"column":4},"end":{"line":8,"column":null}},"2":{"start":{"line":20,"column":8},"end":{"line":20,"column":38}},"3":{"start":{"line":22,"column":2},"end":{"line":31,"column":null}},"4":{"start":{"line":23,"column":17},"end":{"line":27,"column":8}},"5":{"start":{"line":29,"column":6},"end":{"line":29,"column":null}},"6":{"start":{"line":35,"column":8},"end":{"line":35,"column":38}},"7":{"start":{"line":37,"column":2},"end":{"line":45,"column":null}},"8":{"start":{"line":38,"column":17},"end":{"line":41,"column":8}},"9":{"start":{"line":43,"column":6},"end":{"line":43,"column":null}}},"fnMap":{"0":{"name":"useMeetings","decl":{"start":{"line":5,"column":16},"end":{"line":5,"column":30}},"loc":{"start":{"line":5,"column":30},"end":{"line":9,"column":null}},"line":5},"1":{"name":"(anonymous_1)","decl":{"start":{"line":8,"column":4},"end":{"line":8,"column":19}},"loc":{"start":{"line":8,"column":4},"end":{"line":8,"column":null}},"line":8},"2":{"name":"useCreateMeeting","decl":{"start":{"line":19,"column":16},"end":{"line":19,"column":35}},"loc":{"start":{"line":19,"column":35},"end":{"line":31,"column":null}},"line":19},"3":{"name":"(anonymous_3)","decl":{"start":{"line":23,"column":4},"end":{"line":23,"column":17}},"loc":{"start":{"line":23,"column":17},"end":{"line":27,"column":8}},"line":23},"4":{"name":"(anonymous_4)","decl":{"start":{"line":28,"column":4},"end":{"line":28,"column":21}},"loc":{"start":{"line":28,"column":21},"end":{"line":29,"column":null}},"line":28},"5":{"name":"useCancelMeeting","decl":{"start":{"line":34,"column":16},"end":{"line":34,"column":35}},"loc":{"start":{"line":34,"column":35},"end":{"line":45,"column":null}},"line":34},"6":{"name":"(anonymous_6)","decl":{"start":{"line":38,"column":4},"end":{"line":38,"column":17}},"loc":{"start":{"line":38,"column":17},"end":{"line":41,"column":8}},"line":38},"7":{"name":"(anonymous_7)","decl":{"start":{"line":42,"column":4},"end":{"line":42,"column":21}},"loc":{"start":{"line":42,"column":21},"end":{"line":43,"column":null}},"line":42}},"branchMap":{},"s":{"0":2,"1":1,"2":2,"3":2,"4":1,"5":1,"6":2,"7":2,"8":1,"9":1},"f":{"0":2,"1":1,"2":2,"3":1,"4":1,"5":2,"6":1,"7":1},"b":{},"meta":{"lastBranch":0,"lastFunction":8,"lastStatement":10,"seen":{"f:5:16:5:30":0,"s:6:2:9:Infinity":0,"f:8:4:8:19":1,"s:8:4:8:Infinity":1,"f:19:16:19:35":2,"s:20:8:20:38":2,"s:22:2:31:Infinity":3,"f:23:4:23:17":3,"s:23:17:27:8":4,"f:28:4:28:21":4,"s:29:6:29:Infinity":5,"f:34:16:34:35":5,"s:35:8:35:38":6,"s:37:2:45:Infinity":7,"f:38:4:38:17":6,"s:38:17:41:8":8,"f:42:4:42:21":7,"s:43:6:43:Infinity":9}}}
,"/Users/douglassiteflow/dev/saleflow/frontend/src/api/sessions.ts": {"path":"/Users/douglassiteflow/dev/saleflow/frontend/src/api/sessions.ts","statementMap":{"0":{"start":{"line":6,"column":2},"end":{"line":12,"column":null}},"1":{"start":{"line":9,"column":19},"end":{"line":9,"column":80}},"2":{"start":{"line":10,"column":6},"end":{"line":10,"column":null}},"3":{"start":{"line":16,"column":8},"end":{"line":16,"column":38}},"4":{"start":{"line":18,"column":2},"end":{"line":26,"column":null}},"5":{"start":{"line":19,"column":4},"end":{"line":22,"column":8}},"6":{"start":{"line":24,"column":6},"end":{"line":24,"column":null}},"7":{"start":{"line":30,"column":2},"end":{"line":39,"column":null}},"8":{"start":{"line":33,"column":19},"end":{"line":34,"column":null}},"9":{"start":{"line":36,"column":6},"end":{"line":36,"column":null}},"10":{"start":{"line":43,"column":8},"end":{"line":43,"column":38}},"11":{"start":{"line":45,"column":2},"end":{"line":53,"column":null}},"12":{"start":{"line":46,"column":17},"end":{"line":49,"column":8}},"13":{"start":{"line":51,"column":6},"end":{"line":51,"column":null}},"14":{"start":{"line":57,"column":8},"end":{"line":57,"column":38}},"15":{"start":{"line":59,"column":2},"end":{"line":68,"column":null}},"16":{"start":{"line":60,"column":17},"end":{"line":63,"column":8}},"17":{"start":{"line":65,"column":6},"end":{"line":65,"column":null}},"18":{"start":{"line":66,"column":6},"end":{"line":66,"column":null}}},"fnMap":{"0":{"name":"useMySessions","decl":{"start":{"line":5,"column":16},"end":{"line":5,"column":32}},"loc":{"start":{"line":5,"column":32},"end":{"line":12,"column":null}},"line":5},"1":{"name":"(anonymous_1)","decl":{"start":{"line":8,"column":13},"end":{"line":8,"column":25}},"loc":{"start":{"line":8,"column":25},"end":{"line":10,"column":null}},"line":8},"2":{"name":"useLogoutAll","decl":{"start":{"line":15,"column":16},"end":{"line":15,"column":31}},"loc":{"start":{"line":15,"column":31},"end":{"line":26,"column":null}},"line":15},"3":{"name":"(anonymous_3)","decl":{"start":{"line":19,"column":4},"end":{"line":19,"column":null}},"loc":{"start":{"line":19,"column":4},"end":{"line":22,"column":8}},"line":19},"4":{"name":"(anonymous_4)","decl":{"start":{"line":23,"column":4},"end":{"line":23,"column":21}},"loc":{"start":{"line":23,"column":21},"end":{"line":24,"column":null}},"line":23},"5":{"name":"useUserSessions","decl":{"start":{"line":29,"column":16},"end":{"line":29,"column":32}},"loc":{"start":{"line":29,"column":48},"end":{"line":39,"column":null}},"line":29},"6":{"name":"(anonymous_6)","decl":{"start":{"line":32,"column":13},"end":{"line":32,"column":25}},"loc":{"start":{"line":32,"column":25},"end":{"line":36,"column":null}},"line":32},"7":{"name":"useForceLogoutUser","decl":{"start":{"line":42,"column":16},"end":{"line":42,"column":37}},"loc":{"start":{"line":42,"column":37},"end":{"line":53,"column":null}},"line":42},"8":{"name":"(anonymous_8)","decl":{"start":{"line":46,"column":4},"end":{"line":46,"column":17}},"loc":{"start":{"line":46,"column":17},"end":{"line":49,"column":8}},"line":46},"9":{"name":"(anonymous_9)","decl":{"start":{"line":50,"column":4},"end":{"line":50,"column":21}},"loc":{"start":{"line":50,"column":21},"end":{"line":51,"column":null}},"line":50},"10":{"name":"useForceLogoutSession","decl":{"start":{"line":56,"column":16},"end":{"line":56,"column":40}},"loc":{"start":{"line":56,"column":40},"end":{"line":68,"column":null}},"line":56},"11":{"name":"(anonymous_11)","decl":{"start":{"line":60,"column":4},"end":{"line":60,"column":17}},"loc":{"start":{"line":60,"column":17},"end":{"line":63,"column":8}},"line":60},"12":{"name":"(anonymous_12)","decl":{"start":{"line":64,"column":4},"end":{"line":64,"column":21}},"loc":{"start":{"line":64,"column":21},"end":{"line":66,"column":null}},"line":64}},"branchMap":{},"s":{"0":2,"1":1,"2":1,"3":2,"4":2,"5":1,"6":1,"7":3,"8":1,"9":1,"10":2,"11":2,"12":1,"13":1,"14":2,"15":2,"16":1,"17":1,"18":1},"f":{"0":2,"1":1,"2":2,"3":1,"4":1,"5":3,"6":1,"7":2,"8":1,"9":1,"10":2,"11":1,"12":1},"b":{},"meta":{"lastBranch":0,"lastFunction":13,"lastStatement":19,"seen":{"f:5:16:5:32":0,"s:6:2:12:Infinity":0,"f:8:13:8:25":1,"s:9:19:9:80":1,"s:10:6:10:Infinity":2,"f:15:16:15:31":2,"s:16:8:16:38":3,"s:18:2:26:Infinity":4,"f:19:4:19:Infinity":3,"s:19:4:22:8":5,"f:23:4:23:21":4,"s:24:6:24:Infinity":6,"f:29:16:29:32":5,"s:30:2:39:Infinity":7,"f:32:13:32:25":6,"s:33:19:34:Infinity":8,"s:36:6:36:Infinity":9,"f:42:16:42:37":7,"s:43:8:43:38":10,"s:45:2:53:Infinity":11,"f:46:4:46:17":8,"s:46:17:49:8":12,"f:50:4:50:21":9,"s:51:6:51:Infinity":13,"f:56:16:56:40":10,"s:57:8:57:38":14,"s:59:2:68:Infinity":15,"f:60:4:60:17":11,"s:60:17:63:8":16,"f:64:4:64:21":12,"s:65:6:65:Infinity":17,"s:66:6:66:Infinity":18}}}
,"/Users/douglassiteflow/dev/saleflow/frontend/src/components/history-timeline.tsx": {"path":"/Users/douglassiteflow/dev/saleflow/frontend/src/components/history-timeline.tsx","statementMap":{"0":{"start":{"line":11,"column":2},"end":{"line":11,"column":null}},"1":{"start":{"line":11,"column":29},"end":{"line":11,"column":null}},"2":{"start":{"line":12,"column":2},"end":{"line":12,"column":null}},"3":{"start":{"line":20,"column":46},"end":{"line":27,"column":null}},"4":{"start":{"line":30,"column":35},"end":{"line":37,"column":null}},"5":{"start":{"line":31,"column":43},"end":{"line":31,"column":70}},"6":{"start":{"line":32,"column":44},"end":{"line":32,"column":72}},"7":{"start":{"line":34,"column":15},"end":{"line":34,"column":50}},"8":{"start":{"line":35,"column":15},"end":{"line":35,"column":50}},"9":{"start":{"line":36,"column":4},"end":{"line":36,"column":null}},"10":{"start":{"line":39,"column":2},"end":{"line":108,"column":null}},"11":{"start":{"line":50,"column":27},"end":{"line":50,"column":null}},"12":{"start":{"line":51,"column":30},"end":{"line":51,"column":49}},"13":{"start":{"line":53,"column":12},"end":{"line":103,"column":null}}},"fnMap":{"0":{"name":"getTimestamp","decl":{"start":{"line":10,"column":9},"end":{"line":10,"column":22}},"loc":{"start":{"line":10,"column":52},"end":{"line":12,"column":null}},"line":10},"1":{"name":"HistoryTimeline","decl":{"start":{"line":29,"column":16},"end":{"line":29,"column":32}},"loc":{"start":{"line":29,"column":89},"end":{"line":108,"column":null}},"line":29},"2":{"name":"(anonymous_2)","decl":{"start":{"line":31,"column":16},"end":{"line":31,"column":21}},"loc":{"start":{"line":31,"column":43},"end":{"line":31,"column":70}},"line":31},"3":{"name":"(anonymous_3)","decl":{"start":{"line":32,"column":17},"end":{"line":32,"column":22}},"loc":{"start":{"line":32,"column":44},"end":{"line":32,"column":72}},"line":32},"4":{"name":"(anonymous_4)","decl":{"start":{"line":33,"column":4},"end":{"line":33,"column":10}},"loc":{"start":{"line":33,"column":19},"end":{"line":37,"column":null}},"line":33},"5":{"name":"(anonymous_5)","decl":{"start":{"line":49,"column":19},"end":{"line":49,"column":24}},"loc":{"start":{"line":49,"column":39},"end":{"line":103,"column":null}},"line":49}},"branchMap":{"0":{"loc":{"start":{"line":11,"column":2},"end":{"line":11,"column":null}},"type":"if","locations":[{"start":{"line":11,"column":2},"end":{"line":11,"column":null}},{"start":{},"end":{}}],"line":11},"1":{"loc":{"start":{"line":29,"column":34},"end":{"line":29,"column":47}},"type":"default-arg","locations":[{"start":{"line":29,"column":45},"end":{"line":29,"column":47}}],"line":29},"2":{"loc":{"start":{"line":29,"column":49},"end":{"line":29,"column":63}},"type":"default-arg","locations":[{"start":{"line":29,"column":61},"end":{"line":29,"column":63}}],"line":29},"3":{"loc":{"start":{"line":43,"column":7},"end":{"line":108,"column":null}},"type":"cond-expr","locations":[{"start":{"line":44,"column":8},"end":{"line":48,"column":9}},{"start":{"line":48,"column":8},"end":{"line":108,"column":null}}],"line":43},"4":{"loc":{"start":{"line":56,"column":17},"end":{"line":60,"column":null}},"type":"binary-expr","locations":[{"start":{"line":56,"column":17},"end":{"line":56,"column":null}},{"start":{"line":57,"column":18},"end":{"line":60,"column":null}}],"line":56},"5":{"loc":{"start":{"line":67,"column":20},"end":{"line":67,"column":null}},"type":"cond-expr","locations":[{"start":{"line":67,"column":29},"end":{"line":67,"column":47}},{"start":{"line":67,"column":47},"end":{"line":67,"column":null}}],"line":67},"6":{"loc":{"start":{"line":75,"column":23},"end":{"line":77,"column":null}},"type":"cond-expr","locations":[{"start":{"line":76,"column":26},"end":{"line":76,"column":null}},{"start":{"line":77,"column":26},"end":{"line":77,"column":null}}],"line":75},"7":{"loc":{"start":{"line":76,"column":26},"end":{"line":76,"column":null}},"type":"binary-expr","locations":[{"start":{"line":76,"column":26},"end":{"line":76,"column":69}},{"start":{"line":76,"column":69},"end":{"line":76,"column":null}}],"line":76},"8":{"loc":{"start":{"line":76,"column":40},"end":{"line":76,"column":69}},"type":"binary-expr","locations":[{"start":{"line":76,"column":40},"end":{"line":76,"column":62}},{"start":{"line":76,"column":62},"end":{"line":76,"column":69}}],"line":76},"9":{"loc":{"start":{"line":82,"column":21},"end":{"line":84,"column":null}},"type":"binary-expr","locations":[{"start":{"line":82,"column":21},"end":{"line":82,"column":31}},{"start":{"line":82,"column":31},"end":{"line":82,"column":null}},{"start":{"line":83,"column":22},"end":{"line":84,"column":null}}],"line":82},"10":{"loc":{"start":{"line":89,"column":19},"end":{"line":92,"column":null}},"type":"binary-expr","locations":[{"start":{"line":89,"column":19},"end":{"line":89,"column":29}},{"start":{"line":89,"column":29},"end":{"line":89,"column":null}},{"start":{"line":90,"column":20},"end":{"line":92,"column":null}}],"line":89},"11":{"loc":{"start":{"line":95,"column":19},"end":{"line":100,"column":null}},"type":"binary-expr","locations":[{"start":{"line":95,"column":19},"end":{"line":95,"column":null}},{"start":{"line":96,"column":20},"end":{"line":96,"column":null}},{"start":{"line":97,"column":20},"end":{"line":97,"column":null}},{"start":{"line":98,"column":22},"end":{"line":100,"column":null}}],"line":95}},"s":{"0":14,"1":8,"2":6,"3":4,"4":20,"5":7,"6":5,"7":1,"8":1,"9":1,"10":20,"11":12,"12":12,"13":12},"f":{"0":14,"1":20,"2":7,"3":5,"4":1,"5":12},"b":{"0":[8,6],"1":[20],"2":[20],"3":[9,11],"4":[12,1],"5":[7,5],"6":[7,5],"7":[7,1],"8":[7,1],"9":[12,7,6],"10":[12,7,6],"11":[12,5,4,3]},"meta":{"lastBranch":12,"lastFunction":6,"lastStatement":14,"seen":{"f:10:9:10:22":0,"b:11:2:11:Infinity:undefined:undefined:undefined:undefined":0,"s:11:2:11:Infinity":0,"s:11:29:11:Infinity":1,"s:12:2:12:Infinity":2,"s:20:46:27:Infinity":3,"f:29:16:29:32":1,"b:29:45:29:47":1,"b:29:61:29:63":2,"s:30:35:37:Infinity":4,"f:31:16:31:21":2,"s:31:43:31:70":5,"f:32:17:32:22":3,"s:32:44:32:72":6,"f:33:4:33:10":4,"s:34:15:34:50":7,"s:35:15:35:50":8,"s:36:4:36:Infinity":9,"s:39:2:108:Infinity":10,"b:44:8:48:9:48:8:108:Infinity":3,"f:49:19:49:24":5,"s:50:27:50:Infinity":11,"s:51:30:51:49":12,"s:53:12:103:Infinity":13,"b:56:17:56:Infinity:57:18:60:Infinity":4,"b:67:29:67:47:67:47:67:Infinity":5,"b:76:26:76:Infinity:77:26:77:Infinity":6,"b:76:26:76:69:76:69:76:Infinity":7,"b:76:40:76:62:76:62:76:69":8,"b:82:21:82:31:82:31:82:Infinity:83:22:84:Infinity":9,"b:89:19:89:29:89:29:89:Infinity:90:20:92:Infinity":10,"b:95:19:95:Infinity:96:20:96:Infinity:97:20:97:Infinity:98:22:100:Infinity":11}}}
,"/Users/douglassiteflow/dev/saleflow/frontend/src/components/layout.tsx": {"path":"/Users/douglassiteflow/dev/saleflow/frontend/src/components/layout.tsx","statementMap":{"0":{"start":{"line":6,"column":2},"end":{"line":25,"column":null}}},"fnMap":{"0":{"name":"Layout","decl":{"start":{"line":5,"column":16},"end":{"line":5,"column":25}},"loc":{"start":{"line":5,"column":25},"end":{"line":25,"column":null}},"line":5}},"branchMap":{},"s":{"0":1},"f":{"0":1},"b":{},"meta":{"lastBranch":0,"lastFunction":1,"lastStatement":1,"seen":{"f:5:16:5:25":0,"s:6:2:25:Infinity":0}}}
,"/Users/douglassiteflow/dev/saleflow/frontend/src/components/lead-info.tsx": {"path":"/Users/douglassiteflow/dev/saleflow/frontend/src/components/lead-info.tsx","statementMap":{"0":{"start":{"line":14,"column":2},"end":{"line":14,"column":null}},"1":{"start":{"line":14,"column":61},"end":{"line":14,"column":null}},"2":{"start":{"line":15,"column":2},"end":{"line":27,"column":null}},"3":{"start":{"line":37,"column":18},"end":{"line":37,"column":77}},"4":{"start":{"line":41,"column":14},"end":{"line":41,"column":null}},"5":{"start":{"line":54,"column":2},"end":{"line":111,"column":null}}},"fnMap":{"0":{"name":"InfoRow","decl":{"start":{"line":13,"column":9},"end":{"line":13,"column":17}},"loc":{"start":{"line":13,"column":55},"end":{"line":27,"column":null}},"line":13},"1":{"name":"LeadInfo","decl":{"start":{"line":36,"column":16},"end":{"line":36,"column":25}},"loc":{"start":{"line":36,"column":50},"end":{"line":111,"column":null}},"line":36}},"branchMap":{"0":{"loc":{"start":{"line":14,"column":2},"end":{"line":14,"column":null}},"type":"if","locations":[{"start":{"line":14,"column":2},"end":{"line":14,"column":null}},{"start":{},"end":{}}],"line":14},"1":{"loc":{"start":{"line":14,"column":6},"end":{"line":14,"column":61}},"type":"binary-expr","locations":[{"start":{"line":14,"column":6},"end":{"line":14,"column":24}},{"start":{"line":14,"column":24},"end":{"line":14,"column":47}},{"start":{"line":14,"column":47},"end":{"line":14,"column":61}}],"line":14},"2":{"loc":{"start":{"line":23,"column":10},"end":{"line":23,"column":null}},"type":"binary-expr","locations":[{"start":{"line":23,"column":10},"end":{"line":23,"column":18}},{"start":{"line":23,"column":18},"end":{"line":23,"column":null}}],"line":23},"3":{"loc":{"start":{"line":57,"column":20},"end":{"line":57,"column":56}},"type":"binary-expr","locations":[{"start":{"line":57,"column":20},"end":{"line":57,"column":36}},{"start":{"line":57,"column":36},"end":{"line":57,"column":56}}],"line":57},"4":{"loc":{"start":{"line":81,"column":12},"end":{"line":81,"column":null}},"type":"cond-expr","locations":[{"start":{"line":81,"column":27},"end":{"line":81,"column":61}},{"start":{"line":81,"column":64},"end":{"line":81,"column":null}}],"line":81},"5":{"loc":{"start":{"line":87,"column":12},"end":{"line":87,"column":null}},"type":"cond-expr","locations":[{"start":{"line":87,"column":26},"end":{"line":87,"column":59}},{"start":{"line":87,"column":62},"end":{"line":87,"column":null}}],"line":87},"6":{"loc":{"start":{"line":92,"column":17},"end":{"line":92,"column":null}},"type":"cond-expr","locations":[{"start":{"line":92,"column":41},"end":{"line":92,"column":62}},{"start":{"line":92,"column":65},"end":{"line":92,"column":null}}],"line":92},"7":{"loc":{"start":{"line":99,"column":12},"end":{"line":106,"column":null}},"type":"cond-expr","locations":[{"start":{"line":100,"column":14},"end":{"line":106,"column":null}},{"start":{"line":106,"column":16},"end":{"line":106,"column":null}}],"line":99},"8":{"loc":{"start":{"line":109,"column":9},"end":{"line":109,"column":null}},"type":"binary-expr","locations":[{"start":{"line":109,"column":9},"end":{"line":109,"column":23}},{"start":{"line":109,"column":23},"end":{"line":109,"column":null}}],"line":109}},"s":{"0":213,"1":168,"2":45,"3":17,"4":17,"5":17},"f":{"0":213,"1":17},"b":{"0":[168,45],"1":[213,213,46],"2":[45,2],"3":[17,3],"4":[1,16],"5":[1,16],"6":[1,16],"7":[9,8],"8":[17,9]},"meta":{"lastBranch":9,"lastFunction":2,"lastStatement":6,"seen":{"f:13:9:13:17":0,"b:14:2:14:Infinity:undefined:undefined:undefined:undefined":0,"s:14:2:14:Infinity":0,"b:14:6:14:24:14:24:14:47:14:47:14:61":1,"s:14:61:14:Infinity":1,"s:15:2:27:Infinity":2,"b:23:10:23:18:23:18:23:Infinity":2,"f:36:16:36:25":1,"s:37:18:37:77":3,"s:41:14:41:Infinity":4,"s:54:2:111:Infinity":5,"b:57:20:57:36:57:36:57:56":3,"b:81:27:81:61:81:64:81:Infinity":4,"b:87:26:87:59:87:62:87:Infinity":5,"b:92:41:92:62:92:65:92:Infinity":6,"b:100:14:106:Infinity:106:16:106:Infinity":7,"b:109:9:109:23:109:23:109:Infinity":8}}}
,"/Users/douglassiteflow/dev/saleflow/frontend/src/components/meeting-form.tsx": {"path":"/Users/douglassiteflow/dev/saleflow/frontend/src/components/meeting-form.tsx","statementMap":{"0":{"start":{"line":11,"column":17},"end":{"line":11,"column":42}},"1":{"start":{"line":12,"column":16},"end":{"line":12,"column":40}},"2":{"start":{"line":13,"column":15},"end":{"line":13,"column":38}},"3":{"start":{"line":14,"column":15},"end":{"line":14,"column":38}},"4":{"start":{"line":15,"column":16},"end":{"line":15,"column":40}},"5":{"start":{"line":16,"column":16},"end":{"line":16,"column":57}},"6":{"start":{"line":18,"column":8},"end":{"line":18,"column":42}},"7":{"start":{"line":21,"column":4},"end":{"line":21,"column":null}},"8":{"start":{"line":22,"column":4},"end":{"line":22,"column":null}},"9":{"start":{"line":23,"column":4},"end":{"line":23,"column":null}},"10":{"start":{"line":24,"column":4},"end":{"line":24,"column":null}},"11":{"start":{"line":25,"column":4},"end":{"line":25,"column":null}},"12":{"start":{"line":26,"column":4},"end":{"line":26,"column":null}},"13":{"start":{"line":30,"column":4},"end":{"line":30,"column":null}},"14":{"start":{"line":31,"column":4},"end":{"line":31,"column":null}},"15":{"start":{"line":33,"column":4},"end":{"line":35,"column":null}},"16":{"start":{"line":34,"column":6},"end":{"line":34,"column":null}},"17":{"start":{"line":35,"column":6},"end":{"line":35,"column":null}},"18":{"start":{"line":38,"column":25},"end":{"line":38,"column":69}},"19":{"start":{"line":40,"column":4},"end":{"line":50,"column":null}},"20":{"start":{"line":41,"column":6},"end":{"line":46,"column":null}},"21":{"start":{"line":47,"column":6},"end":{"line":47,"column":null}},"22":{"start":{"line":48,"column":6},"end":{"line":48,"column":null}},"23":{"start":{"line":50,"column":6},"end":{"line":50,"column":null}},"24":{"start":{"line":54,"column":2},"end":{"line":152,"column":null}},"25":{"start":{"line":56,"column":23},"end":{"line":56,"column":43}},"26":{"start":{"line":80,"column":29},"end":{"line":80,"column":54}},"27":{"start":{"line":94,"column":29},"end":{"line":94,"column":53}},"28":{"start":{"line":109,"column":29},"end":{"line":109,"column":null}},"29":{"start":{"line":123,"column":29},"end":{"line":123,"column":null}},"30":{"start":{"line":137,"column":27},"end":{"line":137,"column":51}}},"fnMap":{"0":{"name":"MeetingForm","decl":{"start":{"line":10,"column":16},"end":{"line":10,"column":28}},"loc":{"start":{"line":10,"column":60},"end":{"line":152,"column":null}},"line":10},"1":{"name":"reset","decl":{"start":{"line":20,"column":11},"end":{"line":20,"column":19}},"loc":{"start":{"line":20,"column":19},"end":{"line":26,"column":null}},"line":20},"2":{"name":"handleSubmit","decl":{"start":{"line":29,"column":17},"end":{"line":29,"column":30}},"loc":{"start":{"line":29,"column":50},"end":{"line":50,"column":null}},"line":29},"3":{"name":"(anonymous_3)","decl":{"start":{"line":56,"column":6},"end":{"line":56,"column":17}},"loc":{"start":{"line":56,"column":23},"end":{"line":56,"column":43}},"line":56},"4":{"name":"(anonymous_4)","decl":{"start":{"line":80,"column":12},"end":{"line":80,"column":23}},"loc":{"start":{"line":80,"column":29},"end":{"line":80,"column":54}},"line":80},"5":{"name":"(anonymous_5)","decl":{"start":{"line":94,"column":12},"end":{"line":94,"column":23}},"loc":{"start":{"line":94,"column":29},"end":{"line":94,"column":53}},"line":94},"6":{"name":"(anonymous_6)","decl":{"start":{"line":109,"column":12},"end":{"line":109,"column":23}},"loc":{"start":{"line":109,"column":29},"end":{"line":109,"column":null}},"line":109},"7":{"name":"(anonymous_7)","decl":{"start":{"line":123,"column":12},"end":{"line":123,"column":23}},"loc":{"start":{"line":123,"column":29},"end":{"line":123,"column":null}},"line":123},"8":{"name":"(anonymous_8)","decl":{"start":{"line":137,"column":10},"end":{"line":137,"column":21}},"loc":{"start":{"line":137,"column":27},"end":{"line":137,"column":51}},"line":137}},"branchMap":{"0":{"loc":{"start":{"line":33,"column":4},"end":{"line":35,"column":null}},"type":"if","locations":[{"start":{"line":33,"column":4},"end":{"line":35,"column":null}},{"start":{},"end":{}}],"line":33},"1":{"loc":{"start":{"line":33,"column":8},"end":{"line":33,"column":59}},"type":"binary-expr","locations":[{"start":{"line":33,"column":8},"end":{"line":33,"column":22}},{"start":{"line":33,"column":26},"end":{"line":33,"column":39}},{"start":{"line":33,"column":43},"end":{"line":33,"column":52}},{"start":{"line":33,"column":52},"end":{"line":33,"column":59}}],"line":33},"2":{"loc":{"start":{"line":45,"column":15},"end":{"line":45,"column":null}},"type":"binary-expr","locations":[{"start":{"line":45,"column":15},"end":{"line":45,"column":27}},{"start":{"line":45,"column":31},"end":{"line":45,"column":null}}],"line":45},"3":{"loc":{"start":{"line":50,"column":16},"end":{"line":50,"column":59}},"type":"binary-expr","locations":[{"start":{"line":50,"column":16},"end":{"line":50,"column":41}},{"start":{"line":50,"column":41},"end":{"line":50,"column":59}}],"line":50},"4":{"loc":{"start":{"line":66,"column":7},"end":{"line":67,"column":null}},"type":"binary-expr","locations":[{"start":{"line":66,"column":7},"end":{"line":66,"column":null}},{"start":{"line":67,"column":8},"end":{"line":67,"column":null}}],"line":66},"5":{"loc":{"start":{"line":148,"column":11},"end":{"line":148,"column":null}},"type":"cond-expr","locations":[{"start":{"line":148,"column":37},"end":{"line":148,"column":51}},{"start":{"line":148,"column":51},"end":{"line":148,"column":null}}],"line":148}},"s":{"0":43,"1":43,"2":43,"3":43,"4":43,"5":43,"6":43,"7":3,"8":3,"9":3,"10":3,"11":3,"12":3,"13":6,"14":6,"15":6,"16":1,"17":1,"18":5,"19":5,"20":5,"21":3,"22":3,"23":2,"24":43,"25":6,"26":5,"27":5,"28":5,"29":5,"30":1},"f":{"0":43,"1":3,"2":6,"3":6,"4":5,"5":5,"6":5,"7":5,"8":1},"b":{"0":[1,5],"1":[6,5,5,5],"2":[5,4],"3":[2,1],"4":[43,3],"5":[1,42]},"meta":{"lastBranch":6,"lastFunction":9,"lastStatement":31,"seen":{"f:10:16:10:28":0,"s:11:17:11:42":0,"s:12:16:12:40":1,"s:13:15:13:38":2,"s:14:15:14:38":3,"s:15:16:15:40":4,"s:16:16:16:57":5,"s:18:8:18:42":6,"f:20:11:20:19":1,"s:21:4:21:Infinity":7,"s:22:4:22:Infinity":8,"s:23:4:23:Infinity":9,"s:24:4:24:Infinity":10,"s:25:4:25:Infinity":11,"s:26:4:26:Infinity":12,"f:29:17:29:30":2,"s:30:4:30:Infinity":13,"s:31:4:31:Infinity":14,"b:33:4:35:Infinity:undefined:undefined:undefined:undefined":0,"s:33:4:35:Infinity":15,"b:33:8:33:22:33:26:33:39:33:43:33:52:33:52:33:59":1,"s:34:6:34:Infinity":16,"s:35:6:35:Infinity":17,"s:38:25:38:69":18,"s:40:4:50:Infinity":19,"s:41:6:46:Infinity":20,"b:45:15:45:27:45:31:45:Infinity":2,"s:47:6:47:Infinity":21,"s:48:6:48:Infinity":22,"s:50:6:50:Infinity":23,"b:50:16:50:41:50:41:50:59":3,"s:54:2:152:Infinity":24,"f:56:6:56:17":3,"s:56:23:56:43":25,"b:66:7:66:Infinity:67:8:67:Infinity":4,"f:80:12:80:23":4,"s:80:29:80:54":26,"f:94:12:94:23":5,"s:94:29:94:53":27,"f:109:12:109:23":6,"s:109:29:109:Infinity":28,"f:123:12:123:23":7,"s:123:29:123:Infinity":29,"f:137:10:137:21":8,"s:137:27:137:51":30,"b:148:37:148:51:148:51:148:Infinity":5}}}
,"/Users/douglassiteflow/dev/saleflow/frontend/src/components/otp-input.tsx": {"path":"/Users/douglassiteflow/dev/saleflow/frontend/src/components/otp-input.tsx","statementMap":{"0":{"start":{"line":10,"column":19},"end":{"line":10,"column":null}},"1":{"start":{"line":13,"column":17},"end":{"line":13,"column":94}},"2":{"start":{"line":13,"column":90},"end":{"line":13,"column":93}},"3":{"start":{"line":14,"column":8},"end":{"line":14,"column":59}},"4":{"start":{"line":16,"column":8},"end":{"line":18,"column":8}},"5":{"start":{"line":16,"column":30},"end":{"line":18,"column":7}},"6":{"start":{"line":17,"column":4},"end":{"line":17,"column":null}},"7":{"start":{"line":21,"column":4},"end":{"line":21,"column":null}},"8":{"start":{"line":21,"column":18},"end":{"line":21,"column":null}},"9":{"start":{"line":24,"column":18},"end":{"line":24,"column":52}},"10":{"start":{"line":26,"column":17},"end":{"line":26,"column":28}},"11":{"start":{"line":27,"column":4},"end":{"line":27,"column":null}},"12":{"start":{"line":28,"column":4},"end":{"line":28,"column":null}},"13":{"start":{"line":30,"column":4},"end":{"line":31,"column":null}},"14":{"start":{"line":31,"column":6},"end":{"line":31,"column":null}},"15":{"start":{"line":35,"column":4},"end":{"line":36,"column":null}},"16":{"start":{"line":35,"column":35},"end":{"line":35,"column":44}},"17":{"start":{"line":36,"column":6},"end":{"line":36,"column":null}},"18":{"start":{"line":41,"column":4},"end":{"line":41,"column":null}},"19":{"start":{"line":41,"column":18},"end":{"line":41,"column":null}},"20":{"start":{"line":43,"column":4},"end":{"line":52,"column":null}},"21":{"start":{"line":44,"column":6},"end":{"line":52,"column":null}},"22":{"start":{"line":45,"column":21},"end":{"line":45,"column":32}},"23":{"start":{"line":46,"column":8},"end":{"line":46,"column":null}},"24":{"start":{"line":47,"column":8},"end":{"line":47,"column":null}},"25":{"start":{"line":48,"column":8},"end":{"line":48,"column":null}},"26":{"start":{"line":50,"column":21},"end":{"line":50,"column":32}},"27":{"start":{"line":51,"column":8},"end":{"line":51,"column":null}},"28":{"start":{"line":52,"column":8},"end":{"line":52,"column":null}},"29":{"start":{"line":58,"column":4},"end":{"line":58,"column":null}},"30":{"start":{"line":58,"column":18},"end":{"line":58,"column":null}},"31":{"start":{"line":60,"column":4},"end":{"line":60,"column":null}},"32":{"start":{"line":61,"column":19},"end":{"line":61,"column":90}},"33":{"start":{"line":62,"column":4},"end":{"line":62,"column":null}},"34":{"start":{"line":62,"column":17},"end":{"line":62,"column":null}},"35":{"start":{"line":64,"column":17},"end":{"line":64,"column":28}},"36":{"start":{"line":65,"column":4},"end":{"line":66,"column":null}},"37":{"start":{"line":65,"column":17},"end":{"line":65,"column":20}},"38":{"start":{"line":66,"column":6},"end":{"line":66,"column":null}},"39":{"start":{"line":68,"column":4},"end":{"line":68,"column":null}},"40":{"start":{"line":71,"column":23},"end":{"line":71,"column":62}},"41":{"start":{"line":72,"column":4},"end":{"line":72,"column":null}},"42":{"start":{"line":74,"column":4},"end":{"line":75,"column":null}},"43":{"start":{"line":74,"column":26},"end":{"line":74,"column":35}},"44":{"start":{"line":75,"column":6},"end":{"line":75,"column":null}},"45":{"start":{"line":79,"column":2},"end":{"line":117,"column":null}},"46":{"start":{"line":83,"column":10},"end":{"line":97,"column":null}},"47":{"start":{"line":92,"column":29},"end":{"line":92,"column":60}},"48":{"start":{"line":93,"column":30},"end":{"line":93,"column":49}}},"fnMap":{"0":{"name":"OtpInput","decl":{"start":{"line":12,"column":16},"end":{"line":12,"column":25}},"loc":{"start":{"line":12,"column":83},"end":{"line":117,"column":null}},"line":12},"1":{"name":"(anonymous_1)","decl":{"start":{"line":13,"column":82},"end":{"line":13,"column":90}},"loc":{"start":{"line":13,"column":90},"end":{"line":13,"column":93}},"line":13},"2":{"name":"(anonymous_2)","decl":{"start":{"line":16,"column":17},"end":{"line":16,"column":30}},"loc":{"start":{"line":16,"column":30},"end":{"line":18,"column":7}},"line":16},"3":{"name":"(anonymous_3)","decl":{"start":{"line":16,"column":30},"end":{"line":16,"column":49}},"loc":{"start":{"line":16,"column":81},"end":{"line":18,"column":7}},"line":16},"4":{"name":"handleChange","decl":{"start":{"line":20,"column":11},"end":{"line":20,"column":24}},"loc":{"start":{"line":20,"column":54},"end":{"line":36,"column":null}},"line":20},"5":{"name":"(anonymous_5)","decl":{"start":{"line":35,"column":22},"end":{"line":35,"column":29}},"loc":{"start":{"line":35,"column":35},"end":{"line":35,"column":44}},"line":35},"6":{"name":"handleKeyDown","decl":{"start":{"line":40,"column":11},"end":{"line":40,"column":25}},"loc":{"start":{"line":40,"column":76},"end":{"line":52,"column":null}},"line":40},"7":{"name":"handlePaste","decl":{"start":{"line":57,"column":11},"end":{"line":57,"column":23}},"loc":{"start":{"line":57,"column":60},"end":{"line":75,"column":null}},"line":57},"8":{"name":"(anonymous_8)","decl":{"start":{"line":74,"column":13},"end":{"line":74,"column":20}},"loc":{"start":{"line":74,"column":26},"end":{"line":74,"column":35}},"line":74},"9":{"name":"(anonymous_9)","decl":{"start":{"line":82,"column":16},"end":{"line":82,"column":21}},"loc":{"start":{"line":83,"column":10},"end":{"line":97,"column":null}},"line":83},"10":{"name":"(anonymous_10)","decl":{"start":{"line":92,"column":12},"end":{"line":92,"column":23}},"loc":{"start":{"line":92,"column":29},"end":{"line":92,"column":60}},"line":92},"11":{"name":"(anonymous_11)","decl":{"start":{"line":93,"column":12},"end":{"line":93,"column":24}},"loc":{"start":{"line":93,"column":30},"end":{"line":93,"column":49}},"line":93}},"branchMap":{"0":{"loc":{"start":{"line":21,"column":4},"end":{"line":21,"column":null}},"type":"if","locations":[{"start":{"line":21,"column":4},"end":{"line":21,"column":null}},{"start":{},"end":{}}],"line":21},"1":{"loc":{"start":{"line":30,"column":4},"end":{"line":31,"column":null}},"type":"if","locations":[{"start":{"line":30,"column":4},"end":{"line":31,"column":null}},{"start":{},"end":{}}],"line":30},"2":{"loc":{"start":{"line":30,"column":8},"end":{"line":30,"column":41}},"type":"binary-expr","locations":[{"start":{"line":30,"column":8},"end":{"line":30,"column":17}},{"start":{"line":30,"column":17},"end":{"line":30,"column":41}}],"line":30},"3":{"loc":{"start":{"line":35,"column":4},"end":{"line":36,"column":null}},"type":"if","locations":[{"start":{"line":35,"column":4},"end":{"line":36,"column":null}},{"start":{},"end":{}}],"line":35},"4":{"loc":{"start":{"line":35,"column":8},"end":{"line":35,"column":44}},"type":"binary-expr","locations":[{"start":{"line":35,"column":8},"end":{"line":35,"column":17}},{"start":{"line":35,"column":17},"end":{"line":35,"column":44}}],"line":35},"5":{"loc":{"start":{"line":41,"column":4},"end":{"line":41,"column":null}},"type":"if","locations":[{"start":{"line":41,"column":4},"end":{"line":41,"column":null}},{"start":{},"end":{}}],"line":41},"6":{"loc":{"start":{"line":43,"column":4},"end":{"line":52,"column":null}},"type":"if","locations":[{"start":{"line":43,"column":4},"end":{"line":52,"column":null}},{"start":{},"end":{}}],"line":43},"7":{"loc":{"start":{"line":44,"column":6},"end":{"line":52,"column":null}},"type":"if","locations":[{"start":{"line":44,"column":6},"end":{"line":52,"column":null}},{"start":{"line":49,"column":13},"end":{"line":52,"column":null}}],"line":44},"8":{"loc":{"start":{"line":44,"column":10},"end":{"line":44,"column":39}},"type":"binary-expr","locations":[{"start":{"line":44,"column":10},"end":{"line":44,"column":28}},{"start":{"line":44,"column":28},"end":{"line":44,"column":39}}],"line":44},"9":{"loc":{"start":{"line":58,"column":4},"end":{"line":58,"column":null}},"type":"if","locations":[{"start":{"line":58,"column":4},"end":{"line":58,"column":null}},{"start":{},"end":{}}],"line":58},"10":{"loc":{"start":{"line":62,"column":4},"end":{"line":62,"column":null}},"type":"if","locations":[{"start":{"line":62,"column":4},"end":{"line":62,"column":null}},{"start":{},"end":{}}],"line":62},"11":{"loc":{"start":{"line":66,"column":16},"end":{"line":66,"column":null}},"type":"binary-expr","locations":[{"start":{"line":66,"column":16},"end":{"line":66,"column":29}},{"start":{"line":66,"column":29},"end":{"line":66,"column":null}}],"line":66},"12":{"loc":{"start":{"line":74,"column":4},"end":{"line":75,"column":null}},"type":"if","locations":[{"start":{"line":74,"column":4},"end":{"line":75,"column":null}},{"start":{},"end":{}}],"line":74},"13":{"loc":{"start":{"line":101,"column":7},"end":{"line":104,"column":null}},"type":"binary-expr","locations":[{"start":{"line":101,"column":7},"end":{"line":101,"column":null}},{"start":{"line":102,"column":8},"end":{"line":104,"column":null}}],"line":101},"14":{"loc":{"start":{"line":107,"column":7},"end":{"line":117,"column":null}},"type":"binary-expr","locations":[{"start":{"line":107,"column":7},"end":{"line":107,"column":null}},{"start":{"line":108,"column":8},"end":{"line":117,"column":null}}],"line":107}},"s":{"0":3,"1":59,"2":354,"3":59,"4":59,"5":354,"6":708,"7":25,"8":1,"9":24,"10":24,"11":24,"12":24,"13":24,"14":20,"15":24,"16":89,"17":3,"18":4,"19":1,"20":3,"21":2,"22":1,"23":1,"24":1,"25":1,"26":1,"27":1,"28":1,"29":4,"30":1,"31":3,"32":3,"33":3,"34":1,"35":2,"36":2,"37":2,"38":12,"39":2,"40":2,"41":2,"42":4,"43":10,"44":1,"45":59,"46":354,"47":25,"48":4},"f":{"0":59,"1":354,"2":354,"3":708,"4":25,"5":89,"6":4,"7":4,"8":10,"9":354,"10":25,"11":4},"b":{"0":[1,24],"1":[20,4],"2":[24,23],"3":[3,21],"4":[24,23],"5":[1,3],"6":[2,1],"7":[1,1],"8":[2,1],"9":[1,3],"10":[1,2],"11":[12,3],"12":[1,3],"13":[59,3],"14":[59,23]},"meta":{"lastBranch":15,"lastFunction":12,"lastStatement":49,"seen":{"s:10:19:10:Infinity":0,"f:12:16:12:25":0,"s:13:17:13:94":1,"f:13:82:13:90":1,"s:13:90:13:93":2,"s:14:8:14:59":3,"s:16:8:18:8":4,"f:16:17:16:30":2,"s:16:30:18:7":5,"f:16:30:16:49":3,"s:17:4:17:Infinity":6,"f:20:11:20:24":4,"b:21:4:21:Infinity:undefined:undefined:undefined:undefined":0,"s:21:4:21:Infinity":7,"s:21:18:21:Infinity":8,"s:24:18:24:52":9,"s:26:17:26:28":10,"s:27:4:27:Infinity":11,"s:28:4:28:Infinity":12,"b:30:4:31:Infinity:undefined:undefined:undefined:undefined":1,"s:30:4:31:Infinity":13,"b:30:8:30:17:30:17:30:41":2,"s:31:6:31:Infinity":14,"b:35:4:36:Infinity:undefined:undefined:undefined:undefined":3,"s:35:4:36:Infinity":15,"b:35:8:35:17:35:17:35:44":4,"f:35:22:35:29":5,"s:35:35:35:44":16,"s:36:6:36:Infinity":17,"f:40:11:40:25":6,"b:41:4:41:Infinity:undefined:undefined:undefined:undefined":5,"s:41:4:41:Infinity":18,"s:41:18:41:Infinity":19,"b:43:4:52:Infinity:undefined:undefined:undefined:undefined":6,"s:43:4:52:Infinity":20,"b:44:6:52:Infinity:49:13:52:Infinity":7,"s:44:6:52:Infinity":21,"b:44:10:44:28:44:28:44:39":8,"s:45:21:45:32":22,"s:46:8:46:Infinity":23,"s:47:8:47:Infinity":24,"s:48:8:48:Infinity":25,"s:50:21:50:32":26,"s:51:8:51:Infinity":27,"s:52:8:52:Infinity":28,"f:57:11:57:23":7,"b:58:4:58:Infinity:undefined:undefined:undefined:undefined":9,"s:58:4:58:Infinity":29,"s:58:18:58:Infinity":30,"s:60:4:60:Infinity":31,"s:61:19:61:90":32,"b:62:4:62:Infinity:undefined:undefined:undefined:undefined":10,"s:62:4:62:Infinity":33,"s:62:17:62:Infinity":34,"s:64:17:64:28":35,"s:65:4:66:Infinity":36,"s:65:17:65:20":37,"s:66:6:66:Infinity":38,"b:66:16:66:29:66:29:66:Infinity":11,"s:68:4:68:Infinity":39,"s:71:23:71:62":40,"s:72:4:72:Infinity":41,"b:74:4:75:Infinity:undefined:undefined:undefined:undefined":12,"s:74:4:75:Infinity":42,"f:74:13:74:20":8,"s:74:26:74:35":43,"s:75:6:75:Infinity":44,"s:79:2:117:Infinity":45,"f:82:16:82:21":9,"s:83:10:97:Infinity":46,"f:92:12:92:23":10,"s:92:29:92:60":47,"f:93:12:93:24":11,"s:93:30:93:49":48,"b:101:7:101:Infinity:102:8:104:Infinity":13,"b:107:7:107:Infinity:108:8:117:Infinity":14}}}
,"/Users/douglassiteflow/dev/saleflow/frontend/src/components/outcome-panel.tsx": {"path":"/Users/douglassiteflow/dev/saleflow/frontend/src/components/outcome-panel.tsx","statementMap":{"0":{"start":{"line":16,"column":34},"end":{"line":65,"column":null}},"1":{"start":{"line":73,"column":8},"end":{"line":73,"column":48}},"2":{"start":{"line":75,"column":19},"end":{"line":75,"column":64}},"3":{"start":{"line":76,"column":16},"end":{"line":76,"column":40}},"4":{"start":{"line":77,"column":23},"end":{"line":77,"column":54}},"5":{"start":{"line":78,"column":22},"end":{"line":78,"column":52}},"6":{"start":{"line":79,"column":22},"end":{"line":79,"column":52}},"7":{"start":{"line":80,"column":16},"end":{"line":80,"column":57}},"8":{"start":{"line":83,"column":4},"end":{"line":88,"column":null}},"9":{"start":{"line":85,"column":6},"end":{"line":85,"column":null}},"10":{"start":{"line":87,"column":6},"end":{"line":87,"column":null}},"11":{"start":{"line":88,"column":6},"end":{"line":88,"column":null}},"12":{"start":{"line":93,"column":4},"end":{"line":93,"column":null}},"13":{"start":{"line":96,"column":4},"end":{"line":99,"column":null}},"14":{"start":{"line":97,"column":6},"end":{"line":99,"column":null}},"15":{"start":{"line":98,"column":8},"end":{"line":98,"column":null}},"16":{"start":{"line":99,"column":8},"end":{"line":99,"column":null}},"17":{"start":{"line":103,"column":4},"end":{"line":129,"column":null}},"18":{"start":{"line":117,"column":10},"end":{"line":117,"column":null}},"19":{"start":{"line":118,"column":10},"end":{"line":118,"column":null}},"20":{"start":{"line":119,"column":10},"end":{"line":119,"column":null}},"21":{"start":{"line":120,"column":10},"end":{"line":120,"column":null}},"22":{"start":{"line":121,"column":10},"end":{"line":121,"column":null}},"23":{"start":{"line":122,"column":10},"end":{"line":122,"column":null}},"24":{"start":{"line":123,"column":10},"end":{"line":123,"column":null}},"25":{"start":{"line":126,"column":10},"end":{"line":126,"column":null}},"26":{"start":{"line":132,"column":2},"end":{"line":238,"column":null}},"27":{"start":{"line":139,"column":29},"end":{"line":139,"column":null}},"28":{"start":{"line":140,"column":10},"end":{"line":162,"column":null}},"29":{"start":{"line":145,"column":29},"end":{"line":145,"column":54}},"30":{"start":{"line":176,"column":29},"end":{"line":176,"column":60}},"31":{"start":{"line":191,"column":31},"end":{"line":191,"column":61}},"32":{"start":{"line":203,"column":31},"end":{"line":203,"column":61}},"33":{"start":{"line":218,"column":27},"end":{"line":218,"column":51}}},"fnMap":{"0":{"name":"OutcomePanel","decl":{"start":{"line":72,"column":16},"end":{"line":72,"column":29}},"loc":{"start":{"line":72,"column":80},"end":{"line":238,"column":null}},"line":72},"1":{"name":"handleSelect","decl":{"start":{"line":82,"column":11},"end":{"line":82,"column":24}},"loc":{"start":{"line":82,"column":42},"end":{"line":88,"column":null}},"line":82},"2":{"name":"handleSubmit","decl":{"start":{"line":92,"column":11},"end":{"line":92,"column":24}},"loc":{"start":{"line":92,"column":42},"end":{"line":129,"column":null}},"line":92},"3":{"name":"(anonymous_3)","decl":{"start":{"line":115,"column":8},"end":{"line":115,"column":25}},"loc":{"start":{"line":115,"column":25},"end":{"line":123,"column":null}},"line":115},"4":{"name":"(anonymous_4)","decl":{"start":{"line":125,"column":8},"end":{"line":125,"column":18}},"loc":{"start":{"line":125,"column":26},"end":{"line":126,"column":null}},"line":125},"5":{"name":"(anonymous_5)","decl":{"start":{"line":138,"column":18},"end":{"line":138,"column":23}},"loc":{"start":{"line":138,"column":31},"end":{"line":162,"column":null}},"line":138},"6":{"name":"(anonymous_6)","decl":{"start":{"line":145,"column":14},"end":{"line":145,"column":29}},"loc":{"start":{"line":145,"column":29},"end":{"line":145,"column":54}},"line":145},"7":{"name":"(anonymous_7)","decl":{"start":{"line":176,"column":12},"end":{"line":176,"column":23}},"loc":{"start":{"line":176,"column":29},"end":{"line":176,"column":60}},"line":176},"8":{"name":"(anonymous_8)","decl":{"start":{"line":191,"column":14},"end":{"line":191,"column":25}},"loc":{"start":{"line":191,"column":31},"end":{"line":191,"column":61}},"line":191},"9":{"name":"(anonymous_9)","decl":{"start":{"line":203,"column":14},"end":{"line":203,"column":25}},"loc":{"start":{"line":203,"column":31},"end":{"line":203,"column":61}},"line":203},"10":{"name":"(anonymous_10)","decl":{"start":{"line":218,"column":10},"end":{"line":218,"column":21}},"loc":{"start":{"line":218,"column":27},"end":{"line":218,"column":51}},"line":218}},"branchMap":{"0":{"loc":{"start":{"line":83,"column":4},"end":{"line":88,"column":null}},"type":"if","locations":[{"start":{"line":83,"column":4},"end":{"line":88,"column":null}},{"start":{"line":86,"column":11},"end":{"line":88,"column":null}}],"line":83},"1":{"loc":{"start":{"line":96,"column":4},"end":{"line":99,"column":null}},"type":"if","locations":[{"start":{"line":96,"column":4},"end":{"line":99,"column":null}},{"start":{},"end":{}}],"line":96},"2":{"loc":{"start":{"line":97,"column":6},"end":{"line":99,"column":null}},"type":"if","locations":[{"start":{"line":97,"column":6},"end":{"line":99,"column":null}},{"start":{},"end":{}}],"line":97},"3":{"loc":{"start":{"line":97,"column":10},"end":{"line":97,"column":40}},"type":"binary-expr","locations":[{"start":{"line":97,"column":10},"end":{"line":97,"column":26}},{"start":{"line":97,"column":26},"end":{"line":97,"column":40}}],"line":97},"4":{"loc":{"start":{"line":106,"column":15},"end":{"line":106,"column":null}},"type":"binary-expr","locations":[{"start":{"line":106,"column":15},"end":{"line":106,"column":24}},{"start":{"line":106,"column":24},"end":{"line":106,"column":null}}],"line":106},"5":{"loc":{"start":{"line":107,"column":22},"end":{"line":107,"column":null}},"type":"cond-expr","locations":[{"start":{"line":107,"column":53},"end":{"line":107,"column":67}},{"start":{"line":107,"column":67},"end":{"line":107,"column":null}}],"line":107},"6":{"loc":{"start":{"line":108,"column":22},"end":{"line":108,"column":null}},"type":"cond-expr","locations":[{"start":{"line":108,"column":53},"end":{"line":108,"column":67}},{"start":{"line":108,"column":67},"end":{"line":108,"column":null}}],"line":108},"7":{"loc":{"start":{"line":110,"column":10},"end":{"line":112,"column":null}},"type":"cond-expr","locations":[{"start":{"line":111,"column":14},"end":{"line":111,"column":null}},{"start":{"line":112,"column":14},"end":{"line":112,"column":null}}],"line":110},"8":{"loc":{"start":{"line":110,"column":10},"end":{"line":110,"column":null}},"type":"binary-expr","locations":[{"start":{"line":110,"column":10},"end":{"line":110,"column":36}},{"start":{"line":110,"column":36},"end":{"line":110,"column":null}}],"line":110},"9":{"loc":{"start":{"line":126,"column":19},"end":{"line":126,"column":52}},"type":"binary-expr","locations":[{"start":{"line":126,"column":19},"end":{"line":126,"column":34}},{"start":{"line":126,"column":34},"end":{"line":126,"column":52}}],"line":126},"10":{"loc":{"start":{"line":150,"column":16},"end":{"line":152,"column":null}},"type":"cond-expr","locations":[{"start":{"line":151,"column":20},"end":{"line":151,"column":null}},{"start":{"line":152,"column":20},"end":{"line":152,"column":null}}],"line":150},"11":{"loc":{"start":{"line":155,"column":29},"end":{"line":155,"column":null}},"type":"cond-expr","locations":[{"start":{"line":155,"column":42},"end":{"line":155,"column":54}},{"start":{"line":155,"column":54},"end":{"line":155,"column":null}}],"line":155},"12":{"loc":{"start":{"line":156,"column":33},"end":{"line":156,"column":null}},"type":"cond-expr","locations":[{"start":{"line":156,"column":46},"end":{"line":156,"column":60}},{"start":{"line":156,"column":60},"end":{"line":156,"column":null}}],"line":156},"13":{"loc":{"start":{"line":158,"column":20},"end":{"line":158,"column":null}},"type":"cond-expr","locations":[{"start":{"line":158,"column":33},"end":{"line":158,"column":57}},{"start":{"line":158,"column":60},"end":{"line":158,"column":null}}],"line":158},"14":{"loc":{"start":{"line":161,"column":15},"end":{"line":161,"column":null}},"type":"cond-expr","locations":[{"start":{"line":161,"column":28},"end":{"line":161,"column":55}},{"start":{"line":161,"column":55},"end":{"line":161,"column":null}}],"line":161},"15":{"loc":{"start":{"line":168,"column":7},"end":{"line":178,"column":null}},"type":"binary-expr","locations":[{"start":{"line":168,"column":7},"end":{"line":168,"column":null}},{"start":{"line":169,"column":8},"end":{"line":178,"column":null}}],"line":168},"16":{"loc":{"start":{"line":182,"column":7},"end":{"line":206,"column":null}},"type":"binary-expr","locations":[{"start":{"line":182,"column":7},"end":{"line":182,"column":null}},{"start":{"line":183,"column":8},"end":{"line":206,"column":null}}],"line":182},"17":{"loc":{"start":{"line":226,"column":7},"end":{"line":229,"column":null}},"type":"binary-expr","locations":[{"start":{"line":226,"column":7},"end":{"line":226,"column":null}},{"start":{"line":227,"column":8},"end":{"line":229,"column":null}}],"line":226},"18":{"loc":{"start":{"line":233,"column":7},"end":{"line":236,"column":null}},"type":"binary-expr","locations":[{"start":{"line":233,"column":7},"end":{"line":233,"column":null}},{"start":{"line":234,"column":8},"end":{"line":236,"column":null}}],"line":233}},"s":{"0":3,"1":47,"2":47,"3":47,"4":47,"5":47,"6":47,"7":47,"8":22,"9":9,"10":13,"11":13,"12":9,"13":9,"14":2,"15":1,"16":1,"17":8,"18":2,"19":2,"20":2,"21":2,"22":2,"23":2,"24":2,"25":5,"26":47,"27":282,"28":282,"29":22,"30":1,"31":1,"32":1,"33":1},"f":{"0":47,"1":22,"2":9,"3":2,"4":5,"5":282,"6":22,"7":1,"8":1,"9":1,"10":1},"b":{"0":[9,13],"1":[2,7],"2":[1,1],"3":[2,1],"4":[8,7],"5":[1,7],"6":[1,7],"7":[1,7],"8":[9,1],"9":[5,2],"10":[23,259],"11":[23,259],"12":[23,259],"13":[23,259],"14":[23,259],"15":[47,4],"16":[47,7],"17":[47,6],"18":[47,24]},"meta":{"lastBranch":19,"lastFunction":11,"lastStatement":34,"seen":{"s:16:34:65:Infinity":0,"f:72:16:72:29":0,"s:73:8:73:48":1,"s:75:19:75:64":2,"s:76:16:76:40":3,"s:77:23:77:54":4,"s:78:22:78:52":5,"s:79:22:79:52":6,"s:80:16:80:57":7,"f:82:11:82:24":1,"b:83:4:88:Infinity:86:11:88:Infinity":0,"s:83:4:88:Infinity":8,"s:85:6:85:Infinity":9,"s:87:6:87:Infinity":10,"s:88:6:88:Infinity":11,"f:92:11:92:24":2,"s:93:4:93:Infinity":12,"b:96:4:99:Infinity:undefined:undefined:undefined:undefined":1,"s:96:4:99:Infinity":13,"b:97:6:99:Infinity:undefined:undefined:undefined:undefined":2,"s:97:6:99:Infinity":14,"b:97:10:97:26:97:26:97:40":3,"s:98:8:98:Infinity":15,"s:99:8:99:Infinity":16,"s:103:4:129:Infinity":17,"b:106:15:106:24:106:24:106:Infinity":4,"b:107:53:107:67:107:67:107:Infinity":5,"b:108:53:108:67:108:67:108:Infinity":6,"b:111:14:111:Infinity:112:14:112:Infinity":7,"b:110:10:110:36:110:36:110:Infinity":8,"f:115:8:115:25":3,"s:117:10:117:Infinity":18,"s:118:10:118:Infinity":19,"s:119:10:119:Infinity":20,"s:120:10:120:Infinity":21,"s:121:10:121:Infinity":22,"s:122:10:122:Infinity":23,"s:123:10:123:Infinity":24,"f:125:8:125:18":4,"s:126:10:126:Infinity":25,"b:126:19:126:34:126:34:126:52":9,"s:132:2:238:Infinity":26,"f:138:18:138:23":5,"s:139:29:139:Infinity":27,"s:140:10:162:Infinity":28,"f:145:14:145:29":6,"s:145:29:145:54":29,"b:151:20:151:Infinity:152:20:152:Infinity":10,"b:155:42:155:54:155:54:155:Infinity":11,"b:156:46:156:60:156:60:156:Infinity":12,"b:158:33:158:57:158:60:158:Infinity":13,"b:161:28:161:55:161:55:161:Infinity":14,"b:168:7:168:Infinity:169:8:178:Infinity":15,"f:176:12:176:23":7,"s:176:29:176:60":30,"b:182:7:182:Infinity:183:8:206:Infinity":16,"f:191:14:191:25":8,"s:191:31:191:61":31,"f:203:14:203:25":9,"s:203:31:203:61":32,"f:218:10:218:21":10,"s:218:27:218:51":33,"b:226:7:226:Infinity:227:8:229:Infinity":17,"b:233:7:233:Infinity:234:8:236:Infinity":18}}}
,"/Users/douglassiteflow/dev/saleflow/frontend/src/components/protected-route.tsx": {"path":"/Users/douglassiteflow/dev/saleflow/frontend/src/components/protected-route.tsx","statementMap":{"0":{"start":{"line":5,"column":22},"end":{"line":5,"column":43}},"1":{"start":{"line":6,"column":2},"end":{"line":10,"column":null}},"2":{"start":{"line":7,"column":4},"end":{"line":10,"column":null}},"3":{"start":{"line":12,"column":2},"end":{"line":12,"column":null}},"4":{"start":{"line":12,"column":13},"end":{"line":12,"column":null}},"5":{"start":{"line":13,"column":2},"end":{"line":13,"column":null}},"6":{"start":{"line":17,"column":22},"end":{"line":17,"column":43}},"7":{"start":{"line":18,"column":2},"end":{"line":18,"column":null}},"8":{"start":{"line":18,"column":17},"end":{"line":18,"column":null}},"9":{"start":{"line":19,"column":2},"end":{"line":19,"column":null}},"10":{"start":{"line":19,"column":13},"end":{"line":19,"column":null}},"11":{"start":{"line":20,"column":2},"end":{"line":20,"column":null}},"12":{"start":{"line":20,"column":29},"end":{"line":20,"column":null}},"13":{"start":{"line":21,"column":2},"end":{"line":21,"column":null}}},"fnMap":{"0":{"name":"ProtectedRoute","decl":{"start":{"line":4,"column":16},"end":{"line":4,"column":33}},"loc":{"start":{"line":4,"column":33},"end":{"line":13,"column":null}},"line":4},"1":{"name":"AdminRoute","decl":{"start":{"line":16,"column":16},"end":{"line":16,"column":29}},"loc":{"start":{"line":16,"column":29},"end":{"line":21,"column":null}},"line":16}},"branchMap":{"0":{"loc":{"start":{"line":6,"column":2},"end":{"line":10,"column":null}},"type":"if","locations":[{"start":{"line":6,"column":2},"end":{"line":10,"column":null}},{"start":{},"end":{}}],"line":6},"1":{"loc":{"start":{"line":12,"column":2},"end":{"line":12,"column":null}},"type":"if","locations":[{"start":{"line":12,"column":2},"end":{"line":12,"column":null}},{"start":{},"end":{}}],"line":12},"2":{"loc":{"start":{"line":18,"column":2},"end":{"line":18,"column":null}},"type":"if","locations":[{"start":{"line":18,"column":2},"end":{"line":18,"column":null}},{"start":{},"end":{}}],"line":18},"3":{"loc":{"start":{"line":19,"column":2},"end":{"line":19,"column":null}},"type":"if","locations":[{"start":{"line":19,"column":2},"end":{"line":19,"column":null}},{"start":{},"end":{}}],"line":19},"4":{"loc":{"start":{"line":20,"column":2},"end":{"line":20,"column":null}},"type":"if","locations":[{"start":{"line":20,"column":2},"end":{"line":20,"column":null}},{"start":{},"end":{}}],"line":20}},"s":{"0":5,"1":5,"2":1,"3":4,"4":4,"5":1,"6":4,"7":4,"8":1,"9":3,"10":3,"11":2,"12":2,"13":1},"f":{"0":5,"1":4},"b":{"0":[1,4],"1":[3,1],"2":[1,3],"3":[1,2],"4":[1,1]},"meta":{"lastBranch":5,"lastFunction":2,"lastStatement":14,"seen":{"f:4:16:4:33":0,"s:5:22:5:43":0,"b:6:2:10:Infinity:undefined:undefined:undefined:undefined":0,"s:6:2:10:Infinity":1,"s:7:4:10:Infinity":2,"b:12:2:12:Infinity:undefined:undefined:undefined:undefined":1,"s:12:2:12:Infinity":3,"s:12:13:12:Infinity":4,"s:13:2:13:Infinity":5,"f:16:16:16:29":1,"s:17:22:17:43":6,"b:18:2:18:Infinity:undefined:undefined:undefined:undefined":2,"s:18:2:18:Infinity":7,"s:18:17:18:Infinity":8,"b:19:2:19:Infinity:undefined:undefined:undefined:undefined":3,"s:19:2:19:Infinity":9,"s:19:13:19:Infinity":10,"b:20:2:20:Infinity:undefined:undefined:undefined:undefined":4,"s:20:2:20:Infinity":11,"s:20:29:20:Infinity":12,"s:21:2:21:Infinity":13}}}
,"/Users/douglassiteflow/dev/saleflow/frontend/src/components/session-list.tsx": {"path":"/Users/douglassiteflow/dev/saleflow/frontend/src/components/session-list.tsx","statementMap":{"0":{"start":{"line":13,"column":20},"end":{"line":13,"column":null}},"1":{"start":{"line":14,"column":2},"end":{"line":20,"column":null}},"2":{"start":{"line":16,"column":6},"end":{"line":16,"column":null}},"3":{"start":{"line":18,"column":6},"end":{"line":18,"column":null}},"4":{"start":{"line":20,"column":6},"end":{"line":20,"column":null}},"5":{"start":{"line":25,"column":2},"end":{"line":29,"column":null}},"6":{"start":{"line":26,"column":4},"end":{"line":29,"column":null}},"7":{"start":{"line":33,"column":2},"end":{"line":111,"column":null}},"8":{"start":{"line":72,"column":12},"end":{"line":107,"column":null}},"9":{"start":{"line":99,"column":35},"end":{"line":99,"column":55}}},"fnMap":{"0":{"name":"DeviceIcon","decl":{"start":{"line":12,"column":9},"end":{"line":12,"column":20}},"loc":{"start":{"line":12,"column":60},"end":{"line":20,"column":null}},"line":12},"1":{"name":"SessionList","decl":{"start":{"line":24,"column":16},"end":{"line":24,"column":28}},"loc":{"start":{"line":24,"column":87},"end":{"line":111,"column":null}},"line":24},"2":{"name":"(anonymous_2)","decl":{"start":{"line":71,"column":20},"end":{"line":71,"column":25}},"loc":{"start":{"line":72,"column":12},"end":{"line":107,"column":null}},"line":72},"3":{"name":"(anonymous_3)","decl":{"start":{"line":99,"column":20},"end":{"line":99,"column":35}},"loc":{"start":{"line":99,"column":35},"end":{"line":99,"column":55}},"line":99}},"branchMap":{"0":{"loc":{"start":{"line":14,"column":2},"end":{"line":20,"column":null}},"type":"switch","locations":[{"start":{"line":15,"column":4},"end":{"line":16,"column":null}},{"start":{"line":17,"column":4},"end":{"line":18,"column":null}},{"start":{"line":19,"column":4},"end":{"line":20,"column":null}}],"line":14},"1":{"loc":{"start":{"line":25,"column":2},"end":{"line":29,"column":null}},"type":"if","locations":[{"start":{"line":25,"column":2},"end":{"line":29,"column":null}},{"start":{},"end":{}}],"line":25},"2":{"loc":{"start":{"line":74,"column":25},"end":{"line":74,"column":null}},"type":"cond-expr","locations":[{"start":{"line":74,"column":53},"end":{"line":74,"column":83}},{"start":{"line":74,"column":83},"end":{"line":74,"column":null}}],"line":74},"3":{"loc":{"start":{"line":83,"column":17},"end":{"line":85,"column":null}},"type":"cond-expr","locations":[{"start":{"line":84,"column":20},"end":{"line":84,"column":null}},{"start":{"line":85,"column":20},"end":{"line":85,"column":null}}],"line":83},"4":{"loc":{"start":{"line":83,"column":17},"end":{"line":83,"column":null}},"type":"binary-expr","locations":[{"start":{"line":83,"column":17},"end":{"line":83,"column":33}},{"start":{"line":83,"column":33},"end":{"line":83,"column":null}}],"line":83},"5":{"loc":{"start":{"line":85,"column":20},"end":{"line":85,"column":null}},"type":"binary-expr","locations":[{"start":{"line":85,"column":20},"end":{"line":85,"column":39}},{"start":{"line":85,"column":39},"end":{"line":85,"column":null}}],"line":85},"6":{"loc":{"start":{"line":91,"column":17},"end":{"line":105,"column":null}},"type":"cond-expr","locations":[{"start":{"line":92,"column":18},"end":{"line":95,"column":34}},{"start":{"line":95,"column":21},"end":{"line":105,"column":null}}],"line":91},"7":{"loc":{"start":{"line":95,"column":21},"end":{"line":105,"column":null}},"type":"cond-expr","locations":[{"start":{"line":96,"column":18},"end":{"line":103,"column":28}},{"start":{"line":103,"column":20},"end":{"line":105,"column":null}}],"line":95},"8":{"loc":{"start":{"line":95,"column":21},"end":{"line":95,"column":null}},"type":"binary-expr","locations":[{"start":{"line":95,"column":21},"end":{"line":95,"column":34}},{"start":{"line":95,"column":34},"end":{"line":95,"column":53}},{"start":{"line":95,"column":53},"end":{"line":95,"column":null}}],"line":95},"9":{"loc":{"start":{"line":103,"column":20},"end":{"line":105,"column":null}},"type":"cond-expr","locations":[{"start":{"line":104,"column":18},"end":{"line":105,"column":null}},{"start":{"line":105,"column":20},"end":{"line":105,"column":null}}],"line":103}},"s":{"0":61,"1":61,"2":23,"3":12,"4":26,"5":32,"6":6,"7":26,"8":61,"9":3},"f":{"0":61,"1":32,"2":61,"3":3},"b":{"0":[23,12,26],"1":[6,26],"2":[35,26],"3":[37,24],"4":[61,37],"5":[24,24],"6":[23,38],"7":[19,19],"8":[38,22,17],"9":[11,8]},"meta":{"lastBranch":10,"lastFunction":4,"lastStatement":10,"seen":{"f:12:9:12:20":0,"s:13:20:13:Infinity":0,"b:15:4:16:Infinity:17:4:18:Infinity:19:4:20:Infinity":0,"s:14:2:20:Infinity":1,"s:16:6:16:Infinity":2,"s:18:6:18:Infinity":3,"s:20:6:20:Infinity":4,"f:24:16:24:28":1,"b:25:2:29:Infinity:undefined:undefined:undefined:undefined":1,"s:25:2:29:Infinity":5,"s:26:4:29:Infinity":6,"s:33:2:111:Infinity":7,"f:71:20:71:25":2,"s:72:12:107:Infinity":8,"b:74:53:74:83:74:83:74:Infinity":2,"b:84:20:84:Infinity:85:20:85:Infinity":3,"b:83:17:83:33:83:33:83:Infinity":4,"b:85:20:85:39:85:39:85:Infinity":5,"b:92:18:95:34:95:21:105:Infinity":6,"b:96:18:103:28:103:20:105:Infinity":7,"b:95:21:95:34:95:34:95:53:95:53:95:Infinity":8,"f:99:20:99:35":3,"s:99:35:99:55":9,"b:104:18:105:Infinity:105:20:105:Infinity":9}}}
[...]
,"end":{"line":13,"column":44}},"1":{"start":{"line":14,"column":46},"end":{"line":14,"column":73}},"2":{"start":{"line":16,"column":15},"end":{"line":16,"column":null}},"3":{"start":{"line":18,"column":2},"end":{"line":22,"column":null}},"4":{"start":{"line":19,"column":4},"end":{"line":22,"column":null}},"5":{"start":{"line":26,"column":2},"end":{"line":32,"column":null}},"6":{"start":{"line":27,"column":4},"end":{"line":32,"column":null}},"7":{"start":{"line":36,"column":2},"end":{"line":53,"column":null}}},"fnMap":{"0":{"name":"LeadDetailPage","decl":{"start":{"line":12,"column":16},"end":{"line":12,"column":33}},"loc":{"start":{"line":12,"column":33},"end":{"line":53,"column":null}},"line":12}},"branchMap":{"0":{"loc":{"start":{"line":18,"column":2},"end":{"line":22,"column":null}},"type":"if","locations":[{"start":{"line":18,"column":2},"end":{"line":22,"column":null}},{"start":{},"end":{}}],"line":18},"1":{"loc":{"start":{"line":26,"column":2},"end":{"line":32,"column":null}},"type":"if","locations":[{"start":{"line":26,"column":2},"end":{"line":32,"column":null}},{"start":{},"end":{}}],"line":26},"2":{"loc":{"start":{"line":26,"column":6},"end":{"line":26,"column":24}},"type":"binary-expr","locations":[{"start":{"line":26,"column":6},"end":{"line":26,"column":17}},{"start":{"line":26,"column":17},"end":{"line":26,"column":24}}],"line":26},"3":{"loc":{"start":{"line":30,"column":12},"end":{"line":30,"column":null}},"type":"binary-expr","locations":[{"start":{"line":30,"column":12},"end":{"line":30,"column":47}},{"start":{"line":30,"column":47},"end":{"line":30,"column":null}}],"line":30},"4":{"loc":{"start":{"line":42,"column":9},"end":{"line":42,"column":null}},"type":"binary-expr","locations":[{"start":{"line":42,"column":9},"end":{"line":42,"column":25}},{"start":{"line":42,"column":25},"end":{"line":42,"column":null}}],"line":42}},"s":{"0":6,"1":6,"2":6,"3":6,"4":1,"5":5,"6":3,"7":2},"f":{"0":6},"b":{"0":[1,5],"1":[3,2],"2":[5,3],"3":[3,2],"4":[2,1]},"meta":{"lastBranch":5,"lastFunction":1,"lastStatement":8,"seen":{"f:12:16:12:33":0,"s:13:10:13:44":0,"s:14:46:14:73":1,"s:16:15:16:Infinity":2,"b:18:2:22:Infinity:undefined:undefined:undefined:undefined":0,"s:18:2:22:Infinity":3,"s:19:4:22:Infinity":4,"b:26:2:32:Infinity:undefined:undefined:undefined:undefined":1,"s:26:2:32:Infinity":5,"b:26:6:26:17:26:17:26:24":2,"s:27:4:32:Infinity":6,"b:30:12:30:47:30:47:30:Infinity":3,"s:36:2:53:Infinity":7,"b:42:9:42:25:42:25:42:Infinity":4}}}
,"/Users/douglassiteflow/dev/saleflow/frontend/src/pages/login.tsx": {"path":"/Users/douglassiteflow/dev/saleflow/frontend/src/pages/login.tsx","statementMap":{"0":{"start":{"line":10,"column":22},"end":{"line":10,"column":43}},"1":{"start":{"line":11,"column":8},"end":{"line":11,"column":26}},"2":{"start":{"line":12,"column":8},"end":{"line":12,"column":34}},"3":{"start":{"line":13,"column":8},"end":{"line":13,"column":34}},"4":{"start":{"line":14,"column":8},"end":{"line":14,"column":32}},"5":{"start":{"line":16,"column":15},"end":{"line":16,"column":72}},"6":{"start":{"line":17,"column":16},"end":{"line":17,"column":40}},"7":{"start":{"line":18,"column":19},"end":{"line":18,"column":46}},"8":{"start":{"line":19,"column":17},"end":{"line":19,"column":42}},"9":{"start":{"line":21,"column":2},"end":{"line":25,"column":null}},"10":{"start":{"line":22,"column":4},"end":{"line":25,"column":null}},"11":{"start":{"line":29,"column":2},"end":{"line":30,"column":null}},"12":{"start":{"line":30,"column":4},"end":{"line":30,"column":null}},"13":{"start":{"line":34,"column":4},"end":{"line":34,"column":null}},"14":{"start":{"line":35,"column":4},"end":{"line":43,"column":null}},"15":{"start":{"line":39,"column":10},"end":{"line":39,"column":null}},"16":{"start":{"line":40,"column":10},"end":{"line":40,"column":null}},"17":{"start":{"line":47,"column":4},"end":{"line":54,"column":null}},"18":{"start":{"line":51,"column":10},"end":{"line":51,"column":null}},"19":{"start":{"line":58,"column":4},"end":{"line":58,"column":null}},"20":{"start":{"line":62,"column":4},"end":{"line":62,"column":null}},"21":{"start":{"line":62,"column":28},"end":{"line":62,"column":null}},"22":{"start":{"line":63,"column":4},"end":{"line":63,"column":null}},"23":{"start":{"line":66,"column":2},"end":{"line":162,"column":null}},"24":{"start":{"line":99,"column":35},"end":{"line":99,"column":59}},"25":{"start":{"line":117,"column":35},"end":{"line":117,"column":62}}},"fnMap":{"0":{"name":"LoginPage","decl":{"start":{"line":9,"column":16},"end":{"line":9,"column":28}},"loc":{"start":{"line":9,"column":28},"end":{"line":162,"column":null}},"line":9},"1":{"name":"handleSubmit","decl":{"start":{"line":33,"column":11},"end":{"line":33,"column":24}},"loc":{"start":{"line":33,"column":38},"end":{"line":43,"column":null}},"line":33},"2":{"name":"(anonymous_2)","decl":{"start":{"line":38,"column":8},"end":{"line":38,"column":20}},"loc":{"start":{"line":38,"column":29},"end":{"line":42,"column":null}},"line":38},"3":{"name":"handleOtpComplete","decl":{"start":{"line":46,"column":11},"end":{"line":46,"column":29}},"loc":{"start":{"line":46,"column":43},"end":{"line":54,"column":null}},"line":46},"4":{"name":"(anonymous_4)","decl":{"start":{"line":50,"column":8},"end":{"line":50,"column":25}},"loc":{"start":{"line":50,"column":25},"end":{"line":53,"column":null}},"line":50},"5":{"name":"handleResendOtp","decl":{"start":{"line":57,"column":11},"end":{"line":57,"column":29}},"loc":{"start":{"line":57,"column":29},"end":{"line":58,"column":null}},"line":57},"6":{"name":"getOtpError","decl":{"start":{"line":61,"column":11},"end":{"line":61,"column":40}},"loc":{"start":{"line":61,"column":40},"end":{"line":63,"column":null}},"line":61},"7":{"name":"(anonymous_7)","decl":{"start":{"line":99,"column":18},"end":{"line":99,"column":29}},"loc":{"start":{"line":99,"column":35},"end":{"line":99,"column":59}},"line":99},"8":{"name":"(anonymous_8)","decl":{"start":{"line":117,"column":18},"end":{"line":117,"column":29}},"loc":{"start":{"line":117,"column":35},"end":{"line":117,"column":62}},"line":117}},"branchMap":{"0":{"loc":{"start":{"line":21,"column":2},"end":{"line":25,"column":null}},"type":"if","locations":[{"start":{"line":21,"column":2},"end":{"line":25,"column":null}},{"start":{},"end":{}}],"line":21},"1":{"loc":{"start":{"line":29,"column":2},"end":{"line":30,"column":null}},"type":"if","locations":[{"start":{"line":29,"column":2},"end":{"line":30,"column":null}},{"start":{},"end":{}}],"line":29},"2":{"loc":{"start":{"line":62,"column":4},"end":{"line":62,"column":null}},"type":"if","locations":[{"start":{"line":62,"column":4},"end":{"line":62,"column":null}},{"start":{},"end":{}}],"line":62},"3":{"loc":{"start":{"line":63,"column":11},"end":{"line":63,"column":null}},"type":"binary-expr","locations":[{"start":{"line":63,"column":11},"end":{"line":63,"column":39}},{"start":{"line":63,"column":39},"end":{"line":63,"column":null}}],"line":63},"4":{"loc":{"start":{"line":77,"column":13},"end":{"line":79,"column":null}},"type":"cond-expr","locations":[{"start":{"line":78,"column":16},"end":{"line":78,"column":null}},{"start":{"line":79,"column":16},"end":{"line":79,"column":null}}],"line":77},"5":{"loc":{"start":{"line":84,"column":11},"end":{"line":160,"column":null}},"type":"cond-expr","locations":[{"start":{"line":85,"column":12},"end":{"line":139,"column":13}},{"start":{"line":139,"column":12},"end":{"line":160,"column":null}}],"line":84},"6":{"loc":{"start":{"line":122,"column":15},"end":{"line":125,"column":null}},"type":"binary-expr","locations":[{"start":{"line":122,"column":15},"end":{"line":122,"column":null}},{"start":{"line":123,"column":16},"end":{"line":125,"column":null}}],"line":122},"7":{"loc":{"start":{"line":124,"column":19},"end":{"line":124,"column":null}},"type":"binary-expr","locations":[{"start":{"line":124,"column":19},"end":{"line":124,"column":43}},{"start":{"line":124,"column":43},"end":{"line":124,"column":null}}],"line":124},"8":{"loc":{"start":{"line":135,"column":17},"end":{"line":135,"column":null}},"type":"cond-expr","locations":[{"start":{"line":135,"column":35},"end":{"line":135,"column":52}},{"start":{"line":135,"column":52},"end":{"line":135,"column":null}}],"line":135},"9":{"loc":{"start":{"line":147,"column":15},"end":{"line":150,"column":null}},"type":"binary-expr","locations":[{"start":{"line":147,"column":15},"end":{"line":147,"column":null}},{"start":{"line":148,"column":16},"end":{"line":150,"column":null}}],"line":147},"10":{"loc":{"start":{"line":153,"column":15},"end":{"line":156,"column":null}},"type":"binary-expr","locations":[{"start":{"line":153,"column":15},"end":{"line":153,"column":null}},{"start":{"line":154,"column":16},"end":{"line":156,"column":null}}],"line":153}},"s":{"0":48,"1":48,"2":48,"3":48,"4":48,"5":48,"6":48,"7":48,"8":48,"9":48,"10":1,"11":47,"12":1,"13":10,"14":10,"15":9,"16":9,"17":2,"18":1,"19":1,"20":9,"21":7,"22":2,"23":46,"24":10,"25":10},"f":{"0":48,"1":10,"2":9,"3":2,"4":1,"5":1,"6":9,"7":10,"8":10},"b":{"0":[1,47],"1":[1,46],"2":[7,2],"3":[2,1],"4":[37,9],"5":[37,9],"6":[37,2],"7":[2,1],"8":[1,36],"9":[9,1],"10":[9,1]},"meta":{"lastBranch":11,"lastFunction":9,"lastStatement":26,"seen":{"f:9:16:9:28":0,"s:10:22:10:43":0,"s:11:8:11:26":1,"s:12:8:12:34":2,"s:13:8:13:34":3,"s:14:8:14:32":4,"s:16:15:16:72":5,"s:17:16:17:40":6,"s:18:19:18:46":7,"s:19:17:19:42":8,"b:21:2:25:Infinity:undefined:undefined:undefined:undefined":0,"s:21:2:25:Infinity":9,"s:22:4:25:Infinity":10,"b:29:2:30:Infinity:undefined:undefined:undefined:undefined":1,"s:29:2:30:Infinity":11,"s:30:4:30:Infinity":12,"f:33:11:33:24":1,"s:34:4:34:Infinity":13,"s:35:4:43:Infinity":14,"f:38:8:38:20":2,"s:39:10:39:Infinity":15,"s:40:10:40:Infinity":16,"f:46:11:46:29":3,"s:47:4:54:Infinity":17,"f:50:8:50:25":4,"s:51:10:51:Infinity":18,"f:57:11:57:29":5,"s:58:4:58:Infinity":19,"f:61:11:61:40":6,"b:62:4:62:Infinity:undefined:undefined:undefined:undefined":2,"s:62:4:62:Infinity":20,"s:62:28:62:Infinity":21,"s:63:4:63:Infinity":22,"b:63:11:63:39:63:39:63:Infinity":3,"s:66:2:162:Infinity":23,"b:78:16:78:Infinity:79:16:79:Infinity":4,"b:85:12:139:13:139:12:160:Infinity":5,"f:99:18:99:29":7,"s:99:35:99:59":24,"f:117:18:117:29":8,"s:117:35:117:62":25,"b:122:15:122:Infinity:123:16:125:Infinity":6,"b:124:19:124:43:124:43:124:Infinity":7,"b:135:35:135:52:135:52:135:Infinity":8,"b:147:15:147:Infinity:148:16:150:Infinity":9,"b:153:15:153:Infinity:154:16:156:Infinity":10}}}
,"/Users/douglassiteflow/dev/saleflow/frontend/src/pages/meetings.tsx": {"path":"/Users/douglassiteflow/dev/saleflow/frontend/src/pages/meetings.tsx","statementMap":{"0":{"start":{"line":10,"column":19},"end":{"line":10,"column":49}},"1":{"start":{"line":12,"column":26},"end":{"line":12,"column":53}},"2":{"start":{"line":13,"column":8},"end":{"line":13,"column":42}},"3":{"start":{"line":16,"column":4},"end":{"line":17,"column":null}},"4":{"start":{"line":17,"column":6},"end":{"line":17,"column":null}},"5":{"start":{"line":21,"column":8},"end":{"line":21,"column":75}},"6":{"start":{"line":21,"column":50},"end":{"line":21,"column":75}},"7":{"start":{"line":23,"column":2},"end":{"line":127,"column":null}},"8":{"start":{"line":35,"column":25},"end":{"line":35,"column":47}},"9":{"start":{"line":35,"column":44},"end":{"line":35,"column":47}},"10":{"start":{"line":43,"column":37},"end":{"line":43,"column":55}},"11":{"start":{"line":86,"column":18},"end":{"line":121,"column":null}},"12":{"start":{"line":114,"column":41},"end":{"line":114,"column":65}}},"fnMap":{"0":{"name":"MeetingsPage","decl":{"start":{"line":9,"column":16},"end":{"line":9,"column":31}},"loc":{"start":{"line":9,"column":31},"end":{"line":127,"column":null}},"line":9},"1":{"name":"handleCancel","decl":{"start":{"line":15,"column":11},"end":{"line":15,"column":24}},"loc":{"start":{"line":15,"column":36},"end":{"line":17,"column":null}},"line":15},"2":{"name":"(anonymous_2)","decl":{"start":{"line":21,"column":36},"end":{"line":21,"column":44}},"loc":{"start":{"line":21,"column":50},"end":{"line":21,"column":75}},"line":21},"3":{"name":"(anonymous_3)","decl":{"start":{"line":35,"column":10},"end":{"line":35,"column":25}},"loc":{"start":{"line":35,"column":25},"end":{"line":35,"column":47}},"line":35},"4":{"name":"(anonymous_4)","decl":{"start":{"line":35,"column":25},"end":{"line":35,"column":38}},"loc":{"start":{"line":35,"column":44},"end":{"line":35,"column":47}},"line":35},"5":{"name":"(anonymous_5)","decl":{"start":{"line":43,"column":21},"end":{"line":43,"column":37}},"loc":{"start":{"line":43,"column":37},"end":{"line":43,"column":55}},"line":43},"6":{"name":"(anonymous_6)","decl":{"start":{"line":85,"column":26},"end":{"line":85,"column":31}},"loc":{"start":{"line":86,"column":18},"end":{"line":121,"column":null}},"line":86},"7":{"name":"(anonymous_7)","decl":{"start":{"line":114,"column":26},"end":{"line":114,"column":41}},"loc":{"start":{"line":114,"column":41},"end":{"line":114,"column":65}},"line":114}},"branchMap":{"0":{"loc":{"start":{"line":16,"column":4},"end":{"line":17,"column":null}},"type":"if","locations":[{"start":{"line":16,"column":4},"end":{"line":17,"column":null}},{"start":{},"end":{}}],"line":16},"1":{"loc":{"start":{"line":21,"column":20},"end":{"line":21,"column":34}},"type":"binary-expr","locations":[{"start":{"line":21,"column":20},"end":{"line":21,"column":32}},{"start":{"line":21,"column":32},"end":{"line":21,"column":34}}],"line":21},"2":{"loc":{"start":{"line":34,"column":19},"end":{"line":34,"column":null}},"type":"cond-expr","locations":[{"start":{"line":34,"column":30},"end":{"line":34,"column":44}},{"start":{"line":34,"column":44},"end":{"line":34,"column":null}}],"line":34},"3":{"loc":{"start":{"line":37,"column":11},"end":{"line":37,"column":null}},"type":"cond-expr","locations":[{"start":{"line":37,"column":22},"end":{"line":37,"column":41}},{"start":{"line":37,"column":41},"end":{"line":37,"column":null}}],"line":37},"4":{"loc":{"start":{"line":42,"column":7},"end":{"line":43,"column":null}},"type":"binary-expr","locations":[{"start":{"line":42,"column":7},"end":{"line":42,"column":null}},{"start":{"line":43,"column":8},"end":{"line":43,"column":null}}],"line":42},"5":{"loc":{"start":{"line":50,"column":9},"end":{"line":127,"column":null}},"type":"cond-expr","locations":[{"start":{"line":51,"column":10},"end":{"line":54,"column":21}},{"start":{"line":54,"column":12},"end":{"line":127,"column":null}}],"line":50},"6":{"loc":{"start":{"line":54,"column":12},"end":{"line":127,"column":null}},"type":"cond-expr","locations":[{"start":{"line":55,"column":10},"end":{"line":59,"column":11}},{"start":{"line":59,"column":10},"end":{"line":127,"column":null}}],"line":54},"7":{"loc":{"start":{"line":89,"column":22},"end":{"line":91,"column":null}},"type":"cond-expr","locations":[{"start":{"line":90,"column":26},"end":{"line":90,"column":null}},{"start":{"line":91,"column":26},"end":{"line":91,"column":null}}],"line":89},"8":{"loc":{"start":{"line":99,"column":23},"end":{"line":103,"column":null}},"type":"binary-expr","locations":[{"start":{"line":99,"column":23},"end":{"line":99,"column":null}},{"start":{"line":100,"column":24},"end":{"line":103,"column":null}}],"line":99},"9":{"loc":{"start":{"line":101,"column":27},"end":{"line":102,"column":null}},"type":"binary-expr","locations":[{"start":{"line":101,"column":27},"end":{"line":101,"column":null}},{"start":{"line":102,"column":28},"end":{"line":102,"column":null}}],"line":101},"10":{"loc":{"start":{"line":110,"column":23},"end":{"line":118,"column":null}},"type":"binary-expr","locations":[{"start":{"line":110,"column":23},"end":{"line":110,"column":null}},{"start":{"line":111,"column":24},"end":{"line":118,"column":null}}],"line":110}},"s":{"0":17,"1":17,"2":17,"3":2,"4":1,"5":17,"6":28,"7":17,"8":2,"9":2,"10":1,"11":16,"12":2},"f":{"0":17,"1":2,"2":28,"3":2,"4":2,"5":1,"6":16,"7":2},"b":{"0":[1,1],"1":[17,1],"2":[2,15],"3":[2,15],"4":[17,2],"5":[1,16],"6":[1,15],"7":[1,15],"8":[16,13],"9":[13,1],"10":[16,15]},"meta":{"lastBranch":11,"lastFunction":8,"lastStatement":13,"seen":{"f:9:16:9:31":0,"s:10:19:10:49":0,"s:12:26:12:53":1,"s:13:8:13:42":2,"f:15:11:15:24":1,"b:16:4:17:Infinity:undefined:undefined:undefined:undefined":0,"s:16:4:17:Infinity":3,"s:17:6:17:Infinity":4,"s:21:8:21:75":5,"b:21:20:21:32:21:32:21:34":1,"f:21:36:21:44":2,"s:21:50:21:75":6,"s:23:2:127:Infinity":7,"b:34:30:34:44:34:44:34:Infinity":2,"f:35:10:35:25":3,"s:35:25:35:47":8,"f:35:25:35:38":4,"s:35:44:35:47":9,"b:37:22:37:41:37:41:37:Infinity":3,"b:42:7:42:Infinity:43:8:43:Infinity":4,"f:43:21:43:37":5,"s:43:37:43:55":10,"b:51:10:54:21:54:12:127:Infinity":5,"b:55:10:59:11:59:10:127:Infinity":6,"f:85:26:85:31":6,"s:86:18:121:Infinity":11,"b:90:26:90:Infinity:91:26:91:Infinity":7,"b:99:23:99:Infinity:100:24:103:Infinity":8,"b:101:27:101:Infinity:102:28:102:Infinity":9,"b:110:23:110:Infinity:111:24:118:Infinity":10,"f:114:26:114:41":7,"s:114:41:114:65":12}}}
,"/Users/douglassiteflow/dev/saleflow/frontend/src/pages/profile.tsx": {"path":"/Users/douglassiteflow/dev/saleflow/frontend/src/pages/profile.tsx","statementMap":{"0":{"start":{"line":8,"column":16},"end":{"line":8,"column":32}},"1":{"start":{"line":9,"column":37},"end":{"line":9,"column":72}},"2":{"start":{"line":10,"column":8},"end":{"line":10,"column":34}},"3":{"start":{"line":11,"column":8},"end":{"line":11,"column":52}},"4":{"start":{"line":14,"column":4},"end":{"line":14,"column":null}},"5":{"start":{"line":18,"column":4},"end":{"line":18,"column":null}},"6":{"start":{"line":21,"column":2},"end":{"line":73,"column":null}}},"fnMap":{"0":{"name":"ProfilePage","decl":{"start":{"line":7,"column":16},"end":{"line":7,"column":30}},"loc":{"start":{"line":7,"column":30},"end":{"line":73,"column":null}},"line":7},"1":{"name":"handleSessionLogout","decl":{"start":{"line":13,"column":11},"end":{"line":13,"column":31}},"loc":{"start":{"line":13,"column":50},"end":{"line":14,"column":null}},"line":13},"2":{"name":"handleLogoutAll","decl":{"start":{"line":17,"column":11},"end":{"line":17,"column":29}},"loc":{"start":{"line":17,"column":29},"end":{"line":18,"column":null}},"line":17}},"branchMap":{"0":{"loc":{"start":{"line":39,"column":14},"end":{"line":41,"column":null}},"type":"cond-expr","locations":[{"start":{"line":40,"column":18},"end":{"line":40,"column":null}},{"start":{"line":41,"column":18},"end":{"line":41,"column":null}}],"line":39},"1":{"loc":{"start":{"line":44,"column":13},"end":{"line":44,"column":null}},"type":"cond-expr","locations":[{"start":{"line":44,"column":38},"end":{"line":44,"column":48}},{"start":{"line":44,"column":48},"end":{"line":44,"column":null}}],"line":44},"2":{"loc":{"start":{"line":60,"column":15},"end":{"line":60,"column":null}},"type":"cond-expr","locations":[{"start":{"line":60,"column":37},"end":{"line":60,"column":54}},{"start":{"line":60,"column":54},"end":{"line":60,"column":null}}],"line":60},"3":{"loc":{"start":{"line":64,"column":11},"end":{"line":70,"column":null}},"type":"cond-expr","locations":[{"start":{"line":65,"column":12},"end":{"line":67,"column":13}},{"start":{"line":67,"column":12},"end":{"line":70,"column":null}}],"line":64},"4":{"loc":{"start":{"line":68,"column":24},"end":{"line":68,"column":38}},"type":"binary-expr","locations":[{"start":{"line":68,"column":24},"end":{"line":68,"column":36}},{"start":{"line":68,"column":36},"end":{"line":68,"column":38}}],"line":68}},"s":{"0":14,"1":14,"2":14,"3":14,"4":1,"5":1,"6":14},"f":{"0":14,"1":1,"2":1},"b":{"0":[1,13],"1":[1,13],"2":[1,13],"3":[1,13],"4":[13,2]},"meta":{"lastBranch":5,"lastFunction":3,"lastStatement":7,"seen":{"f:7:16:7:30":0,"s:8:16:8:32":0,"s:9:37:9:72":1,"s:10:8:10:34":2,"s:11:8:11:52":3,"f:13:11:13:31":1,"s:14:4:14:Infinity":4,"f:17:11:17:29":2,"s:18:4:18:Infinity":5,"s:21:2:73:Infinity":6,"b:40:18:40:Infinity:41:18:41:Infinity":0,"b:44:38:44:48:44:48:44:Infinity":1,"b:60:37:60:54:60:54:60:Infinity":2,"b:65:12:67:13:67:12:70:Infinity":3,"b:68:24:68:36:68:36:68:38":4}}}
}
