{"/Users/douglassiteflow/dev/saleflow/frontend/src/app.tsx": {"path":"/Users/douglassiteflow/dev/saleflow/frontend/src/app.tsx","statementMap":{"0":{"start":{"line":27,"column":6},"end":{"line":27,"column":null}},"1":{"start":{"line":27,"column":33},"end":{"line":27,"column":null}},"2":{"start":{"line":27,"column":77},"end":{"line":27,"column":null}},"3":{"start":{"line":28,"column":6},"end":{"line":28,"column":null}},"4":{"start":{"line":28,"column":34},"end":{"line":28,"column":null}},"5":{"start":{"line":28,"column":79},"end":{"line":28,"column":null}},"6":{"start":{"line":29,"column":6},"end":{"line":29,"column":null}},"7":{"start":{"line":29,"column":35},"end":{"line":29,"column":null}},"8":{"start":{"line":29,"column":81},"end":{"line":29,"column":null}},"9":{"start":{"line":30,"column":6},"end":{"line":30,"column":null}},"10":{"start":{"line":30,"column":34},"end":{"line":30,"column":null}},"11":{"start":{"line":30,"column":79},"end":{"line":30,"column":null}},"12":{"start":{"line":31,"column":6},"end":{"line":31,"column":null}},"13":{"start":{"line":31,"column":34},"end":{"line":31,"column":null}},"14":{"start":{"line":31,"column":79},"end":{"line":31,"column":null}},"15":{"start":{"line":32,"column":6},"end":{"line":32,"column":null}},"16":{"start":{"line":32,"column":37},"end":{"line":32,"column":null}},"17":{"start":{"line":32,"column":85},"end":{"line":32,"column":null}},"18":{"start":{"line":33,"column":6},"end":{"line":33,"column":null}},"19":{"start":{"line":33,"column":31},"end":{"line":33,"column":null}},"20":{"start":{"line":33,"column":72},"end":{"line":33,"column":null}},"21":{"start":{"line":34,"column":6},"end":{"line":34,"column":null}},"22":{"start":{"line":34,"column":33},"end":{"line":34,"column":null}},"23":{"start":{"line":34,"column":77},"end":{"line":34,"column":null}},"24":{"start":{"line":35,"column":6},"end":{"line":35,"column":null}},"25":{"start":{"line":35,"column":38},"end":{"line":35,"column":null}},"26":{"start":{"line":35,"column":88},"end":{"line":35,"column":null}},"27":{"start":{"line":36,"column":6},"end":{"line":36,"column":null}},"28":{"start":{"line":36,"column":37},"end":{"line":36,"column":null}},"29":{"start":{"line":36,"column":85},"end":{"line":36,"column":null}},"30":{"start":{"line":37,"column":6},"end":{"line":37,"column":null}},"31":{"start":{"line":37,"column":32},"end":{"line":37,"column":null}},"32":{"start":{"line":37,"column":74},"end":{"line":37,"column":null}},"33":{"start":{"line":38,"column":6},"end":{"line":38,"column":null}},"34":{"start":{"line":38,"column":38},"end":{"line":38,"column":null}},"35":{"start":{"line":38,"column":87},"end":{"line":38,"column":null}},"36":{"start":{"line":39,"column":6},"end":{"line":39,"column":null}},"37":{"start":{"line":39,"column":33},"end":{"line":39,"column":null}},"38":{"start":{"line":39,"column":76},"end":{"line":39,"column":null}},"39":{"start":{"line":40,"column":6},"end":{"line":40,"column":null}},"40":{"start":{"line":40,"column":38},"end":{"line":40,"column":null}},"41":{"start":{"line":40,"column":87},"end":{"line":40,"column":null}},"42":{"start":{"line":41,"column":6},"end":{"line":41,"column":null}},"43":{"start":{"line":41,"column":36},"end":{"line":41,"column":null}},"44":{"start":{"line":41,"column":83},"end":{"line":41,"column":null}},"45":{"start":{"line":43,"column":20},"end":{"line":45,"column":2}},"46":{"start":{"line":48,"column":2},"end":{"line":51,"column":null}},"47":{"start":{"line":56,"column":2},"end":{"line":100,"column":null}}},"fnMap":{"0":{"name":"(anonymous_0)","decl":{"start":{"line":27,"column":22},"end":{"line":27,"column":33}},"loc":{"start":{"line":27,"column":33},"end":{"line":27,"column":null}},"line":27},"1":{"name":"(anonymous_1)","decl":{"start":{"line":27,"column":68},"end":{"line":27,"column":75}},"loc":{"start":{"line":27,"column":77},"end":{"line":27,"column":null}},"line":27},"2":{"name":"(anonymous_2)","decl":{"start":{"line":28,"column":23},"end":{"line":28,"column":34}},"loc":{"start":{"line":28,"column":34},"end":{"line":28,"column":null}},"line":28},"3":{"name":"(anonymous_3)","decl":{"start":{"line":28,"column":70},"end":{"line":28,"column":77}},"loc":{"start":{"line":28,"column":79},"end":{"line":28,"column":null}},"line":28},"4":{"name":"(anonymous_4)","decl":{"start":{"line":29,"column":24},"end":{"line":29,"column":35}},"loc":{"start":{"line":29,"column":35},"end":{"line":29,"column":null}},"line":29},"5":{"name":"(anonymous_5)","decl":{"start":{"line":29,"column":72},"end":{"line":29,"column":79}},"loc":{"start":{"line":29,"column":81},"end":{"line":29,"column":null}},"line":29},"6":{"name":"(anonymous_6)","decl":{"start":{"line":30,"column":23},"end":{"line":30,"column":34}},"loc":{"start":{"line":30,"column":34},"end":{"line":30,"column":null}},"line":30},"7":{"name":"(anonymous_7)","decl":{"start":{"line":30,"column":70},"end":{"line":30,"column":77}},"loc":{"start":{"line":30,"column":79},"end":{"line":30,"column":null}},"line":30},"8":{"name":"(anonymous_8)","decl":{"start":{"line":31,"column":23},"end":{"line":31,"column":34}},"loc":{"start":{"line":31,"column":34},"end":{"line":31,"column":null}},"line":31},"9":{"name":"(anonymous_9)","decl":{"start":{"line":31,"column":70},"end":{"line":31,"column":77}},"loc":{"start":{"line":31,"column":79},"end":{"line":31,"column":null}},"line":31},"10":{"name":"(anonymous_10)","decl":{"start":{"line":32,"column":26},"end":{"line":32,"column":37}},"loc":{"start":{"line":32,"column":37},"end":{"line":32,"column":null}},"line":32},"11":{"name":"(anonymous_11)","decl":{"start":{"line":32,"column":76},"end":{"line":32,"column":83}},"loc":{"start":{"line":32,"column":85},"end":{"line":32,"column":null}},"line":32},"12":{"name":"(anonymous_12)","decl":{"start":{"line":33,"column":20},"end":{"line":33,"column":31}},"loc":{"start":{"line":33,"column":31},"end":{"line":33,"column":null}},"line":33},"13":{"name":"(anonymous_13)","decl":{"start":{"line":33,"column":63},"end":{"line":33,"column":70}},"loc":{"start":{"line":33,"column":72},"end":{"line":33,"column":null}},"line":33},"14":{"name":"(anonymous_14)","decl":{"start":{"line":34,"column":22},"end":{"line":34,"column":33}},"loc":{"start":{"line":34,"column":33},"end":{"line":34,"column":null}},"line":34},"15":{"name":"(anonymous_15)","decl":{"start":{"line":34,"column":68},"end":{"line":34,"column":75}},"loc":{"start":{"line":34,"column":77},"end":{"line":34,"column":null}},"line":34},"16":{"name":"(anonymous_16)","decl":{"start":{"line":35,"column":27},"end":{"line":35,"column":38}},"loc":{"start":{"line":35,"column":38},"end":{"line":35,"column":null}},"line":35},"17":{"name":"(anonymous_17)","decl":{"start":{"line":35,"column":79},"end":{"line":35,"column":86}},"loc":{"start":{"line":35,"column":88},"end":{"line":35,"column":null}},"line":35},"18":{"name":"(anonymous_18)","decl":{"start":{"line":36,"column":26},"end":{"line":36,"column":37}},"loc":{"start":{"line":36,"column":37},"end":{"line":36,"column":null}},"line":36},"19":{"name":"(anonymous_19)","decl":{"start":{"line":36,"column":76},"end":{"line":36,"column":83}},"loc":{"start":{"line":36,"column":85},"end":{"line":36,"column":null}},"line":36},"20":{"name":"(anonymous_20)","decl":{"start":{"line":37,"column":21},"end":{"line":37,"column":32}},"loc":{"start":{"line":37,"column":32},"end":{"line":37,"column":null}},"line":37},"21":{"name":"(anonymous_21)","decl":{"start":{"line":37,"column":65},"end":{"line":37,"column":72}},"loc":{"start":{"line":37,"column":74},"end":{"line":37,"column":null}},"line":37},"22":{"name":"(anonymous_22)","decl":{"start":{"line":38,"column":27},"end":{"line":38,"column":38}},"loc":{"start":{"line":38,"column":38},"end":{"line":38,"column":null}},"line":38},"23":{"name":"(anonymous_23)","decl":{"start":{"line":38,"column":78},"end":{"line":38,"column":85}},"loc":{"start":{"line":38,"column":87},"end":{"line":38,"column":null}},"line":38},"24":{"name":"(anonymous_24)","decl":{"start":{"line":39,"column":22},"end":{"line":39,"column":33}},"loc":{"start":{"line":39,"column":33},"end":{"line":39,"column":null}},"line":39},"25":{"name":"(anonymous_25)","decl":{"start":{"line":39,"column":67},"end":{"line":39,"column":74}},"loc":{"start":{"line":39,"column":76},"end":{"line":39,"column":null}},"line":39},"26":{"name":"(anonymous_26)","decl":{"start":{"line":40,"column":27},"end":{"line":40,"column":38}},"loc":{"start":{"line":40,"column":38},"end":{"line":40,"column":null}},"line":40},"27":{"name":"(anonymous_27)","decl":{"start":{"line":40,"column":78},"end":{"line":40,"column":85}},"loc":{"start":{"line":40,"column":87},"end":{"line":40,"column":null}},"line":40},"28":{"name":"(anonymous_28)","decl":{"start":{"line":41,"column":25},"end":{"line":41,"column":36}},"loc":{"start":{"line":41,"column":36},"end":{"line":41,"column":null}},"line":41},"29":{"name":"(anonymous_29)","decl":{"start":{"line":41,"column":74},"end":{"line":41,"column":81}},"loc":{"start":{"line":41,"column":83},"end":{"line":41,"column":null}},"line":41},"30":{"name":"LazyFallback","decl":{"start":{"line":47,"column":9},"end":{"line":47,"column":24}},"loc":{"start":{"line":47,"column":24},"end":{"line":51,"column":null}},"line":47},"31":{"name":"App","decl":{"start":{"line":55,"column":16},"end":{"line":55,"column":22}},"loc":{"start":{"line":55,"column":22},"end":{"line":100,"column":null}},"line":55}},"branchMap":{"0":{"loc":{"start":{"line":97,"column":50},"end":{"line":97,"column":102}},"type":"cond-expr","locations":[{"start":{"line":97,"column":83},"end":{"line":97,"column":92}},{"start":{"line":97,"column":92},"end":{"line":97,"column":102}}],"line":97}},"s":{"0":0,"1":0,"2":0,"3":0,"4":0,"5":0,"6":0,"7":0,"8":0,"9":0,"10":0,"11":0,"12":0,"13":0,"14":0,"15":0,"16":0,"17":0,"18":0,"19":0,"20":0,"21":0,"22":0,"23":0,"24":0,"25":0,"26":0,"27":0,"28":0,"29":0,"30":0,"31":0,"32":0,"33":0,"34":0,"35":0,"36":0,"37":0,"38":0,"39":0,"40":0,"41":0,"42":0,"43":0,"44":0,"45":0,"46":0,"47":0},"f":{"0":0,"1":0,"2":0,"3":0,"4":0,"5":0,"6":0,"7":0,"8":0,"9":0,"10":0,"11":0,"12":0,"13":0,"14":0,"15":0,"16":0,"17":0,"18":0,"19":0,"20":0,"21":0,"22":0,"23":0,"24":0,"25":0,"26":0,"27":0,"28":0,"29":0,"30":0,"31":0},"b":{"0":[0,0]},"meta":{"lastBranch":1,"lastFunction":32,"lastStatement":48,"seen":{"s:27:6:27:Infinity":0,"f:27:22:27:33":0,"s:27:33:27:Infinity":1,"f:27:68:27:75":1,"s:27:77:27:Infinity":2,"s:28:6:28:Infinity":3,"f:28:23:28:34":2,"s:28:34:28:Infinity":4,"f:28:70:28:77":3,"s:28:79:28:Infinity":5,"s:29:6:29:Infinity":6,"f:29:24:29:35":4,"s:29:35:29:Infinity":7,"f:29:72:29:79":5,"s:29:81:29:Infinity":8,"s:30:6:30:Infinity":9,"f:30:23:30:34":6,"s:30:34:30:Infinity":10,"f:30:70:30:77":7,"s:30:79:30:Infinity":11,"s:31:6:31:Infinity":12,"f:31:23:31:34":8,"s:31:34:31:Infinity":13,"f:31:70:31:77":9,"s:31:79:31:Infinity":14,"s:32:6:32:Infinity":15,"f:32:26:32:37":10,"s:32:37:32:Infinity":16,"f:32:76:32:83":11,"s:32:85:32:Infinity":17,"s:33:6:33:Infinity":18,"f:33:20:33:31":12,"s:33:31:33:Infinity":19,"f:33:63:33:70":13,"s:33:72:33:Infinity":20,"s:34:6:34:Infinity":21,"f:34:22:34:33":14,"s:34:33:34:Infinity":22,"f:34:68:34:75":15,"s:34:77:34:Infinity":23,"s:35:6:35:Infinity":24,"f:35:27:35:38":16,"s:35:38:35:Infinity":25,"f:35:79:35:86":17,"s:35:88:35:Infinity":26,"s:36:6:36:Infinity":27,"f:36:26:36:37":18,"s:36:37:36:Infinity":28,"f:36:76:36:83":19,"s:36:85:36:Infinity":29,"s:37:6:37:Infinity":30,"f:37:21:37:32":20,"s:37:32:37:Infinity":31,"f:37:65:37:72":21,"s:37:74:37:Infinity":32,"s:38:6:38:Infinity":33,"f:38:27:38:38":22,"s:38:38:38:Infinity":34,"f:38:78:38:85":23,"s:38:87:38:Infinity":35,"s:39:6:39:Infinity":36,"f:39:22:39:33":24,"s:39:33:39:Infinity":37,"f:39:67:39:74":25,"s:39:76:39:Infinity":38,"s:40:6:40:Infinity":39,"f:40:27:40:38":26,"s:40:38:40:Infinity":40,"f:40:78:40:85":27,"s:40:87:40:Infinity":41,"s:41:6:41:Infinity":42,"f:41:25:41:36":28,"s:41:36:41:Infinity":43,"f:41:74:41:81":29,"s:41:83:41:Infinity":44,"s:43:20:45:2":45,"f:47:9:47:24":30,"s:48:2:51:Infinity":46,"f:55:16:55:22":31,"s:56:2:100:Infinity":47,"b:97:83:97:92:97:92:97:102":0}}}
,"/Users/douglassiteflow/dev/saleflow/frontend/src/version.ts": {"path":"/Users/douglassiteflow/dev/saleflow/frontend/src/version.ts","statementMap":{"0":{"start":{"line":1,"column":27},"end":{"line":1,"column":35}}},"fnMap":{},"branchMap":{},"s":{"0":0},"f":{},"b":{},"meta":{"lastBranch":0,"lastFunction":0,"lastStatement":1,"seen":{"s:1:27:1:35":0}}}
,"/Users/douglassiteflow/dev/saleflow/frontend/src/api/admin.ts": {"path":"/Users/douglassiteflow/dev/saleflow/frontend/src/api/admin.ts","statementMap":{"0":{"start":{"line":6,"column":2},"end":{"line":12,"column":null}},"1":{"start":{"line":9,"column":19},"end":{"line":9,"column":66}},"2":{"start":{"line":10,"column":6},"end":{"line":10,"column":null}},"3":{"start":{"line":16,"column":2},"end":{"line":22,"column":null}},"4":{"start":{"line":19,"column":19},"end":{"line":19,"column":67}},"5":{"start":{"line":20,"column":6},"end":{"line":20,"column":null}},"6":{"start":{"line":34,"column":8},"end":{"line":34,"column":38}},"7":{"start":{"line":36,"column":2},"end":{"line":47,"column":null}},"8":{"start":{"line":38,"column":19},"end":{"line":41,"column":8}},"9":{"start":{"line":42,"column":6},"end":{"line":42,"column":null}},"10":{"start":{"line":45,"column":6},"end":{"line":45,"column":null}},"11":{"start":{"line":51,"column":8},"end":{"line":51,"column":38}},"12":{"start":{"line":53,"column":2},"end":{"line":64,"column":null}},"13":{"start":{"line":55,"column":19},"end":{"line":58,"column":8}},"14":{"start":{"line":59,"column":6},"end":{"line":59,"column":null}},"15":{"start":{"line":62,"column":6},"end":{"line":62,"column":null}},"16":{"start":{"line":68,"column":8},"end":{"line":68,"column":38}},"17":{"start":{"line":70,"column":2},"end":{"line":75,"column":null}},"18":{"start":{"line":71,"column":17},"end":{"line":71,"column":84}},"19":{"start":{"line":73,"column":6},"end":{"line":73,"column":null}}},"fnMap":{"0":{"name":"useAdminStats","decl":{"start":{"line":5,"column":16},"end":{"line":5,"column":32}},"loc":{"start":{"line":5,"column":32},"end":{"line":12,"column":null}},"line":5},"1":{"name":"(anonymous_1)","decl":{"start":{"line":8,"column":13},"end":{"line":8,"column":25}},"loc":{"start":{"line":8,"column":25},"end":{"line":10,"column":null}},"line":8},"2":{"name":"useAdminUsers","decl":{"start":{"line":15,"column":16},"end":{"line":15,"column":32}},"loc":{"start":{"line":15,"column":32},"end":{"line":22,"column":null}},"line":15},"3":{"name":"(anonymous_3)","decl":{"start":{"line":18,"column":13},"end":{"line":18,"column":25}},"loc":{"start":{"line":18,"column":25},"end":{"line":20,"column":null}},"line":18},"4":{"name":"useCreateUser","decl":{"start":{"line":33,"column":16},"end":{"line":33,"column":32}},"loc":{"start":{"line":33,"column":32},"end":{"line":47,"column":null}},"line":33},"5":{"name":"(anonymous_5)","decl":{"start":{"line":37,"column":16},"end":{"line":37,"column":23}},"loc":{"start":{"line":37,"column":34},"end":{"line":42,"column":null}},"line":37},"6":{"name":"(anonymous_6)","decl":{"start":{"line":44,"column":4},"end":{"line":44,"column":21}},"loc":{"start":{"line":44,"column":21},"end":{"line":45,"column":null}},"line":44},"7":{"name":"useUpdateUser","decl":{"start":{"line":50,"column":16},"end":{"line":50,"column":32}},"loc":{"start":{"line":50,"column":32},"end":{"line":64,"column":null}},"line":50},"8":{"name":"(anonymous_8)","decl":{"start":{"line":54,"column":16},"end":{"line":54,"column":23}},"loc":{"start":{"line":54,"column":49},"end":{"line":59,"column":null}},"line":54},"9":{"name":"(anonymous_9)","decl":{"start":{"line":61,"column":4},"end":{"line":61,"column":21}},"loc":{"start":{"line":61,"column":21},"end":{"line":62,"column":null}},"line":61},"10":{"name":"useImportLeads","decl":{"start":{"line":67,"column":16},"end":{"line":67,"column":33}},"loc":{"start":{"line":67,"column":33},"end":{"line":75,"column":null}},"line":67},"11":{"name":"(anonymous_11)","decl":{"start":{"line":71,"column":4},"end":{"line":71,"column":17}},"loc":{"start":{"line":71,"column":17},"end":{"line":71,"column":84}},"line":71},"12":{"name":"(anonymous_12)","decl":{"start":{"line":72,"column":4},"end":{"line":72,"column":21}},"loc":{"start":{"line":72,"column":21},"end":{"line":73,"column":null}},"line":72}},"branchMap":{},"s":{"0":0,"1":0,"2":0,"3":0,"4":0,"5":0,"6":0,"7":0,"8":0,"9":0,"10":0,"11":0,"12":0,"13":0,"14":0,"15":0,"16":0,"17":0,"18":0,"19":0},"f":{"0":0,"1":0,"2":0,"3":0,"4":0,"5":0,"6":0,"7":0,"8":0,"9":0,"10":0,"11":0,"12":0},"b":{},"meta":{"lastBranch":0,"lastFunction":13,"lastStatement":20,"seen":{"f:5:16:5:32":0,"s:6:2:12:Infinity":0,"f:8:13:8:25":1,"s:9:19:9:66":1,"s:10:6:10:Infinity":2,"f:15:16:15:32":2,"s:16:2:22:Infinity":3,"f:18:13:18:25":3,"s:19:19:19:67":4,"s:20:6:20:Infinity":5,"f:33:16:33:32":4,"s:34:8:34:38":6,"s:36:2:47:Infinity":7,"f:37:16:37:23":5,"s:38:19:41:8":8,"s:42:6:42:Infinity":9,"f:44:4:44:21":6,"s:45:6:45:Infinity":10,"f:50:16:50:32":7,"s:51:8:51:38":11,"s:53:2:64:Infinity":12,"f:54:16:54:23":8,"s:55:19:58:8":13,"s:59:6:59:Infinity":14,"f:61:4:61:21":9,"s:62:6:62:Infinity":15,"f:67:16:67:33":10,"s:68:8:68:38":16,"s:70:2:75:Infinity":17,"f:71:4:71:17":11,"s:71:17:71:84":18,"f:72:4:72:21":12,"s:73:6:73:Infinity":19}}}
,"/Users/douglassiteflow/dev/saleflow/frontend/src/api/apps.ts": {"path":"/Users/douglassiteflow/dev/saleflow/frontend/src/api/apps.ts","statementMap":{"0":{"start":{"line":6,"column":2},"end":{"line":13,"column":null}},"1":{"start":{"line":9,"column":19},"end":{"line":9,"column":62}},"2":{"start":{"line":10,"column":6},"end":{"line":10,"column":null}},"3":{"start":{"line":17,"column":2},"end":{"line":23,"column":null}},"4":{"start":{"line":20,"column":19},"end":{"line":20,"column":68}},"5":{"start":{"line":21,"column":6},"end":{"line":21,"column":null}},"6":{"start":{"line":27,"column":2},"end":{"line":33,"column":null}},"7":{"start":{"line":30,"column":6},"end":{"line":30,"column":null}},"8":{"start":{"line":37,"column":8},"end":{"line":37,"column":29}},"9":{"start":{"line":38,"column":2},"end":{"line":46,"column":null}},"10":{"start":{"line":40,"column":6},"end":{"line":40,"column":null}},"11":{"start":{"line":43,"column":6},"end":{"line":43,"column":null}},"12":{"start":{"line":44,"column":6},"end":{"line":44,"column":null}},"13":{"start":{"line":50,"column":8},"end":{"line":50,"column":29}},"14":{"start":{"line":51,"column":2},"end":{"line":61,"column":null}},"15":{"start":{"line":53,"column":6},"end":{"line":56,"column":null}},"16":{"start":{"line":59,"column":6},"end":{"line":59,"column":null}},"17":{"start":{"line":65,"column":8},"end":{"line":65,"column":29}},"18":{"start":{"line":66,"column":2},"end":{"line":73,"column":null}},"19":{"start":{"line":68,"column":6},"end":{"line":68,"column":null}},"20":{"start":{"line":71,"column":6},"end":{"line":71,"column":null}}},"fnMap":{"0":{"name":"useMyApps","decl":{"start":{"line":5,"column":16},"end":{"line":5,"column":28}},"loc":{"start":{"line":5,"column":28},"end":{"line":13,"column":null}},"line":5},"1":{"name":"(anonymous_1)","decl":{"start":{"line":8,"column":13},"end":{"line":8,"column":25}},"loc":{"start":{"line":8,"column":25},"end":{"line":10,"column":null}},"line":8},"2":{"name":"useAdminApps","decl":{"start":{"line":16,"column":16},"end":{"line":16,"column":31}},"loc":{"start":{"line":16,"column":31},"end":{"line":23,"column":null}},"line":16},"3":{"name":"(anonymous_3)","decl":{"start":{"line":19,"column":13},"end":{"line":19,"column":25}},"loc":{"start":{"line":19,"column":25},"end":{"line":21,"column":null}},"line":19},"4":{"name":"useAdminAppDetail","decl":{"start":{"line":26,"column":16},"end":{"line":26,"column":34}},"loc":{"start":{"line":26,"column":60},"end":{"line":33,"column":null}},"line":26},"5":{"name":"(anonymous_5)","decl":{"start":{"line":29,"column":13},"end":{"line":29,"column":25}},"loc":{"start":{"line":29,"column":25},"end":{"line":30,"column":null}},"line":29},"6":{"name":"useToggleApp","decl":{"start":{"line":36,"column":16},"end":{"line":36,"column":31}},"loc":{"start":{"line":36,"column":31},"end":{"line":46,"column":null}},"line":36},"7":{"name":"(anonymous_7)","decl":{"start":{"line":39,"column":16},"end":{"line":39,"column":23}},"loc":{"start":{"line":39,"column":40},"end":{"line":40,"column":null}},"line":39},"8":{"name":"(anonymous_8)","decl":{"start":{"line":42,"column":4},"end":{"line":42,"column":21}},"loc":{"start":{"line":42,"column":21},"end":{"line":44,"column":null}},"line":42},"9":{"name":"useAddPermission","decl":{"start":{"line":49,"column":16},"end":{"line":49,"column":35}},"loc":{"start":{"line":49,"column":35},"end":{"line":61,"column":null}},"line":49},"10":{"name":"(anonymous_10)","decl":{"start":{"line":52,"column":16},"end":{"line":52,"column":23}},"loc":{"start":{"line":52,"column":78},"end":{"line":56,"column":null}},"line":52},"11":{"name":"(anonymous_11)","decl":{"start":{"line":58,"column":4},"end":{"line":58,"column":21}},"loc":{"start":{"line":58,"column":21},"end":{"line":59,"column":null}},"line":58},"12":{"name":"useRemovePermission","decl":{"start":{"line":64,"column":16},"end":{"line":64,"column":38}},"loc":{"start":{"line":64,"column":38},"end":{"line":73,"column":null}},"line":64},"13":{"name":"(anonymous_13)","decl":{"start":{"line":67,"column":16},"end":{"line":67,"column":23}},"loc":{"start":{"line":67,"column":78},"end":{"line":68,"column":null}},"line":67},"14":{"name":"(anonymous_14)","decl":{"start":{"line":70,"column":4},"end":{"line":70,"column":21}},"loc":{"start":{"line":70,"column":21},"end":{"line":71,"column":null}},"line":70}},"branchMap":{},"s":{"0":0,"1":0,"2":0,"3":0,"4":0,"5":0,"6":0,"7":0,"8":0,"9":0,"10":0,"11":0,"12":0,"13":0,"14":0,"15":0,"16":0,"17":0,"18":0,"19":0,"20":0},"f":{"0":0,"1":0,"2":0,"3":0,"4":0,"5":0,"6":0,"7":0,"8":0,"9":0,"10":0,"11":0,"12":0,"13":0,"14":0},"b":{},"meta":{"lastBranch":0,"lastFunction":15,"lastStatement":21,"seen":{"f:5:16:5:28":0,"s:6:2:13:Infinity":0,"f:8:13:8:25":1,"s:9:19:9:62":1,"s:10:6:10:Infinity":2,"f:16:16:16:31":2,"s:17:2:23:Infinity":3,"f:19:13:19:25":3,"s:20:19:20:68":4,"s:21:6:21:Infinity":5,"f:26:16:26:34":4,"s:27:2:33:Infinity":6,"f:29:13:29:25":5,"s:30:6:30:Infinity":7,"f:36:16:36:31":6,"s:37:8:37:29":8,"s:38:2:46:Infinity":9,"f:39:16:39:23":7,"s:40:6:40:Infinity":10,"f:42:4:42:21":8,"s:43:6:43:Infinity":11,"s:44:6:44:Infinity":12,"f:49:16:49:35":9,"s:50:8:50:29":13,"s:51:2:61:Infinity":14,"f:52:16:52:23":10,"s:53:6:56:Infinity":15,"f:58:4:58:21":11,"s:59:6:59:Infinity":16,"f:64:16:64:38":12,"s:65:8:65:29":17,"s:66:2:73:Infinity":18,"f:67:16:67:23":13,"s:68:6:68:Infinity":19,"f:70:4:70:21":14,"s:71:6:71:Infinity":20}}}
,"/Users/douglassiteflow/dev/saleflow/frontend/src/api/audit.ts": {"path":"/Users/douglassiteflow/dev/saleflow/frontend/src/api/audit.ts","statementMap":{"0":{"start":{"line":6,"column":17},"end":{"line":6,"column":38}},"1":{"start":{"line":7,"column":2},"end":{"line":7,"column":null}},"2":{"start":{"line":7,"column":24},"end":{"line":7,"column":null}},"3":{"start":{"line":8,"column":2},"end":{"line":8,"column":null}},"4":{"start":{"line":8,"column":23},"end":{"line":8,"column":null}},"5":{"start":{"line":9,"column":13},"end":{"line":9,"column":30}},"6":{"start":{"line":11,"column":2},"end":{"line":17,"column":null}},"7":{"start":{"line":14,"column":19},"end":{"line":14,"column":91}},"8":{"start":{"line":15,"column":6},"end":{"line":15,"column":null}}},"fnMap":{"0":{"name":"useAuditLogs","decl":{"start":{"line":5,"column":16},"end":{"line":5,"column":29}},"loc":{"start":{"line":5,"column":78},"end":{"line":17,"column":null}},"line":5},"1":{"name":"(anonymous_1)","decl":{"start":{"line":13,"column":13},"end":{"line":13,"column":25}},"loc":{"start":{"line":13,"column":25},"end":{"line":15,"column":null}},"line":13}},"branchMap":{"0":{"loc":{"start":{"line":7,"column":2},"end":{"line":7,"column":null}},"type":"if","locations":[{"start":{"line":7,"column":2},"end":{"line":7,"column":null}},{"start":{},"end":{}}],"line":7},"1":{"loc":{"start":{"line":8,"column":2},"end":{"line":8,"column":null}},"type":"if","locations":[{"start":{"line":8,"column":2},"end":{"line":8,"column":null}},{"start":{},"end":{}}],"line":8},"2":{"loc":{"start":{"line":14,"column":70},"end":{"line":14,"column":91}},"type":"cond-expr","locations":[{"start":{"line":14,"column":75},"end":{"line":14,"column":86}},{"start":{"line":14,"column":86},"end":{"line":14,"column":91}}],"line":14}},"s":{"0":0,"1":0,"2":0,"3":0,"4":0,"5":0,"6":0,"7":0,"8":0},"f":{"0":0,"1":0},"b":{"0":[0,0],"1":[0,0],"2":[0,0]},"meta":{"lastBranch":3,"lastFunction":2,"lastStatement":9,"seen":{"f:5:16:5:29":0,"s:6:17:6:38":0,"b:7:2:7:Infinity:undefined:undefined:undefined:undefined":0,"s:7:2:7:Infinity":1,"s:7:24:7:Infinity":2,"b:8:2:8:Infinity:undefined:undefined:undefined:undefined":1,"s:8:2:8:Infinity":3,"s:8:23:8:Infinity":4,"s:9:13:9:30":5,"s:11:2:17:Infinity":6,"f:13:13:13:25":1,"s:14:19:14:91":7,"b:14:75:14:86:14:86:14:91":2,"s:15:6:15:Infinity":8}}}
,"/Users/douglassiteflow/dev/saleflow/frontend/src/api/auth.ts": {"path":"/Users/douglassiteflow/dev/saleflow/frontend/src/api/auth.ts","statementMap":{"0":{"start":{"line":13,"column":34},"end":{"line":13,"column":null}},"1":{"start":{"line":15,"column":2},"end":{"line":15,"column":null}},"2":{"start":{"line":19,"column":2},"end":{"line":36,"column":null}},"3":{"start":{"line":22,"column":6},"end":{"line":31,"column":null}},"4":{"start":{"line":23,"column":21},"end":{"line":23,"column":84}},"5":{"start":{"line":24,"column":8},"end":{"line":24,"column":null}},"6":{"start":{"line":25,"column":8},"end":{"line":25,"column":null}},"7":{"start":{"line":27,"column":8},"end":{"line":29,"column":null}},"8":{"start":{"line":28,"column":10},"end":{"line":28,"column":null}},"9":{"start":{"line":29,"column":10},"end":{"line":29,"column":null}},"10":{"start":{"line":31,"column":8},"end":{"line":31,"column":null}},"11":{"start":{"line":49,"column":2},"end":{"line":49,"column":null}},"12":{"start":{"line":55,"column":8},"end":{"line":55,"column":38}},"13":{"start":{"line":57,"column":2},"end":{"line":68,"column":null}},"14":{"start":{"line":58,"column":17},"end":{"line":62,"column":8}},"15":{"start":{"line":64,"column":6},"end":{"line":65,"column":null}},"16":{"start":{"line":65,"column":8},"end":{"line":65,"column":null}},"17":{"start":{"line":78,"column":8},"end":{"line":78,"column":38}},"18":{"start":{"line":80,"column":2},"end":{"line":89,"column":null}},"19":{"start":{"line":81,"column":17},"end":{"line":85,"column":8}},"20":{"start":{"line":87,"column":6},"end":{"line":87,"column":null}},"21":{"start":{"line":93,"column":2},"end":{"line":99,"column":null}},"22":{"start":{"line":94,"column":17},"end":{"line":98,"column":8}},"23":{"start":{"line":103,"column":8},"end":{"line":103,"column":38}},"24":{"start":{"line":105,"column":2},"end":{"line":113,"column":null}},"25":{"start":{"line":106,"column":4},"end":{"line":109,"column":8}},"26":{"start":{"line":111,"column":6},"end":{"line":111,"column":null}},"27":{"start":{"line":121,"column":2},"end":{"line":127,"column":null}},"28":{"start":{"line":122,"column":17},"end":{"line":126,"column":8}},"29":{"start":{"line":137,"column":2},"end":{"line":143,"column":null}},"30":{"start":{"line":138,"column":17},"end":{"line":142,"column":8}}},"fnMap":{"0":{"name":"getSocketToken","decl":{"start":{"line":14,"column":16},"end":{"line":14,"column":33}},"loc":{"start":{"line":14,"column":33},"end":{"line":15,"column":null}},"line":14},"1":{"name":"useMe","decl":{"start":{"line":18,"column":16},"end":{"line":18,"column":24}},"loc":{"start":{"line":18,"column":24},"end":{"line":36,"column":null}},"line":18},"2":{"name":"(anonymous_2)","decl":{"start":{"line":21,"column":13},"end":{"line":21,"column":25}},"loc":{"start":{"line":21,"column":25},"end":{"line":31,"column":null}},"line":21},"3":{"name":"isLoginTrustedResponse","decl":{"start":{"line":46,"column":9},"end":{"line":46,"column":null}},"loc":{"start":{"line":48,"column":32},"end":{"line":49,"column":null}},"line":48},"4":{"name":"useLogin","decl":{"start":{"line":54,"column":16},"end":{"line":54,"column":27}},"loc":{"start":{"line":54,"column":27},"end":{"line":68,"column":null}},"line":54},"5":{"name":"(anonymous_5)","decl":{"start":{"line":58,"column":4},"end":{"line":58,"column":17}},"loc":{"start":{"line":58,"column":17},"end":{"line":62,"column":8}},"line":58},"6":{"name":"(anonymous_6)","decl":{"start":{"line":63,"column":4},"end":{"line":63,"column":16}},"loc":{"start":{"line":63,"column":25},"end":{"line":65,"column":null}},"line":63},"7":{"name":"useVerifyOtp","decl":{"start":{"line":77,"column":16},"end":{"line":77,"column":31}},"loc":{"start":{"line":77,"column":31},"end":{"line":89,"column":null}},"line":77},"8":{"name":"(anonymous_8)","decl":{"start":{"line":81,"column":4},"end":{"line":81,"column":17}},"loc":{"start":{"line":81,"column":17},"end":{"line":85,"column":8}},"line":81},"9":{"name":"(anonymous_9)","decl":{"start":{"line":86,"column":4},"end":{"line":86,"column":16}},"loc":{"start":{"line":86,"column":25},"end":{"line":87,"column":null}},"line":86},"10":{"name":"useResendOtp","decl":{"start":{"line":92,"column":16},"end":{"line":92,"column":31}},"loc":{"start":{"line":92,"column":31},"end":{"line":99,"column":null}},"line":92},"11":{"name":"(anonymous_11)","decl":{"start":{"line":94,"column":4},"end":{"line":94,"column":17}},"loc":{"start":{"line":94,"column":17},"end":{"line":98,"column":8}},"line":94},"12":{"name":"useLogout","decl":{"start":{"line":102,"column":16},"end":{"line":102,"column":28}},"loc":{"start":{"line":102,"column":28},"end":{"line":113,"column":null}},"line":102},"13":{"name":"(anonymous_13)","decl":{"start":{"line":106,"column":4},"end":{"line":106,"column":null}},"loc":{"start":{"line":106,"column":4},"end":{"line":109,"column":8}},"line":106},"14":{"name":"(anonymous_14)","decl":{"start":{"line":110,"column":4},"end":{"line":110,"column":21}},"loc":{"start":{"line":110,"column":21},"end":{"line":111,"column":null}},"line":110},"15":{"name":"useForgotPassword","decl":{"start":{"line":120,"column":16},"end":{"line":120,"column":36}},"loc":{"start":{"line":120,"column":36},"end":{"line":127,"column":null}},"line":120},"16":{"name":"(anonymous_16)","decl":{"start":{"line":122,"column":4},"end":{"line":122,"column":17}},"loc":{"start":{"line":122,"column":17},"end":{"line":126,"column":8}},"line":122},"17":{"name":"useResetPassword","decl":{"start":{"line":136,"column":16},"end":{"line":136,"column":35}},"loc":{"start":{"line":136,"column":35},"end":{"line":143,"column":null}},"line":136},"18":{"name":"(anonymous_18)","decl":{"start":{"line":138,"column":4},"end":{"line":138,"column":17}},"loc":{"start":{"line":138,"column":17},"end":{"line":142,"column":8}},"line":138}},"branchMap":{"0":{"loc":{"start":{"line":27,"column":8},"end":{"line":29,"column":null}},"type":"if","locations":[{"start":{"line":27,"column":8},"end":{"line":29,"column":null}},{"start":{},"end":{}}],"line":27},"1":{"loc":{"start":{"line":27,"column":12},"end":{"line":27,"column":59}},"type":"binary-expr","locations":[{"start":{"line":27,"column":12},"end":{"line":27,"column":39}},{"start":{"line":27,"column":39},"end":{"line":27,"column":59}}],"line":27},"2":{"loc":{"start":{"line":64,"column":6},"end":{"line":65,"column":null}},"type":"if","locations":[{"start":{"line":64,"column":6},"end":{"line":65,"column":null}},{"start":{},"end":{}}],"line":64}},"s":{"0":0,"1":0,"2":0,"3":0,"4":0,"5":0,"6":0,"7":0,"8":0,"9":0,"10":0,"11":0,"12":0,"13":0,"14":0,"15":0,"16":0,"17":0,"18":0,"19":0,"20":0,"21":0,"22":0,"23":0,"24":0,"25":0,"26":0,"27":0,"28":0,"29":0,"30":0},"f":{"0":0,"1":0,"2":0,"3":0,"4":0,"5":0,"6":0,"7":0,"8":0,"9":0,"10":0,"11":0,"12":0,"13":0,"14":0,"15":0,"16":0,"17":0,"18":0},"b":{"0":[0,0],"1":[0,0],"2":[0,0]},"meta":{"lastBranch":3,"lastFunction":19,"lastStatement":31,"seen":{"s:13:34:13:Infinity":0,"f:14:16:14:33":0,"s:15:2:15:Infinity":1,"f:18:16:18:24":1,"s:19:2:36:Infinity":2,"f:21:13:21:25":2,"s:22:6:31:Infinity":3,"s:23:21:23:84":4,"s:24:8:24:Infinity":5,"s:25:8:25:Infinity":6,"b:27:8:29:Infinity:undefined:undefined:undefined:undefined":0,"s:27:8:29:Infinity":7,"b:27:12:27:39:27:39:27:59":1,"s:28:10:28:Infinity":8,"s:29:10:29:Infinity":9,"s:31:8:31:Infinity":10,"f:46:9:46:Infinity":3,"s:49:2:49:Infinity":11,"f:54:16:54:27":4,"s:55:8:55:38":12,"s:57:2:68:Infinity":13,"f:58:4:58:17":5,"s:58:17:62:8":14,"f:63:4:63:16":6,"b:64:6:65:Infinity:undefined:undefined:undefined:undefined":2,"s:64:6:65:Infinity":15,"s:65:8:65:Infinity":16,"f:77:16:77:31":7,"s:78:8:78:38":17,"s:80:2:89:Infinity":18,"f:81:4:81:17":8,"s:81:17:85:8":19,"f:86:4:86:16":9,"s:87:6:87:Infinity":20,"f:92:16:92:31":10,"s:93:2:99:Infinity":21,"f:94:4:94:17":11,"s:94:17:98:8":22,"f:102:16:102:28":12,"s:103:8:103:38":23,"s:105:2:113:Infinity":24,"f:106:4:106:Infinity":13,"s:106:4:109:8":25,"f:110:4:110:21":14,"s:111:6:111:Infinity":26,"f:120:16:120:36":15,"s:121:2:127:Infinity":27,"f:122:4:122:17":16,"s:122:17:126:8":28,"f:136:16:136:35":17,"s:137:2:143:Infinity":29,"f:138:4:138:17":18,"s:138:17:142:8":30}}}
,"/Users/douglassiteflow/dev/saleflow/frontend/src/api/calls.ts": {"path":"/Users/douglassiteflow/dev/saleflow/frontend/src/api/calls.ts","statementMap":{"0":{"start":{"line":6,"column":2},"end":{"line":16,"column":null}},"1":{"start":{"line":9,"column":19},"end":{"line":10,"column":null}},"2":{"start":{"line":12,"column":6},"end":{"line":12,"column":null}}},"fnMap":{"0":{"name":"useCallHistory","decl":{"start":{"line":5,"column":16},"end":{"line":5,"column":31}},"loc":{"start":{"line":5,"column":57},"end":{"line":16,"column":null}},"line":5},"1":{"name":"(anonymous_1)","decl":{"start":{"line":8,"column":13},"end":{"line":8,"column":25}},"loc":{"start":{"line":8,"column":25},"end":{"line":12,"column":null}},"line":8}},"branchMap":{},"s":{"0":0,"1":0,"2":0},"f":{"0":0,"1":0},"b":{},"meta":{"lastBranch":0,"lastFunction":2,"lastStatement":3,"seen":{"f:5:16:5:31":0,"s:6:2:16:Infinity":0,"f:8:13:8:25":1,"s:9:19:10:Infinity":1,"s:12:6:12:Infinity":2}}}
,"/Users/douglassiteflow/dev/saleflow/frontend/src/api/client.ts": {"path":"/Users/douglassiteflow/dev/saleflow/frontend/src/api/client.ts","statementMap":{"0":{"start":{"line":5,"column":4},"end":{"line":5,"column":null}},"1":{"start":{"line":6,"column":4},"end":{"line":6,"column":null}},"2":{"start":{"line":7,"column":4},"end":{"line":7,"column":null}},"3":{"start":{"line":15,"column":24},"end":{"line":18,"column":null}},"4":{"start":{"line":19,"column":41},"end":{"line":19,"column":54}},"5":{"start":{"line":20,"column":19},"end":{"line":24,"column":4}},"6":{"start":{"line":26,"column":2},"end":{"line":34,"column":null}},"7":{"start":{"line":27,"column":18},"end":{"line":27,"column":null}},"8":{"start":{"line":28,"column":4},"end":{"line":31,"column":null}},"9":{"start":{"line":29,"column":20},"end":{"line":29,"column":41}},"10":{"start":{"line":30,"column":6},"end":{"line":30,"column":null}},"11":{"start":{"line":34,"column":4},"end":{"line":34,"column":null}},"12":{"start":{"line":37,"column":2},"end":{"line":37,"column":null}},"13":{"start":{"line":44,"column":19},"end":{"line":48,"column":4}},"14":{"start":{"line":50,"column":2},"end":{"line":58,"column":null}},"15":{"start":{"line":51,"column":18},"end":{"line":51,"column":null}},"16":{"start":{"line":52,"column":4},"end":{"line":55,"column":null}},"17":{"start":{"line":53,"column":20},"end":{"line":53,"column":41}},"18":{"start":{"line":54,"column":6},"end":{"line":54,"column":null}},"19":{"start":{"line":58,"column":4},"end":{"line":58,"column":null}},"20":{"start":{"line":61,"column":2},"end":{"line":61,"column":null}}},"fnMap":{"0":{"name":"(anonymous_0)","decl":{"start":{"line":4,"column":2},"end":{"line":4,"column":14}},"loc":{"start":{"line":4,"column":47},"end":{"line":7,"column":null}},"line":4},"1":{"name":"api","decl":{"start":{"line":11,"column":22},"end":{"line":11,"column":null}},"loc":{"start":{"line":14,"column":14},"end":{"line":37,"column":null}},"line":14},"2":{"name":"apiUpload","decl":{"start":{"line":40,"column":22},"end":{"line":40,"column":null}},"loc":{"start":{"line":43,"column":14},"end":{"line":61,"column":null}},"line":43}},"branchMap":{"0":{"loc":{"start":{"line":19,"column":41},"end":{"line":19,"column":54}},"type":"binary-expr","locations":[{"start":{"line":19,"column":41},"end":{"line":19,"column":52}},{"start":{"line":19,"column":52},"end":{"line":19,"column":54}}],"line":19},"1":{"loc":{"start":{"line":26,"column":2},"end":{"line":34,"column":null}},"type":"if","locations":[{"start":{"line":26,"column":2},"end":{"line":34,"column":null}},{"start":{},"end":{}}],"line":26},"2":{"loc":{"start":{"line":30,"column":16},"end":{"line":30,"column":null}},"type":"binary-expr","locations":[{"start":{"line":30,"column":16},"end":{"line":30,"column":30}},{"start":{"line":30,"column":30},"end":{"line":30,"column":46}},{"start":{"line":30,"column":46},"end":{"line":30,"column":null}}],"line":30},"3":{"loc":{"start":{"line":50,"column":2},"end":{"line":58,"column":null}},"type":"if","locations":[{"start":{"line":50,"column":2},"end":{"line":58,"column":null}},{"start":{},"end":{}}],"line":50},"4":{"loc":{"start":{"line":54,"column":16},"end":{"line":54,"column":null}},"type":"binary-expr","locations":[{"start":{"line":54,"column":16},"end":{"line":54,"column":30}},{"start":{"line":54,"column":30},"end":{"line":54,"column":46}},{"start":{"line":54,"column":46},"end":{"line":54,"column":null}}],"line":54}},"s":{"0":3,"1":3,"2":3,"3":7,"4":7,"5":7,"6":7,"7":3,"8":3,"9":3,"10":3,"11":3,"12":4,"13":0,"14":0,"15":0,"16":0,"17":0,"18":0,"19":0,"20":0},"f":{"0":3,"1":7,"2":0},"b":{"0":[7,3],"1":[3,4],"2":[3,0,0],"3":[0,0],"4":[0,0,0]},"meta":{"lastBranch":5,"lastFunction":3,"lastStatement":21,"seen":{"f:4:2:4:14":0,"s:5:4:5:Infinity":0,"s:6:4:6:Infinity":1,"s:7:4:7:Infinity":2,"f:11:22:11:Infinity":1,"s:15:24:18:Infinity":3,"s:19:41:19:54":4,"b:19:41:19:52:19:52:19:54":0,"s:20:19:24:4":5,"b:26:2:34:Infinity:undefined:undefined:undefined:undefined":1,"s:26:2:34:Infinity":6,"s:27:18:27:Infinity":7,"s:28:4:31:Infinity":8,"s:29:20:29:41":9,"s:30:6:30:Infinity":10,"b:30:16:30:30:30:30:30:46:30:46:30:Infinity":2,"s:34:4:34:Infinity":11,"s:37:2:37:Infinity":12,"f:40:22:40:Infinity":2,"s:44:19:48:4":13,"b:50:2:58:Infinity:undefined:undefined:undefined:undefined":3,"s:50:2:58:Infinity":14,"s:51:18:51:Infinity":15,"s:52:4:55:Infinity":16,"s:53:20:53:41":17,"s:54:6:54:Infinity":18,"b:54:16:54:30:54:30:54:46:54:46:54:Infinity":4,"s:58:4:58:Infinity":19,"s:61:2:61:Infinity":20}}}
,"/Users/douglassiteflow/dev/saleflow/frontend/src/api/comments.ts": {"path":"/Users/douglassiteflow/dev/saleflow/frontend/src/api/comments.ts","statementMap":{"0":{"start":{"line":6,"column":2},"end":{"line":13,"column":null}},"1":{"start":{"line":9,"column":19},"end":{"line":9,"column":90}},"2":{"start":{"line":10,"column":6},"end":{"line":10,"column":null}},"3":{"start":{"line":17,"column":8},"end":{"line":17,"column":29}},"4":{"start":{"line":18,"column":2},"end":{"line":28,"column":null}},"5":{"start":{"line":20,"column":6},"end":{"line":23,"column":null}},"6":{"start":{"line":26,"column":6},"end":{"line":26,"column":null}}},"fnMap":{"0":{"name":"useLeadComments","decl":{"start":{"line":5,"column":16},"end":{"line":5,"column":32}},"loc":{"start":{"line":5,"column":60},"end":{"line":13,"column":null}},"line":5},"1":{"name":"(anonymous_1)","decl":{"start":{"line":8,"column":13},"end":{"line":8,"column":25}},"loc":{"start":{"line":8,"column":25},"end":{"line":10,"column":null}},"line":8},"2":{"name":"useCreateComment","decl":{"start":{"line":16,"column":16},"end":{"line":16,"column":35}},"loc":{"start":{"line":16,"column":35},"end":{"line":28,"column":null}},"line":16},"3":{"name":"(anonymous_3)","decl":{"start":{"line":19,"column":16},"end":{"line":19,"column":23}},"loc":{"start":{"line":19,"column":78},"end":{"line":23,"column":null}},"line":19},"4":{"name":"(anonymous_4)","decl":{"start":{"line":25,"column":4},"end":{"line":25,"column":16}},"loc":{"start":{"line":25,"column":38},"end":{"line":26,"column":null}},"line":25}},"branchMap":{},"s":{"0":0,"1":0,"2":0,"3":0,"4":0,"5":0,"6":0},"f":{"0":0,"1":0,"2":0,"3":0,"4":0},"b":{},"meta":{"lastBranch":0,"lastFunction":5,"lastStatement":7,"seen":{"f:5:16:5:32":0,"s:6:2:13:Infinity":0,"f:8:13:8:25":1,"s:9:19:9:90":1,"s:10:6:10:Infinity":2,"f:16:16:16:35":2,"s:17:8:17:29":3,"s:18:2:28:Infinity":4,"f:19:16:19:23":3,"s:20:6:23:Infinity":5,"f:25:4:25:16":4,"s:26:6:26:Infinity":6}}}
,"/Users/douglassiteflow/dev/saleflow/frontend/src/api/daily-summary.ts": {"path":"/Users/douglassiteflow/dev/saleflow/frontend/src/api/daily-summary.ts","statementMap":{"0":{"start":{"line":38,"column":2},"end":{"line":42,"column":null}},"1":{"start":{"line":40,"column":4},"end":{"line":40,"column":81}},"2":{"start":{"line":56,"column":2},"end":{"line":60,"column":null}},"3":{"start":{"line":58,"column":4},"end":{"line":58,"column":108}},"4":{"start":{"line":90,"column":2},"end":{"line":94,"column":null}},"5":{"start":{"line":92,"column":4},"end":{"line":92,"column":79}}},"fnMap":{"0":{"name":"useDailySummary","decl":{"start":{"line":37,"column":16},"end":{"line":37,"column":32}},"loc":{"start":{"line":37,"column":46},"end":{"line":42,"column":null}},"line":37},"1":{"name":"(anonymous_1)","decl":{"start":{"line":40,"column":4},"end":{"line":40,"column":19}},"loc":{"start":{"line":40,"column":4},"end":{"line":40,"column":81}},"line":40},"2":{"name":"useDailyReport","decl":{"start":{"line":55,"column":16},"end":{"line":55,"column":31}},"loc":{"start":{"line":55,"column":45},"end":{"line":60,"column":null}},"line":55},"3":{"name":"(anonymous_3)","decl":{"start":{"line":58,"column":4},"end":{"line":58,"column":19}},"loc":{"start":{"line":58,"column":4},"end":{"line":58,"column":108}},"line":58},"4":{"name":"useAgentReport","decl":{"start":{"line":89,"column":16},"end":{"line":89,"column":31}},"loc":{"start":{"line":89,"column":45},"end":{"line":94,"column":null}},"line":89},"5":{"name":"(anonymous_5)","decl":{"start":{"line":92,"column":4},"end":{"line":92,"column":19}},"loc":{"start":{"line":92,"column":4},"end":{"line":92,"column":79}},"line":92}},"branchMap":{},"s":{"0":0,"1":0,"2":0,"3":0,"4":0,"5":0},"f":{"0":0,"1":0,"2":0,"3":0,"4":0,"5":0},"b":{},"meta":{"lastBranch":0,"lastFunction":6,"lastStatement":6,"seen":{"f:37:16:37:32":0,"s:38:2:42:Infinity":0,"f:40:4:40:19":1,"s:40:4:40:81":1,"f:55:16:55:31":2,"s:56:2:60:Infinity":2,"f:58:4:58:19":3,"s:58:4:58:108":3,"f:89:16:89:31":4,"s:90:2:94:Infinity":4,"f:92:4:92:19":5,"s:92:4:92:79":5}}}
,"/Users/douglassiteflow/dev/saleflow/frontend/src/api/dashboard.ts": {"path":"/Users/douglassiteflow/dev/saleflow/frontend/src/api/dashboard.ts","statementMap":{"0":{"start":{"line":6,"column":2},"end":{"line":14,"column":null}},"1":{"start":{"line":9,"column":19},"end":{"line":9,"column":61}},"2":{"start":{"line":10,"column":6},"end":{"line":10,"column":null}},"3":{"start":{"line":27,"column":2},"end":{"line":35,"column":null}},"4":{"start":{"line":30,"column":19},"end":{"line":30,"column":95}},"5":{"start":{"line":31,"column":6},"end":{"line":31,"column":null}}},"fnMap":{"0":{"name":"useDashboard","decl":{"start":{"line":5,"column":16},"end":{"line":5,"column":31}},"loc":{"start":{"line":5,"column":31},"end":{"line":14,"column":null}},"line":5},"1":{"name":"(anonymous_1)","decl":{"start":{"line":8,"column":13},"end":{"line":8,"column":25}},"loc":{"start":{"line":8,"column":25},"end":{"line":10,"column":null}},"line":8},"2":{"name":"useLeaderboard","decl":{"start":{"line":26,"column":16},"end":{"line":26,"column":33}},"loc":{"start":{"line":26,"column":33},"end":{"line":35,"column":null}},"line":26},"3":{"name":"(anonymous_3)","decl":{"start":{"line":29,"column":13},"end":{"line":29,"column":25}},"loc":{"start":{"line":29,"column":25},"end":{"line":31,"column":null}},"line":29}},"branchMap":{},"s":{"0":0,"1":0,"2":0,"3":0,"4":0,"5":0},"f":{"0":0,"1":0,"2":0,"3":0},"b":{},"meta":{"lastBranch":0,"lastFunction":4,"lastStatement":6,"seen":{"f:5:16:5:31":0,"s:6:2:14:Infinity":0,"f:8:13:8:25":1,"s:9:19:9:61":1,"s:10:6:10:Infinity":2,"f:26:16:26:33":2,"s:27:2:35:Infinity":3,"f:29:13:29:25":3,"s:30:19:30:95":4,"s:31:6:31:Infinity":5}}}
,"/Users/douglassiteflow/dev/saleflow/frontend/src/api/deals.ts": {"path":"/Users/douglassiteflow/dev/saleflow/frontend/src/api/deals.ts","statementMap":{"0":{"start":{"line":6,"column":2},"end":{"line":13,"column":null}},"1":{"start":{"line":9,"column":19},"end":{"line":9,"column":61}},"2":{"start":{"line":10,"column":6},"end":{"line":10,"column":null}},"3":{"start":{"line":17,"column":2},"end":{"line":25,"column":null}},"4":{"start":{"line":20,"column":19},"end":{"line":20,"column":64}},"5":{"start":{"line":21,"column":6},"end":{"line":21,"column":null}},"6":{"start":{"line":29,"column":8},"end":{"line":29,"column":38}},"7":{"start":{"line":31,"column":2},"end":{"line":40,"column":null}},"8":{"start":{"line":32,"column":17},"end":{"line":35,"column":28}},"9":{"start":{"line":35,"column":21},"end":{"line":35,"column":28}},"10":{"start":{"line":37,"column":6},"end":{"line":37,"column":null}},"11":{"start":{"line":38,"column":6},"end":{"line":38,"column":null}},"12":{"start":{"line":53,"column":8},"end":{"line":53,"column":38}},"13":{"start":{"line":55,"column":2},"end":{"line":65,"column":null}},"14":{"start":{"line":56,"column":26},"end":{"line":60,"column":28}},"15":{"start":{"line":60,"column":21},"end":{"line":60,"column":28}},"16":{"start":{"line":62,"column":6},"end":{"line":62,"column":null}},"17":{"start":{"line":63,"column":6},"end":{"line":63,"column":null}}},"fnMap":{"0":{"name":"useDeals","decl":{"start":{"line":5,"column":16},"end":{"line":5,"column":27}},"loc":{"start":{"line":5,"column":27},"end":{"line":13,"column":null}},"line":5},"1":{"name":"(anonymous_1)","decl":{"start":{"line":8,"column":13},"end":{"line":8,"column":25}},"loc":{"start":{"line":8,"column":25},"end":{"line":10,"column":null}},"line":8},"2":{"name":"useDealDetail","decl":{"start":{"line":16,"column":16},"end":{"line":16,"column":30}},"loc":{"start":{"line":16,"column":61},"end":{"line":25,"column":null}},"line":16},"3":{"name":"(anonymous_3)","decl":{"start":{"line":19,"column":13},"end":{"line":19,"column":25}},"loc":{"start":{"line":19,"column":25},"end":{"line":21,"column":null}},"line":19},"4":{"name":"useAdvanceDeal","decl":{"start":{"line":28,"column":16},"end":{"line":28,"column":33}},"loc":{"start":{"line":28,"column":33},"end":{"line":40,"column":null}},"line":28},"5":{"name":"(anonymous_5)","decl":{"start":{"line":32,"column":4},"end":{"line":32,"column":17}},"loc":{"start":{"line":32,"column":17},"end":{"line":35,"column":28}},"line":32},"6":{"name":"(anonymous_6)","decl":{"start":{"line":35,"column":9},"end":{"line":35,"column":15}},"loc":{"start":{"line":35,"column":21},"end":{"line":35,"column":28}},"line":35},"7":{"name":"(anonymous_7)","decl":{"start":{"line":36,"column":4},"end":{"line":36,"column":16}},"loc":{"start":{"line":36,"column":30},"end":{"line":38,"column":null}},"line":36},"8":{"name":"useUpdateDeal","decl":{"start":{"line":52,"column":16},"end":{"line":52,"column":32}},"loc":{"start":{"line":52,"column":32},"end":{"line":65,"column":null}},"line":52},"9":{"name":"(anonymous_9)","decl":{"start":{"line":56,"column":4},"end":{"line":56,"column":17}},"loc":{"start":{"line":56,"column":26},"end":{"line":60,"column":28}},"line":56},"10":{"name":"(anonymous_10)","decl":{"start":{"line":60,"column":9},"end":{"line":60,"column":15}},"loc":{"start":{"line":60,"column":21},"end":{"line":60,"column":28}},"line":60},"11":{"name":"(anonymous_11)","decl":{"start":{"line":61,"column":4},"end":{"line":61,"column":16}},"loc":{"start":{"line":61,"column":37},"end":{"line":63,"column":null}},"line":61}},"branchMap":{},"s":{"0":0,"1":0,"2":0,"3":0,"4":0,"5":0,"6":0,"7":0,"8":0,"9":0,"10":0,"11":0,"12":0,"13":0,"14":0,"15":0,"16":0,"17":0},"f":{"0":0,"1":0,"2":0,"3":0,"4":0,"5":0,"6":0,"7":0,"8":0,"9":0,"10":0,"11":0},"b":{},"meta":{"lastBranch":0,"lastFunction":12,"lastStatement":18,"seen":{"f:5:16:5:27":0,"s:6:2:13:Infinity":0,"f:8:13:8:25":1,"s:9:19:9:61":1,"s:10:6:10:Infinity":2,"f:16:16:16:30":2,"s:17:2:25:Infinity":3,"f:19:13:19:25":3,"s:20:19:20:64":4,"s:21:6:21:Infinity":5,"f:28:16:28:33":4,"s:29:8:29:38":6,"s:31:2:40:Infinity":7,"f:32:4:32:17":5,"s:32:17:35:28":8,"f:35:9:35:15":6,"s:35:21:35:28":9,"f:36:4:36:16":7,"s:37:6:37:Infinity":10,"s:38:6:38:Infinity":11,"f:52:16:52:32":8,"s:53:8:53:38":12,"s:55:2:65:Infinity":13,"f:56:4:56:17":9,"s:56:26:60:28":14,"f:60:9:60:15":10,"s:60:21:60:28":15,"f:61:4:61:16":11,"s:62:6:62:Infinity":16,"s:63:6:63:Infinity":17}}}
,"/Users/douglassiteflow/dev/saleflow/frontend/src/api/demo-configs.ts": {"path":"/Users/douglassiteflow/dev/saleflow/frontend/src/api/demo-configs.ts","statementMap":{"0":{"start":{"line":6,"column":2},"end":{"line":13,"column":null}},"1":{"start":{"line":9,"column":19},"end":{"line":9,"column":81}},"2":{"start":{"line":10,"column":6},"end":{"line":10,"column":null}},"3":{"start":{"line":17,"column":2},"end":{"line":24,"column":null}},"4":{"start":{"line":20,"column":19},"end":{"line":20,"column":90}},"5":{"start":{"line":21,"column":6},"end":{"line":21,"column":null}},"6":{"start":{"line":28,"column":8},"end":{"line":28,"column":38}},"7":{"start":{"line":30,"column":2},"end":{"line":38,"column":null}},"8":{"start":{"line":31,"column":17},"end":{"line":34,"column":35}},"9":{"start":{"line":34,"column":21},"end":{"line":34,"column":35}},"10":{"start":{"line":36,"column":6},"end":{"line":36,"column":null}},"11":{"start":{"line":42,"column":8},"end":{"line":42,"column":38}},"12":{"start":{"line":44,"column":2},"end":{"line":52,"column":null}},"13":{"start":{"line":45,"column":17},"end":{"line":48,"column":35}},"14":{"start":{"line":48,"column":21},"end":{"line":48,"column":35}},"15":{"start":{"line":50,"column":6},"end":{"line":50,"column":null}}},"fnMap":{"0":{"name":"useDemoConfigs","decl":{"start":{"line":5,"column":16},"end":{"line":5,"column":33}},"loc":{"start":{"line":5,"column":33},"end":{"line":13,"column":null}},"line":5},"1":{"name":"(anonymous_1)","decl":{"start":{"line":8,"column":13},"end":{"line":8,"column":25}},"loc":{"start":{"line":8,"column":25},"end":{"line":10,"column":null}},"line":8},"2":{"name":"useDemoConfigDetail","decl":{"start":{"line":16,"column":16},"end":{"line":16,"column":36}},"loc":{"start":{"line":16,"column":55},"end":{"line":24,"column":null}},"line":16},"3":{"name":"(anonymous_3)","decl":{"start":{"line":19,"column":13},"end":{"line":19,"column":25}},"loc":{"start":{"line":19,"column":25},"end":{"line":21,"column":null}},"line":19},"4":{"name":"useAdvanceDemoConfig","decl":{"start":{"line":27,"column":16},"end":{"line":27,"column":39}},"loc":{"start":{"line":27,"column":39},"end":{"line":38,"column":null}},"line":27},"5":{"name":"(anonymous_5)","decl":{"start":{"line":31,"column":4},"end":{"line":31,"column":17}},"loc":{"start":{"line":31,"column":17},"end":{"line":34,"column":35}},"line":31},"6":{"name":"(anonymous_6)","decl":{"start":{"line":34,"column":9},"end":{"line":34,"column":15}},"loc":{"start":{"line":34,"column":21},"end":{"line":34,"column":35}},"line":34},"7":{"name":"(anonymous_7)","decl":{"start":{"line":35,"column":4},"end":{"line":35,"column":21}},"loc":{"start":{"line":35,"column":21},"end":{"line":36,"column":null}},"line":35},"8":{"name":"useRetryDemoConfig","decl":{"start":{"line":41,"column":16},"end":{"line":41,"column":37}},"loc":{"start":{"line":41,"column":37},"end":{"line":52,"column":null}},"line":41},"9":{"name":"(anonymous_9)","decl":{"start":{"line":45,"column":4},"end":{"line":45,"column":17}},"loc":{"start":{"line":45,"column":17},"end":{"line":48,"column":35}},"line":45},"10":{"name":"(anonymous_10)","decl":{"start":{"line":48,"column":9},"end":{"line":48,"column":15}},"loc":{"start":{"line":48,"column":21},"end":{"line":48,"column":35}},"line":48},"11":{"name":"(anonymous_11)","decl":{"start":{"line":49,"column":4},"end":{"line":49,"column":21}},"loc":{"start":{"line":49,"column":21},"end":{"line":50,"column":null}},"line":49}},"branchMap":{},"s":{"0":4,"1":2,"2":1,"3":3,"4":1,"5":1,"6":4,"7":4,"8":2,"9":1,"10":2,"11":4,"12":4,"13":2,"14":1,"15":2},"f":{"0":4,"1":2,"2":3,"3":1,"4":4,"5":2,"6":1,"7":2,"8":4,"9":2,"10":1,"11":2},"b":{},"meta":{"lastBranch":0,"lastFunction":12,"lastStatement":16,"seen":{"f:5:16:5:33":0,"s:6:2:13:Infinity":0,"f:8:13:8:25":1,"s:9:19:9:81":1,"s:10:6:10:Infinity":2,"f:16:16:16:36":2,"s:17:2:24:Infinity":3,"f:19:13:19:25":3,"s:20:19:20:90":4,"s:21:6:21:Infinity":5,"f:27:16:27:39":4,"s:28:8:28:38":6,"s:30:2:38:Infinity":7,"f:31:4:31:17":5,"s:31:17:34:35":8,"f:34:9:34:15":6,"s:34:21:34:35":9,"f:35:4:35:21":7,"s:36:6:36:Infinity":10,"f:41:16:41:37":8,"s:42:8:42:38":11,"s:44:2:52:Infinity":12,"f:45:4:45:17":9,"s:45:17:48:35":13,"f:48:9:48:15":10,"s:48:21:48:35":14,"f:49:4:49:21":11,"s:50:6:50:Infinity":15}}}
,"/Users/douglassiteflow/dev/saleflow/frontend/src/api/goals.ts": {"path":"/Users/douglassiteflow/dev/saleflow/frontend/src/api/goals.ts","statementMap":{"0":{"start":{"line":6,"column":2},"end":{"line":12,"column":null}},"1":{"start":{"line":9,"column":19},"end":{"line":9,"column":61}},"2":{"start":{"line":10,"column":6},"end":{"line":10,"column":null}},"3":{"start":{"line":16,"column":8},"end":{"line":16,"column":38}},"4":{"start":{"line":18,"column":2},"end":{"line":35,"column":null}},"5":{"start":{"line":26,"column":6},"end":{"line":29,"column":null}},"6":{"start":{"line":32,"column":6},"end":{"line":32,"column":null}},"7":{"start":{"line":33,"column":6},"end":{"line":33,"column":null}},"8":{"start":{"line":39,"column":8},"end":{"line":39,"column":38}},"9":{"start":{"line":41,"column":2},"end":{"line":58,"column":null}},"10":{"start":{"line":49,"column":6},"end":{"line":52,"column":null}},"11":{"start":{"line":55,"column":6},"end":{"line":55,"column":null}},"12":{"start":{"line":56,"column":6},"end":{"line":56,"column":null}},"13":{"start":{"line":62,"column":8},"end":{"line":62,"column":38}},"14":{"start":{"line":64,"column":2},"end":{"line":74,"column":null}},"15":{"start":{"line":66,"column":6},"end":{"line":68,"column":null}},"16":{"start":{"line":71,"column":6},"end":{"line":71,"column":null}},"17":{"start":{"line":72,"column":6},"end":{"line":72,"column":null}}},"fnMap":{"0":{"name":"useGoals","decl":{"start":{"line":5,"column":16},"end":{"line":5,"column":27}},"loc":{"start":{"line":5,"column":27},"end":{"line":12,"column":null}},"line":5},"1":{"name":"(anonymous_1)","decl":{"start":{"line":8,"column":13},"end":{"line":8,"column":25}},"loc":{"start":{"line":8,"column":25},"end":{"line":10,"column":null}},"line":8},"2":{"name":"useCreateGoal","decl":{"start":{"line":15,"column":16},"end":{"line":15,"column":32}},"loc":{"start":{"line":15,"column":32},"end":{"line":35,"column":null}},"line":15},"3":{"name":"(anonymous_3)","decl":{"start":{"line":19,"column":16},"end":{"line":19,"column":23}},"loc":{"start":{"line":25,"column":10},"end":{"line":29,"column":null}},"line":25},"4":{"name":"(anonymous_4)","decl":{"start":{"line":31,"column":4},"end":{"line":31,"column":21}},"loc":{"start":{"line":31,"column":21},"end":{"line":33,"column":null}},"line":31},"5":{"name":"useUpdateGoal","decl":{"start":{"line":38,"column":16},"end":{"line":38,"column":32}},"loc":{"start":{"line":38,"column":32},"end":{"line":58,"column":null}},"line":38},"6":{"name":"(anonymous_6)","decl":{"start":{"line":42,"column":16},"end":{"line":42,"column":23}},"loc":{"start":{"line":48,"column":10},"end":{"line":52,"column":null}},"line":48},"7":{"name":"(anonymous_7)","decl":{"start":{"line":54,"column":4},"end":{"line":54,"column":21}},"loc":{"start":{"line":54,"column":21},"end":{"line":56,"column":null}},"line":54},"8":{"name":"useDeleteGoal","decl":{"start":{"line":61,"column":16},"end":{"line":61,"column":32}},"loc":{"start":{"line":61,"column":32},"end":{"line":74,"column":null}},"line":61},"9":{"name":"(anonymous_9)","decl":{"start":{"line":65,"column":16},"end":{"line":65,"column":23}},"loc":{"start":{"line":65,"column":42},"end":{"line":68,"column":null}},"line":65},"10":{"name":"(anonymous_10)","decl":{"start":{"line":70,"column":4},"end":{"line":70,"column":21}},"loc":{"start":{"line":70,"column":21},"end":{"line":72,"column":null}},"line":70}},"branchMap":{},"s":{"0":0,"1":0,"2":0,"3":0,"4":0,"5":0,"6":0,"7":0,"8":0,"9":0,"10":0,"11":0,"12":0,"13":0,"14":0,"15":0,"16":0,"17":0},"f":{"0":0,"1":0,"2":0,"3":0,"4":0,"5":0,"6":0,"7":0,"8":0,"9":0,"10":0},"b":{},"meta":{"lastBranch":0,"lastFunction":11,"lastStatement":18,"seen":{"f:5:16:5:27":0,"s:6:2:12:Infinity":0,"f:8:13:8:25":1,"s:9:19:9:61":1,"s:10:6:10:Infinity":2,"f:15:16:15:32":2,"s:16:8:16:38":3,"s:18:2:35:Infinity":4,"f:19:16:19:23":3,"s:26:6:29:Infinity":5,"f:31:4:31:21":4,"s:32:6:32:Infinity":6,"s:33:6:33:Infinity":7,"f:38:16:38:32":5,"s:39:8:39:38":8,"s:41:2:58:Infinity":9,"f:42:16:42:23":6,"s:49:6:52:Infinity":10,"f:54:4:54:21":7,"s:55:6:55:Infinity":11,"s:56:6:56:Infinity":12,"f:61:16:61:32":8,"s:62:8:62:38":13,"s:64:2:74:Infinity":14,"f:65:16:65:23":9,"s:66:6:68:Infinity":15,"f:70:4:70:21":10,"s:71:6:71:Infinity":16,"s:72:6:72:Infinity":17}}}
,"/Users/douglassiteflow/dev/saleflow/frontend/src/api/leads.ts": {"path":"/Users/douglassiteflow/dev/saleflow/frontend/src/api/leads.ts","statementMap":{"0":{"start":{"line":22,"column":2},"end":{"line":29,"column":null}},"1":{"start":{"line":25,"column":21},"end":{"line":25,"column":null}},"2":{"start":{"line":26,"column":19},"end":{"line":26,"column":70}},"3":{"start":{"line":27,"column":6},"end":{"line":27,"column":null}},"4":{"start":{"line":38,"column":2},"end":{"line":46,"column":null}},"5":{"start":{"line":41,"column":19},"end":{"line":41,"column":64}},"6":{"start":{"line":42,"column":6},"end":{"line":42,"column":null}},"7":{"start":{"line":50,"column":8},"end":{"line":50,"column":38}},"8":{"start":{"line":52,"column":2},"end":{"line":66,"column":null}},"9":{"start":{"line":54,"column":19},"end":{"line":56,"column":8}},"10":{"start":{"line":57,"column":6},"end":{"line":57,"column":null}},"11":{"start":{"line":60,"column":6},"end":{"line":60,"column":null}},"12":{"start":{"line":62,"column":6},"end":{"line":63,"column":null}},"13":{"start":{"line":63,"column":8},"end":{"line":63,"column":null}},"14":{"start":{"line":70,"column":8},"end":{"line":70,"column":38}},"15":{"start":{"line":72,"column":2},"end":{"line":83,"column":null}},"16":{"start":{"line":74,"column":19},"end":{"line":77,"column":8}},"17":{"start":{"line":78,"column":6},"end":{"line":78,"column":null}},"18":{"start":{"line":81,"column":6},"end":{"line":81,"column":null}},"19":{"start":{"line":87,"column":8},"end":{"line":87,"column":38}},"20":{"start":{"line":89,"column":2},"end":{"line":101,"column":null}},"21":{"start":{"line":91,"column":6},"end":{"line":94,"column":null}},"22":{"start":{"line":97,"column":6},"end":{"line":97,"column":null}},"23":{"start":{"line":98,"column":6},"end":{"line":98,"column":null}},"24":{"start":{"line":99,"column":6},"end":{"line":99,"column":null}},"25":{"start":{"line":105,"column":2},"end":{"line":112,"column":null}},"26":{"start":{"line":108,"column":19},"end":{"line":108,"column":69}},"27":{"start":{"line":109,"column":6},"end":{"line":109,"column":null}}},"fnMap":{"0":{"name":"useLeads","decl":{"start":{"line":21,"column":16},"end":{"line":21,"column":25}},"loc":{"start":{"line":21,"column":42},"end":{"line":29,"column":null}},"line":21},"1":{"name":"(anonymous_1)","decl":{"start":{"line":24,"column":13},"end":{"line":24,"column":25}},"loc":{"start":{"line":24,"column":25},"end":{"line":27,"column":null}},"line":24},"2":{"name":"useLeadDetail","decl":{"start":{"line":37,"column":16},"end":{"line":37,"column":30}},"loc":{"start":{"line":37,"column":61},"end":{"line":46,"column":null}},"line":37},"3":{"name":"(anonymous_3)","decl":{"start":{"line":40,"column":13},"end":{"line":40,"column":25}},"loc":{"start":{"line":40,"column":25},"end":{"line":42,"column":null}},"line":40},"4":{"name":"useNextLead","decl":{"start":{"line":49,"column":16},"end":{"line":49,"column":30}},"loc":{"start":{"line":49,"column":30},"end":{"line":66,"column":null}},"line":49},"5":{"name":"(anonymous_5)","decl":{"start":{"line":53,"column":16},"end":{"line":53,"column":28}},"loc":{"start":{"line":53,"column":28},"end":{"line":57,"column":null}},"line":53},"6":{"name":"(anonymous_6)","decl":{"start":{"line":59,"column":4},"end":{"line":59,"column":16}},"loc":{"start":{"line":59,"column":25},"end":{"line":63,"column":null}},"line":59},"7":{"name":"useUpdateLead","decl":{"start":{"line":69,"column":16},"end":{"line":69,"column":30}},"loc":{"start":{"line":69,"column":46},"end":{"line":83,"column":null}},"line":69},"8":{"name":"(anonymous_8)","decl":{"start":{"line":73,"column":16},"end":{"line":73,"column":23}},"loc":{"start":{"line":73,"column":34},"end":{"line":78,"column":null}},"line":73},"9":{"name":"(anonymous_9)","decl":{"start":{"line":80,"column":4},"end":{"line":80,"column":21}},"loc":{"start":{"line":80,"column":21},"end":{"line":81,"column":null}},"line":80},"10":{"name":"useSubmitOutcome","decl":{"start":{"line":86,"column":16},"end":{"line":86,"column":33}},"loc":{"start":{"line":86,"column":49},"end":{"line":101,"column":null}},"line":86},"11":{"name":"(anonymous_11)","decl":{"start":{"line":90,"column":16},"end":{"line":90,"column":23}},"loc":{"start":{"line":90,"column":34},"end":{"line":94,"column":null}},"line":90},"12":{"name":"(anonymous_12)","decl":{"start":{"line":96,"column":4},"end":{"line":96,"column":21}},"loc":{"start":{"line":96,"column":21},"end":{"line":99,"column":null}},"line":96},"13":{"name":"useCallbacks","decl":{"start":{"line":104,"column":16},"end":{"line":104,"column":31}},"loc":{"start":{"line":104,"column":31},"end":{"line":112,"column":null}},"line":104},"14":{"name":"(anonymous_14)","decl":{"start":{"line":107,"column":13},"end":{"line":107,"column":25}},"loc":{"start":{"line":107,"column":25},"end":{"line":109,"column":null}},"line":107}},"branchMap":{"0":{"loc":{"start":{"line":23,"column":32},"end":{"line":23,"column":45}},"type":"binary-expr","locations":[{"start":{"line":23,"column":32},"end":{"line":23,"column":42}},{"start":{"line":23,"column":42},"end":{"line":23,"column":45}}],"line":23},"1":{"loc":{"start":{"line":25,"column":21},"end":{"line":25,"column":null}},"type":"cond-expr","locations":[{"start":{"line":25,"column":30},"end":{"line":25,"column":67}},{"start":{"line":25,"column":67},"end":{"line":25,"column":null}}],"line":25},"2":{"loc":{"start":{"line":62,"column":6},"end":{"line":63,"column":null}},"type":"if","locations":[{"start":{"line":62,"column":6},"end":{"line":63,"column":null}},{"start":{},"end":{}}],"line":62}},"s":{"0":0,"1":0,"2":0,"3":0,"4":0,"5":0,"6":0,"7":0,"8":0,"9":0,"10":0,"11":0,"12":0,"13":0,"14":0,"15":0,"16":0,"17":0,"18":0,"19":0,"20":0,"21":0,"22":0,"23":0,"24":0,"25":0,"26":0,"27":0},"f":{"0":0,"1":0,"2":0,"3":0,"4":0,"5":0,"6":0,"7":0,"8":0,"9":0,"10":0,"11":0,"12":0,"13":0,"14":0},"b":{"0":[0,0],"1":[0,0],"2":[0,0]},"meta":{"lastBranch":3,"lastFunction":15,"lastStatement":28,"seen":{"f:21:16:21:25":0,"s:22:2:29:Infinity":0,"b:23:32:23:42:23:42:23:45":0,"f:24:13:24:25":1,"s:25:21:25:Infinity":1,"b:25:30:25:67:25:67:25:Infinity":1,"s:26:19:26:70":2,"s:27:6:27:Infinity":3,"f:37:16:37:30":2,"s:38:2:46:Infinity":4,"f:40:13:40:25":3,"s:41:19:41:64":5,"s:42:6:42:Infinity":6,"f:49:16:49:30":4,"s:50:8:50:38":7,"s:52:2:66:Infinity":8,"f:53:16:53:28":5,"s:54:19:56:8":9,"s:57:6:57:Infinity":10,"f:59:4:59:16":6,"s:60:6:60:Infinity":11,"b:62:6:63:Infinity:undefined:undefined:undefined:undefined":2,"s:62:6:63:Infinity":12,"s:63:8:63:Infinity":13,"f:69:16:69:30":7,"s:70:8:70:38":14,"s:72:2:83:Infinity":15,"f:73:16:73:23":8,"s:74:19:77:8":16,"s:78:6:78:Infinity":17,"f:80:4:80:21":9,"s:81:6:81:Infinity":18,"f:86:16:86:33":10,"s:87:8:87:38":19,"s:89:2:101:Infinity":20,"f:90:16:90:23":11,"s:91:6:94:Infinity":21,"f:96:4:96:21":12,"s:97:6:97:Infinity":22,"s:98:6:98:Infinity":23,"s:99:6:99:Infinity":24,"f:104:16:104:31":13,"s:105:2:112:Infinity":25,"f:107:13:107:25":14,"s:108:19:108:69":26,"s:109:6:109:Infinity":27}}}
,"/Users/douglassiteflow/dev/saleflow/frontend/src/api/lists.ts": {"path":"/Users/douglassiteflow/dev/saleflow/frontend/src/api/lists.ts","statementMap":{"0":{"start":{"line":6,"column":2},"end":{"line":12,"column":null}},"1":{"start":{"line":9,"column":19},"end":{"line":9,"column":71}},"2":{"start":{"line":10,"column":6},"end":{"line":10,"column":null}},"3":{"start":{"line":16,"column":2},"end":{"line":23,"column":null}},"4":{"start":{"line":19,"column":19},"end":{"line":19,"column":74}},"5":{"start":{"line":20,"column":6},"end":{"line":20,"column":null}},"6":{"start":{"line":30,"column":2},"end":{"line":40,"column":null}},"7":{"start":{"line":33,"column":21},"end":{"line":33,"column":null}},"8":{"start":{"line":34,"column":19},"end":{"line":35,"column":null}},"9":{"start":{"line":37,"column":6},"end":{"line":37,"column":null}},"10":{"start":{"line":44,"column":2},"end":{"line":53,"column":null}},"11":{"start":{"line":47,"column":19},"end":{"line":48,"column":null}},"12":{"start":{"line":50,"column":6},"end":{"line":50,"column":null}},"13":{"start":{"line":57,"column":8},"end":{"line":57,"column":38}},"14":{"start":{"line":59,"column":2},"end":{"line":69,"column":null}},"15":{"start":{"line":61,"column":6},"end":{"line":64,"column":null}},"16":{"start":{"line":67,"column":6},"end":{"line":67,"column":null}},"17":{"start":{"line":73,"column":8},"end":{"line":73,"column":38}},"18":{"start":{"line":75,"column":2},"end":{"line":84,"column":null}},"19":{"start":{"line":77,"column":6},"end":{"line":79,"column":null}},"20":{"start":{"line":82,"column":6},"end":{"line":82,"column":null}},"21":{"start":{"line":88,"column":8},"end":{"line":88,"column":38}},"22":{"start":{"line":90,"column":2},"end":{"line":105,"column":null}},"23":{"start":{"line":96,"column":19},"end":{"line":99,"column":8}},"24":{"start":{"line":100,"column":6},"end":{"line":100,"column":null}},"25":{"start":{"line":103,"column":6},"end":{"line":103,"column":null}},"26":{"start":{"line":109,"column":8},"end":{"line":109,"column":38}},"27":{"start":{"line":111,"column":2},"end":{"line":126,"column":null}},"28":{"start":{"line":117,"column":19},"end":{"line":120,"column":8}},"29":{"start":{"line":121,"column":6},"end":{"line":121,"column":null}},"30":{"start":{"line":124,"column":6},"end":{"line":124,"column":null}}},"fnMap":{"0":{"name":"useLeadLists","decl":{"start":{"line":5,"column":16},"end":{"line":5,"column":31}},"loc":{"start":{"line":5,"column":31},"end":{"line":12,"column":null}},"line":5},"1":{"name":"(anonymous_1)","decl":{"start":{"line":8,"column":13},"end":{"line":8,"column":25}},"loc":{"start":{"line":8,"column":25},"end":{"line":10,"column":null}},"line":8},"2":{"name":"useLeadListDetail","decl":{"start":{"line":15,"column":16},"end":{"line":15,"column":34}},"loc":{"start":{"line":15,"column":65},"end":{"line":23,"column":null}},"line":15},"3":{"name":"(anonymous_3)","decl":{"start":{"line":18,"column":13},"end":{"line":18,"column":25}},"loc":{"start":{"line":18,"column":25},"end":{"line":20,"column":null}},"line":18},"4":{"name":"useLeadListLeads","decl":{"start":{"line":26,"column":16},"end":{"line":26,"column":null}},"loc":{"start":{"line":29,"column":2},"end":{"line":40,"column":null}},"line":29},"5":{"name":"(anonymous_5)","decl":{"start":{"line":32,"column":13},"end":{"line":32,"column":25}},"loc":{"start":{"line":32,"column":25},"end":{"line":37,"column":null}},"line":32},"6":{"name":"useLeadListAgents","decl":{"start":{"line":43,"column":16},"end":{"line":43,"column":34}},"loc":{"start":{"line":43,"column":65},"end":{"line":53,"column":null}},"line":43},"7":{"name":"(anonymous_7)","decl":{"start":{"line":46,"column":13},"end":{"line":46,"column":25}},"loc":{"start":{"line":46,"column":25},"end":{"line":50,"column":null}},"line":46},"8":{"name":"useAssignAgent","decl":{"start":{"line":56,"column":16},"end":{"line":56,"column":33}},"loc":{"start":{"line":56,"column":33},"end":{"line":69,"column":null}},"line":56},"9":{"name":"(anonymous_9)","decl":{"start":{"line":60,"column":16},"end":{"line":60,"column":23}},"loc":{"start":{"line":60,"column":46},"end":{"line":64,"column":null}},"line":60},"10":{"name":"(anonymous_10)","decl":{"start":{"line":66,"column":4},"end":{"line":66,"column":21}},"loc":{"start":{"line":66,"column":21},"end":{"line":67,"column":null}},"line":66},"11":{"name":"useRemoveAgent","decl":{"start":{"line":72,"column":16},"end":{"line":72,"column":33}},"loc":{"start":{"line":72,"column":33},"end":{"line":84,"column":null}},"line":72},"12":{"name":"(anonymous_12)","decl":{"start":{"line":76,"column":16},"end":{"line":76,"column":23}},"loc":{"start":{"line":76,"column":46},"end":{"line":79,"column":null}},"line":76},"13":{"name":"(anonymous_13)","decl":{"start":{"line":81,"column":4},"end":{"line":81,"column":21}},"loc":{"start":{"line":81,"column":21},"end":{"line":82,"column":null}},"line":81},"14":{"name":"useUpdateList","decl":{"start":{"line":87,"column":16},"end":{"line":87,"column":32}},"loc":{"start":{"line":87,"column":32},"end":{"line":105,"column":null}},"line":87},"15":{"name":"(anonymous_15)","decl":{"start":{"line":95,"column":16},"end":{"line":95,"column":23}},"loc":{"start":{"line":95,"column":45},"end":{"line":100,"column":null}},"line":95},"16":{"name":"(anonymous_16)","decl":{"start":{"line":102,"column":4},"end":{"line":102,"column":21}},"loc":{"start":{"line":102,"column":21},"end":{"line":103,"column":null}},"line":102},"17":{"name":"useCreateList","decl":{"start":{"line":108,"column":16},"end":{"line":108,"column":32}},"loc":{"start":{"line":108,"column":32},"end":{"line":126,"column":null}},"line":108},"18":{"name":"(anonymous_18)","decl":{"start":{"line":116,"column":16},"end":{"line":116,"column":23}},"loc":{"start":{"line":116,"column":34},"end":{"line":121,"column":null}},"line":116},"19":{"name":"(anonymous_19)","decl":{"start":{"line":123,"column":4},"end":{"line":123,"column":21}},"loc":{"start":{"line":123,"column":21},"end":{"line":124,"column":null}},"line":123}},"branchMap":{"0":{"loc":{"start":{"line":31,"column":46},"end":{"line":31,"column":59}},"type":"binary-expr","locations":[{"start":{"line":31,"column":46},"end":{"line":31,"column":56}},{"start":{"line":31,"column":56},"end":{"line":31,"column":59}}],"line":31},"1":{"loc":{"start":{"line":33,"column":21},"end":{"line":33,"column":null}},"type":"cond-expr","locations":[{"start":{"line":33,"column":30},"end":{"line":33,"column":67}},{"start":{"line":33,"column":67},"end":{"line":33,"column":null}}],"line":33}},"s":{"0":0,"1":0,"2":0,"3":0,"4":0,"5":0,"6":0,"7":0,"8":0,"9":0,"10":0,"11":0,"12":0,"13":0,"14":0,"15":0,"16":0,"17":0,"18":0,"19":0,"20":0,"21":0,"22":0,"23":0,"24":0,"25":0,"26":0,"27":0,"28":0,"29":0,"30":0},"f":{"0":0,"1":0,"2":0,"3":0,"4":0,"5":0,"6":0,"7":0,"8":0,"9":0,"10":0,"11":0,"12":0,"13":0,"14":0,"15":0,"16":0,"17":0,"18":0,"19":0},"b":{"0":[0,0],"1":[0,0]},"meta":{"lastBranch":2,"lastFunction":20,"lastStatement":31,"seen":{"f:5:16:5:31":0,"s:6:2:12:Infinity":0,"f:8:13:8:25":1,"s:9:19:9:71":1,"s:10:6:10:Infinity":2,"f:15:16:15:34":2,"s:16:2:23:Infinity":3,"f:18:13:18:25":3,"s:19:19:19:74":4,"s:20:6:20:Infinity":5,"f:26:16:26:Infinity":4,"s:30:2:40:Infinity":6,"b:31:46:31:56:31:56:31:59":0,"f:32:13:32:25":5,"s:33:21:33:Infinity":7,"b:33:30:33:67:33:67:33:Infinity":1,"s:34:19:35:Infinity":8,"s:37:6:37:Infinity":9,"f:43:16:43:34":6,"s:44:2:53:Infinity":10,"f:46:13:46:25":7,"s:47:19:48:Infinity":11,"s:50:6:50:Infinity":12,"f:56:16:56:33":8,"s:57:8:57:38":13,"s:59:2:69:Infinity":14,"f:60:16:60:23":9,"s:61:6:64:Infinity":15,"f:66:4:66:21":10,"s:67:6:67:Infinity":16,"f:72:16:72:33":11,"s:73:8:73:38":17,"s:75:2:84:Infinity":18,"f:76:16:76:23":12,"s:77:6:79:Infinity":19,"f:81:4:81:21":13,"s:82:6:82:Infinity":20,"f:87:16:87:32":14,"s:88:8:88:38":21,"s:90:2:105:Infinity":22,"f:95:16:95:23":15,"s:96:19:99:8":23,"s:100:6:100:Infinity":24,"f:102:4:102:21":16,"s:103:6:103:Infinity":25,"f:108:16:108:32":17,"s:109:8:109:38":26,"s:111:2:126:Infinity":27,"f:116:16:116:23":18,"s:117:19:120:8":28,"s:121:6:121:Infinity":29,"f:123:4:123:21":19,"s:124:6:124:Infinity":30}}}
,"/Users/douglassiteflow/dev/saleflow/frontend/src/api/meetings.ts": {"path":"/Users/douglassiteflow/dev/saleflow/frontend/src/api/meetings.ts","statementMap":{"0":{"start":{"line":6,"column":2},"end":{"line":13,"column":null}},"1":{"start":{"line":9,"column":19},"end":{"line":9,"column":70}},"2":{"start":{"line":10,"column":6},"end":{"line":10,"column":null}},"3":{"start":{"line":17,"column":2},"end":{"line":25,"column":null}},"4":{"start":{"line":20,"column":19},"end":{"line":20,"column":70}},"5":{"start":{"line":21,"column":6},"end":{"line":21,"column":null}},"6":{"start":{"line":38,"column":8},"end":{"line":38,"column":38}},"7":{"start":{"line":40,"column":2},"end":{"line":49,"column":null}},"8":{"start":{"line":41,"column":17},"end":{"line":45,"column":8}},"9":{"start":{"line":47,"column":6},"end":{"line":47,"column":null}},"10":{"start":{"line":61,"column":8},"end":{"line":61,"column":38}},"11":{"start":{"line":63,"column":2},"end":{"line":73,"column":null}},"12":{"start":{"line":64,"column":26},"end":{"line":68,"column":31}},"13":{"start":{"line":68,"column":21},"end":{"line":68,"column":31}},"14":{"start":{"line":70,"column":6},"end":{"line":70,"column":null}},"15":{"start":{"line":71,"column":6},"end":{"line":71,"column":null}},"16":{"start":{"line":77,"column":8},"end":{"line":77,"column":38}},"17":{"start":{"line":79,"column":2},"end":{"line":110,"column":null}},"18":{"start":{"line":80,"column":17},"end":{"line":83,"column":31}},"19":{"start":{"line":83,"column":21},"end":{"line":83,"column":31}},"20":{"start":{"line":86,"column":6},"end":{"line":86,"column":null}},"21":{"start":{"line":87,"column":31},"end":{"line":87,"column":80}},"22":{"start":{"line":89,"column":6},"end":{"line":95,"column":null}},"23":{"start":{"line":90,"column":8},"end":{"line":95,"column":null}},"24":{"start":{"line":93,"column":12},"end":{"line":93,"column":null}},"25":{"start":{"line":98,"column":6},"end":{"line":98,"column":null}},"26":{"start":{"line":102,"column":18},"end":{"line":102,"column":null}},"27":{"start":{"line":103,"column":6},"end":{"line":104,"column":null}},"28":{"start":{"line":104,"column":8},"end":{"line":104,"column":null}},"29":{"start":{"line":108,"column":6},"end":{"line":108,"column":null}}},"fnMap":{"0":{"name":"useMeetings","decl":{"start":{"line":5,"column":16},"end":{"line":5,"column":30}},"loc":{"start":{"line":5,"column":30},"end":{"line":13,"column":null}},"line":5},"1":{"name":"(anonymous_1)","decl":{"start":{"line":8,"column":13},"end":{"line":8,"column":25}},"loc":{"start":{"line":8,"column":25},"end":{"line":10,"column":null}},"line":8},"2":{"name":"useMeetingDetail","decl":{"start":{"line":16,"column":16},"end":{"line":16,"column":33}},"loc":{"start":{"line":16,"column":64},"end":{"line":25,"column":null}},"line":16},"3":{"name":"(anonymous_3)","decl":{"start":{"line":19,"column":13},"end":{"line":19,"column":25}},"loc":{"start":{"line":19,"column":25},"end":{"line":21,"column":null}},"line":19},"4":{"name":"useCreateMeeting","decl":{"start":{"line":37,"column":16},"end":{"line":37,"column":35}},"loc":{"start":{"line":37,"column":35},"end":{"line":49,"column":null}},"line":37},"5":{"name":"(anonymous_5)","decl":{"start":{"line":41,"column":4},"end":{"line":41,"column":17}},"loc":{"start":{"line":41,"column":17},"end":{"line":45,"column":8}},"line":41},"6":{"name":"(anonymous_6)","decl":{"start":{"line":46,"column":4},"end":{"line":46,"column":21}},"loc":{"start":{"line":46,"column":21},"end":{"line":47,"column":null}},"line":46},"7":{"name":"useUpdateMeeting","decl":{"start":{"line":60,"column":16},"end":{"line":60,"column":35}},"loc":{"start":{"line":60,"column":35},"end":{"line":73,"column":null}},"line":60},"8":{"name":"(anonymous_8)","decl":{"start":{"line":64,"column":4},"end":{"line":64,"column":17}},"loc":{"start":{"line":64,"column":26},"end":{"line":68,"column":31}},"line":64},"9":{"name":"(anonymous_9)","decl":{"start":{"line":68,"column":9},"end":{"line":68,"column":15}},"loc":{"start":{"line":68,"column":21},"end":{"line":68,"column":31}},"line":68},"10":{"name":"(anonymous_10)","decl":{"start":{"line":69,"column":4},"end":{"line":69,"column":16}},"loc":{"start":{"line":69,"column":37},"end":{"line":71,"column":null}},"line":69},"11":{"name":"useCancelMeeting","decl":{"start":{"line":76,"column":16},"end":{"line":76,"column":35}},"loc":{"start":{"line":76,"column":35},"end":{"line":110,"column":null}},"line":76},"12":{"name":"(anonymous_12)","decl":{"start":{"line":80,"column":4},"end":{"line":80,"column":17}},"loc":{"start":{"line":80,"column":17},"end":{"line":83,"column":31}},"line":80},"13":{"name":"(anonymous_13)","decl":{"start":{"line":83,"column":9},"end":{"line":83,"column":15}},"loc":{"start":{"line":83,"column":21},"end":{"line":83,"column":31}},"line":83},"14":{"name":"(anonymous_14)","decl":{"start":{"line":84,"column":14},"end":{"line":84,"column":21}},"loc":{"start":{"line":84,"column":28},"end":{"line":98,"column":null}},"line":84},"15":{"name":"(anonymous_15)","decl":{"start":{"line":92,"column":27},"end":{"line":92,"column":32}},"loc":{"start":{"line":93,"column":12},"end":{"line":93,"column":null}},"line":93},"16":{"name":"(anonymous_16)","decl":{"start":{"line":100,"column":4},"end":{"line":100,"column":14}},"loc":{"start":{"line":100,"column":37},"end":{"line":104,"column":null}},"line":100},"17":{"name":"(anonymous_17)","decl":{"start":{"line":107,"column":4},"end":{"line":107,"column":21}},"loc":{"start":{"line":107,"column":21},"end":{"line":108,"column":null}},"line":107}},"branchMap":{"0":{"loc":{"start":{"line":89,"column":6},"end":{"line":95,"column":null}},"type":"if","locations":[{"start":{"line":89,"column":6},"end":{"line":95,"column":null}},{"start":{},"end":{}}],"line":89},"1":{"loc":{"start":{"line":93,"column":12},"end":{"line":93,"column":null}},"type":"cond-expr","locations":[{"start":{"line":93,"column":26},"end":{"line":93,"column":67}},{"start":{"line":93,"column":67},"end":{"line":93,"column":null}}],"line":93},"2":{"loc":{"start":{"line":103,"column":6},"end":{"line":104,"column":null}},"type":"if","locations":[{"start":{"line":103,"column":6},"end":{"line":104,"column":null}},{"start":{},"end":{}}],"line":103}},"s":{"0":0,"1":0,"2":0,"3":0,"4":0,"5":0,"6":0,"7":0,"8":0,"9":0,"10":0,"11":0,"12":0,"13":0,"14":0,"15":0,"16":0,"17":0,"18":0,"19":0,"20":0,"21":0,"22":0,"23":0,"24":0,"25":0,"26":0,"27":0,"28":0,"29":0},"f":{"0":0,"1":0,"2":0,"3":0,"4":0,"5":0,"6":0,"7":0,"8":0,"9":0,"10":0,"11":0,"12":0,"13":0,"14":0,"15":0,"16":0,"17":0},"b":{"0":[0,0],"1":[0,0],"2":[0,0]},"meta":{"lastBranch":3,"lastFunction":18,"lastStatement":30,"seen":{"f:5:16:5:30":0,"s:6:2:13:Infinity":0,"f:8:13:8:25":1,"s:9:19:9:70":1,"s:10:6:10:Infinity":2,"f:16:16:16:33":2,"s:17:2:25:Infinity":3,"f:19:13:19:25":3,"s:20:19:20:70":4,"s:21:6:21:Infinity":5,"f:37:16:37:35":4,"s:38:8:38:38":6,"s:40:2:49:Infinity":7,"f:41:4:41:17":5,"s:41:17:45:8":8,"f:46:4:46:21":6,"s:47:6:47:Infinity":9,"f:60:16:60:35":7,"s:61:8:61:38":10,"s:63:2:73:Infinity":11,"f:64:4:64:17":8,"s:64:26:68:31":12,"f:68:9:68:15":9,"s:68:21:68:31":13,"f:69:4:69:16":10,"s:70:6:70:Infinity":14,"s:71:6:71:Infinity":15,"f:76:16:76:35":11,"s:77:8:77:38":16,"s:79:2:110:Infinity":17,"f:80:4:80:17":12,"s:80:17:83:31":18,"f:83:9:83:15":13,"s:83:21:83:31":19,"f:84:14:84:21":14,"s:86:6:86:Infinity":20,"s:87:31:87:80":21,"b:89:6:95:Infinity:undefined:undefined:undefined:undefined":0,"s:89:6:95:Infinity":22,"s:90:8:95:Infinity":23,"f:92:27:92:32":15,"s:93:12:93:Infinity":24,"b:93:26:93:67:93:67:93:Inf
[...]
:[{"start":{"line":125,"column":14},"end":{"line":129,"column":15}},{"start":{"line":129,"column":14},"end":{"line":149,"column":null}}],"line":124},"10":{"loc":{"start":{"line":155,"column":15},"end":{"line":158,"column":null}},"type":"binary-expr","locations":[{"start":{"line":155,"column":15},"end":{"line":155,"column":null}},{"start":{"line":156,"column":16},"end":{"line":158,"column":null}}],"line":155},"11":{"loc":{"start":{"line":161,"column":13},"end":{"line":183,"column":null}},"type":"cond-expr","locations":[{"start":{"line":162,"column":14},"end":{"line":179,"column":15}},{"start":{"line":179,"column":14},"end":{"line":183,"column":null}}],"line":161},"12":{"loc":{"start":{"line":171,"column":21},"end":{"line":171,"column":null}},"type":"cond-expr","locations":[{"start":{"line":171,"column":44},"end":{"line":171,"column":58}},{"start":{"line":171,"column":58},"end":{"line":171,"column":null}}],"line":171},"13":{"loc":{"start":{"line":180,"column":17},"end":{"line":180,"column":null}},"type":"binary-expr","locations":[{"start":{"line":180,"column":17},"end":{"line":180,"column":31}},{"start":{"line":180,"column":31},"end":{"line":180,"column":null}}],"line":180},"14":{"loc":{"start":{"line":212,"column":23},"end":{"line":212,"column":null}},"type":"cond-expr","locations":[{"start":{"line":212,"column":53},"end":{"line":212,"column":84}},{"start":{"line":212,"column":84},"end":{"line":212,"column":null}}],"line":212},"15":{"loc":{"start":{"line":215,"column":15},"end":{"line":225,"column":null}},"type":"binary-expr","locations":[{"start":{"line":215,"column":15},"end":{"line":215,"column":null}},{"start":{"line":216,"column":16},"end":{"line":225,"column":null}}],"line":215},"16":{"loc":{"start":{"line":242,"column":2},"end":{"line":242,"column":null}},"type":"if","locations":[{"start":{"line":242,"column":2},"end":{"line":242,"column":null}},{"start":{},"end":{}}],"line":242},"17":{"loc":{"start":{"line":242,"column":6},"end":{"line":242,"column":61}},"type":"binary-expr","locations":[{"start":{"line":242,"column":6},"end":{"line":242,"column":24}},{"start":{"line":242,"column":24},"end":{"line":242,"column":47}},{"start":{"line":242,"column":47},"end":{"line":242,"column":61}}],"line":242}},"s":{"0":0,"1":0,"2":0,"3":0,"4":0,"5":0,"6":0,"7":0,"8":0,"9":0,"10":0,"11":0,"12":0,"13":0,"14":0,"15":0,"16":0,"17":0,"18":0,"19":0,"20":0,"21":0,"22":0,"23":0,"24":0,"25":0,"26":0,"27":0,"28":0,"29":0,"30":0,"31":0,"32":0},"f":{"0":0,"1":0,"2":0,"3":0,"4":0,"5":0,"6":0,"7":0,"8":0,"9":0,"10":0,"11":0},"b":{"0":[0,0],"1":[0,0],"2":[0,0],"3":[0,0],"4":[0,0],"5":[0,0],"6":[0,0],"7":[0,0],"8":[0,0],"9":[0,0],"10":[0,0],"11":[0,0],"12":[0,0],"13":[0,0],"14":[0,0],"15":[0,0],"16":[0,0],"17":[0,0,0]},"meta":{"lastBranch":18,"lastFunction":12,"lastStatement":33,"seen":{"s:12:58:22:Infinity":0,"f:24:16:24:37":0,"s:25:10:25:44":1,"s:26:8:26:32":2,"s:27:16:27:47":3,"s:28:8:28:38":4,"s:29:8:29:36":5,"s:31:23:31:57":6,"s:32:21:32:50":7,"b:34:2:38:Infinity:undefined:undefined:undefined:undefined":0,"s:34:2:38:Infinity":8,"b:34:6:34:19:34:19:34:26":1,"s:35:4:38:Infinity":9,"s:42:35:42:Infinity":10,"f:44:11:44:27":1,"b:45:4:45:Infinity:undefined:undefined:undefined:undefined":2,"s:45:4:45:Infinity":11,"s:45:13:45:Infinity":12,"s:46:4:46:Infinity":13,"f:49:11:49:28":2,"s:50:4:50:Infinity":14,"b:50:18:50:32:50:32:50:35":3,"s:51:4:51:Infinity":15,"f:54:11:54:23":3,"b:55:4:55:Infinity:undefined:undefined:undefined:undefined":4,"s:55:4:55:Infinity":16,"s:55:13:55:Infinity":17,"s:56:4:59:Infinity":18,"f:58:8:58:25":4,"s:58:25:58:47":19,"s:62:20:64:14":20,"s:65:18:67:Infinity":21,"b:66:6:66:Infinity:67:6:67:Infinity":5,"s:69:22:69:Infinity":22,"s:71:2:229:Infinity":23,"f:75:51:75:66":5,"s:75:66:75:92":24,"b:93:11:93:Infinity:94:12:103:Infinity":6,"b:101:41:101:58:101:58:101:Infinity":7,"b:107:11:107:Infinity:108:12:118:Infinity":8,"b:125:14:129:15:129:14:149:Infinity":9,"f:130:26:130:31":6,"s:131:18:145:Infinity":25,"f:134:20:134:35":7,"s:134:35:134:69":26,"b:155:15:155:Infinity:156:16:158:Infinity":10,"b:162:14:179:15:179:14:183:Infinity":11,"f:165:18:165:29":8,"s:165:35:165:64":27,"b:171:44:171:58:171:58:171:Infinity":12,"f:173:46:173:61":9,"s:173:61:173:83":28,"b:180:17:180:31:180:31:180:Infinity":13,"f:198:20:198:35":10,"s:198:35:198:78":29,"b:212:53:212:84:212:84:212:Infinity":14,"b:215:15:215:Infinity:216:16:225:Infinity":15,"f:235:9:235:17":11,"b:242:2:242:Infinity:undefined:undefined:undefined:undefined":16,"s:242:2:242:Infinity":30,"b:242:6:242:24:242:24:242:47:242:47:242:61":17,"s:242:61:242:Infinity":31,"s:243:2:250:Infinity":32}}}
,"/Users/douglassiteflow/dev/saleflow/frontend/src/pages/pipeline.tsx": {"path":"/Users/douglassiteflow/dev/saleflow/frontend/src/pages/pipeline.tsx","statementMap":{"0":{"start":{"line":9,"column":63},"end":{"line":19,"column":null}},"1":{"start":{"line":22,"column":15},"end":{"line":22,"column":57}},"2":{"start":{"line":23,"column":15},"end":{"line":23,"column":55}},"3":{"start":{"line":24,"column":2},"end":{"line":24,"column":null}},"4":{"start":{"line":24,"column":18},"end":{"line":24,"column":null}},"5":{"start":{"line":25,"column":2},"end":{"line":25,"column":null}},"6":{"start":{"line":25,"column":18},"end":{"line":25,"column":null}},"7":{"start":{"line":26,"column":2},"end":{"line":26,"column":null}},"8":{"start":{"line":30,"column":8},"end":{"line":30,"column":32}},"9":{"start":{"line":31,"column":23},"end":{"line":31,"column":47}},"10":{"start":{"line":33,"column":8},"end":{"line":33,"column":95}},"11":{"start":{"line":33,"column":50},"end":{"line":33,"column":95}},"12":{"start":{"line":35,"column":18},"end":{"line":43,"column":8}},"13":{"start":{"line":38,"column":23},"end":{"line":38,"column":67}},"14":{"start":{"line":38,"column":49},"end":{"line":38,"column":67}},"15":{"start":{"line":39,"column":4},"end":{"line":40,"column":null}},"16":{"start":{"line":40,"column":6},"end":{"line":40,"column":null}},"17":{"start":{"line":42,"column":4},"end":{"line":42,"column":null}},"18":{"start":{"line":45,"column":2},"end":{"line":117,"column":null}},"19":{"start":{"line":64,"column":10},"end":{"line":116,"column":null}},"20":{"start":{"line":89,"column":22},"end":{"line":110,"column":null}},"21":{"start":{"line":96,"column":39},"end":{"line":96,"column":76}}},"fnMap":{"0":{"name":"timeInStage","decl":{"start":{"line":21,"column":9},"end":{"line":21,"column":21}},"loc":{"start":{"line":21,"column":48},"end":{"line":26,"column":null}},"line":21},"1":{"name":"PipelinePage","decl":{"start":{"line":29,"column":16},"end":{"line":29,"column":31}},"loc":{"start":{"line":29,"column":31},"end":{"line":117,"column":null}},"line":29},"2":{"name":"(anonymous_2)","decl":{"start":{"line":33,"column":36},"end":{"line":33,"column":44}},"loc":{"start":{"line":33,"column":50},"end":{"line":33,"column":95}},"line":33},"3":{"name":"(anonymous_3)","decl":{"start":{"line":35,"column":30},"end":{"line":35,"column":null}},"loc":{"start":{"line":37,"column":20},"end":{"line":43,"column":7}},"line":37},"4":{"name":"(anonymous_4)","decl":{"start":{"line":38,"column":35},"end":{"line":38,"column":43}},"loc":{"start":{"line":38,"column":49},"end":{"line":38,"column":67}},"line":38},"5":{"name":"(anonymous_5)","decl":{"start":{"line":63,"column":32},"end":{"line":63,"column":37}},"loc":{"start":{"line":64,"column":10},"end":{"line":116,"column":null}},"line":64},"6":{"name":"(anonymous_6)","decl":{"start":{"line":88,"column":32},"end":{"line":88,"column":37}},"loc":{"start":{"line":89,"column":22},"end":{"line":110,"column":null}},"line":89},"7":{"name":"(anonymous_7)","decl":{"start":{"line":96,"column":24},"end":{"line":96,"column":39}},"loc":{"start":{"line":96,"column":39},"end":{"line":96,"column":76}},"line":96}},"branchMap":{"0":{"loc":{"start":{"line":24,"column":2},"end":{"line":24,"column":null}},"type":"if","locations":[{"start":{"line":24,"column":2},"end":{"line":24,"column":null}},{"start":{},"end":{}}],"line":24},"1":{"loc":{"start":{"line":25,"column":2},"end":{"line":25,"column":null}},"type":"if","locations":[{"start":{"line":25,"column":2},"end":{"line":25,"column":null}},{"start":{},"end":{}}],"line":25},"2":{"loc":{"start":{"line":33,"column":23},"end":{"line":33,"column":34}},"type":"binary-expr","locations":[{"start":{"line":33,"column":23},"end":{"line":33,"column":32}},{"start":{"line":33,"column":32},"end":{"line":33,"column":34}}],"line":33},"3":{"loc":{"start":{"line":33,"column":50},"end":{"line":33,"column":95}},"type":"binary-expr","locations":[{"start":{"line":33,"column":50},"end":{"line":33,"column":71}},{"start":{"line":33,"column":71},"end":{"line":33,"column":95}}],"line":33},"4":{"loc":{"start":{"line":39,"column":4},"end":{"line":40,"column":null}},"type":"if","locations":[{"start":{"line":39,"column":4},"end":{"line":40,"column":null}},{"start":{},"end":{}}],"line":39},"5":{"loc":{"start":{"line":54,"column":7},"end":{"line":116,"column":null}},"type":"cond-expr","locations":[{"start":{"line":55,"column":8},"end":{"line":58,"column":22}},{"start":{"line":58,"column":10},"end":{"line":116,"column":null}}],"line":54},"6":{"loc":{"start":{"line":58,"column":10},"end":{"line":116,"column":null}},"type":"cond-expr","locations":[{"start":{"line":59,"column":8},"end":{"line":63,"column":15}},{"start":{"line":63,"column":8},"end":{"line":116,"column":null}}],"line":58},"7":{"loc":{"start":{"line":66,"column":15},"end":{"line":66,"column":44}},"type":"binary-expr","locations":[{"start":{"line":66,"column":15},"end":{"line":66,"column":38}},{"start":{"line":66,"column":38},"end":{"line":66,"column":44}}],"line":66},"8":{"loc":{"start":{"line":92,"column":26},"end":{"line":94,"column":null}},"type":"cond-expr","locations":[{"start":{"line":93,"column":30},"end":{"line":93,"column":null}},{"start":{"line":94,"column":30},"end":{"line":94,"column":null}}],"line":92},"9":{"loc":{"start":{"line":99,"column":27},"end":{"line":99,"column":null}},"type":"binary-expr","locations":[{"start":{"line":99,"column":27},"end":{"line":99,"column":45}},{"start":{"line":99,"column":45},"end":{"line":99,"column":null}}],"line":99},"10":{"loc":{"start":{"line":102,"column":27},"end":{"line":102,"column":null}},"type":"binary-expr","locations":[{"start":{"line":102,"column":27},"end":{"line":102,"column":45}},{"start":{"line":102,"column":45},"end":{"line":102,"column":null}}],"line":102},"11":{"loc":{"start":{"line":108,"column":41},"end":{"line":108,"column":105}},"type":"cond-expr","locations":[{"start":{"line":108,"column":74},"end":{"line":108,"column":90}},{"start":{"line":108,"column":90},"end":{"line":108,"column":105}}],"line":108}},"s":{"0":0,"1":0,"2":0,"3":0,"4":0,"5":0,"6":0,"7":0,"8":0,"9":0,"10":0,"11":0,"12":0,"13":0,"14":0,"15":0,"16":0,"17":0,"18":0,"19":0,"20":0,"21":0},"f":{"0":0,"1":0,"2":0,"3":0,"4":0,"5":0,"6":0,"7":0},"b":{"0":[0,0],"1":[0,0],"2":[0,0],"3":[0,0],"4":[0,0],"5":[0,0],"6":[0,0],"7":[0,0],"8":[0,0],"9":[0,0],"10":[0,0],"11":[0,0]},"meta":{"lastBranch":12,"lastFunction":8,"lastStatement":22,"seen":{"s:9:63:19:Infinity":0,"f:21:9:21:21":0,"s:22:15:22:57":1,"s:23:15:23:55":2,"b:24:2:24:Infinity:undefined:undefined:undefined:undefined":0,"s:24:2:24:Infinity":3,"s:24:18:24:Infinity":4,"b:25:2:25:Infinity:undefined:undefined:undefined:undefined":1,"s:25:2:25:Infinity":5,"s:25:18:25:Infinity":6,"s:26:2:26:Infinity":7,"f:29:16:29:31":1,"s:30:8:30:32":8,"s:31:23:31:47":9,"s:33:8:33:95":10,"b:33:23:33:32:33:32:33:34":2,"f:33:36:33:44":2,"s:33:50:33:95":11,"b:33:50:33:71:33:71:33:95":3,"s:35:18:43:8":12,"f:35:30:35:Infinity":3,"s:38:23:38:67":13,"f:38:35:38:43":4,"s:38:49:38:67":14,"b:39:4:40:Infinity:undefined:undefined:undefined:undefined":4,"s:39:4:40:Infinity":15,"s:40:6:40:Infinity":16,"s:42:4:42:Infinity":17,"s:45:2:117:Infinity":18,"b:55:8:58:22:58:10:116:Infinity":5,"b:59:8:63:15:63:8:116:Infinity":6,"f:63:32:63:37":5,"s:64:10:116:Infinity":19,"b:66:15:66:38:66:38:66:44":7,"f:88:32:88:37":6,"s:89:22:110:Infinity":20,"b:93:30:93:Infinity:94:30:94:Infinity":8,"f:96:24:96:39":7,"s:96:39:96:76":21,"b:99:27:99:45:99:45:99:Infinity":9,"b:102:27:102:45:102:45:102:Infinity":10,"b:108:74:108:90:108:90:108:105":11}}}
,"/Users/douglassiteflow/dev/saleflow/frontend/src/pages/profile.tsx": {"path":"/Users/douglassiteflow/dev/saleflow/frontend/src/pages/profile.tsx","statementMap":{"0":{"start":{"line":9,"column":16},"end":{"line":9,"column":32}},"1":{"start":{"line":10,"column":37},"end":{"line":10,"column":72}},"2":{"start":{"line":11,"column":8},"end":{"line":11,"column":34}},"3":{"start":{"line":12,"column":8},"end":{"line":12,"column":52}},"4":{"start":{"line":15,"column":4},"end":{"line":15,"column":null}},"5":{"start":{"line":19,"column":4},"end":{"line":19,"column":null}},"6":{"start":{"line":22,"column":2},"end":{"line":73,"column":null}}},"fnMap":{"0":{"name":"ProfilePage","decl":{"start":{"line":8,"column":16},"end":{"line":8,"column":30}},"loc":{"start":{"line":8,"column":30},"end":{"line":73,"column":null}},"line":8},"1":{"name":"handleSessionLogout","decl":{"start":{"line":14,"column":11},"end":{"line":14,"column":31}},"loc":{"start":{"line":14,"column":50},"end":{"line":15,"column":null}},"line":14},"2":{"name":"handleLogoutAll","decl":{"start":{"line":18,"column":11},"end":{"line":18,"column":29}},"loc":{"start":{"line":18,"column":29},"end":{"line":19,"column":null}},"line":18}},"branchMap":{"0":{"loc":{"start":{"line":39,"column":14},"end":{"line":41,"column":null}},"type":"cond-expr","locations":[{"start":{"line":40,"column":18},"end":{"line":40,"column":null}},{"start":{"line":41,"column":18},"end":{"line":41,"column":null}}],"line":39},"1":{"loc":{"start":{"line":44,"column":13},"end":{"line":44,"column":null}},"type":"cond-expr","locations":[{"start":{"line":44,"column":38},"end":{"line":44,"column":48}},{"start":{"line":44,"column":48},"end":{"line":44,"column":null}}],"line":44},"2":{"loc":{"start":{"line":60,"column":15},"end":{"line":60,"column":null}},"type":"cond-expr","locations":[{"start":{"line":60,"column":37},"end":{"line":60,"column":54}},{"start":{"line":60,"column":54},"end":{"line":60,"column":null}}],"line":60},"3":{"loc":{"start":{"line":64,"column":11},"end":{"line":70,"column":null}},"type":"cond-expr","locations":[{"start":{"line":65,"column":12},"end":{"line":67,"column":13}},{"start":{"line":67,"column":12},"end":{"line":70,"column":null}}],"line":64},"4":{"loc":{"start":{"line":68,"column":24},"end":{"line":68,"column":38}},"type":"binary-expr","locations":[{"start":{"line":68,"column":24},"end":{"line":68,"column":36}},{"start":{"line":68,"column":36},"end":{"line":68,"column":38}}],"line":68}},"s":{"0":0,"1":0,"2":0,"3":0,"4":0,"5":0,"6":0},"f":{"0":0,"1":0,"2":0},"b":{"0":[0,0],"1":[0,0],"2":[0,0],"3":[0,0],"4":[0,0]},"meta":{"lastBranch":5,"lastFunction":3,"lastStatement":7,"seen":{"f:8:16:8:30":0,"s:9:16:9:32":0,"s:10:37:10:72":1,"s:11:8:11:34":2,"s:12:8:12:52":3,"f:14:11:14:31":1,"s:15:4:15:Infinity":4,"f:18:11:18:29":2,"s:19:4:19:Infinity":5,"s:22:2:73:Infinity":6,"b:40:18:40:Infinity:41:18:41:Infinity":0,"b:44:38:44:48:44:48:44:Infinity":1,"b:60:37:60:54:60:54:60:Infinity":2,"b:65:12:67:13:67:12:70:Infinity":3,"b:68:24:68:36:68:36:68:38":4}}}
,"/Users/douglassiteflow/dev/saleflow/frontend/src/pages/reset-password.tsx": {"path":"/Users/douglassiteflow/dev/saleflow/frontend/src/pages/reset-password.tsx","statementMap":{"0":{"start":{"line":9,"column":8},"end":{"line":9,"column":42}},"1":{"start":{"line":10,"column":8},"end":{"line":10,"column":32}},"2":{"start":{"line":11,"column":9},"end":{"line":11,"column":42}},"3":{"start":{"line":12,"column":16},"end":{"line":12,"column":null}},"4":{"start":{"line":14,"column":19},"end":{"line":14,"column":46}},"5":{"start":{"line":15,"column":31},"end":{"line":15,"column":70}},"6":{"start":{"line":18,"column":4},"end":{"line":18,"column":null}},"7":{"start":{"line":19,"column":4},"end":{"line":29,"column":null}},"8":{"start":{"line":24,"column":10},"end":{"line":26,"column":null}},"9":{"start":{"line":25,"column":12},"end":{"line":25,"column":null}},"10":{"start":{"line":32,"column":2},"end":{"line":51,"column":null}},"11":{"start":{"line":33,"column":4},"end":{"line":51,"column":null}},"12":{"start":{"line":55,"column":2},"end":{"line":151,"column":null}},"13":{"start":{"line":99,"column":35},"end":{"line":99,"column":62}},"14":{"start":{"line":117,"column":35},"end":{"line":117,"column":74}}},"fnMap":{"0":{"name":"ResetPasswordPage","decl":{"start":{"line":8,"column":16},"end":{"line":8,"column":36}},"loc":{"start":{"line":8,"column":36},"end":{"line":151,"column":null}},"line":8},"1":{"name":"handleSubmit","decl":{"start":{"line":17,"column":11},"end":{"line":17,"column":24}},"loc":{"start":{"line":17,"column":38},"end":{"line":29,"column":null}},"line":17},"2":{"name":"(anonymous_2)","decl":{"start":{"line":22,"column":8},"end":{"line":22,"column":25}},"loc":{"start":{"line":22,"column":25},"end":{"line":28,"column":null}},"line":22},"3":{"name":"(anonymous_3)","decl":{"start":{"line":24,"column":10},"end":{"line":24,"column":27}},"loc":{"start":{"line":24,"column":27},"end":{"line":26,"column":18}},"line":24},"4":{"name":"(anonymous_4)","decl":{"start":{"line":99,"column":18},"end":{"line":99,"column":29}},"loc":{"start":{"line":99,"column":35},"end":{"line":99,"column":62}},"line":99},"5":{"name":"(anonymous_5)","decl":{"start":{"line":117,"column":18},"end":{"line":117,"column":29}},"loc":{"start":{"line":117,"column":35},"end":{"line":117,"column":74}},"line":117}},"branchMap":{"0":{"loc":{"start":{"line":12,"column":16},"end":{"line":12,"column":null}},"type":"binary-expr","locations":[{"start":{"line":12,"column":16},"end":{"line":12,"column":41}},{"start":{"line":12,"column":45},"end":{"line":12,"column":null}}],"line":12},"1":{"loc":{"start":{"line":32,"column":2},"end":{"line":51,"column":null}},"type":"if","locations":[{"start":{"line":32,"column":2},"end":{"line":51,"column":null}},{"start":{},"end":{}}],"line":32},"2":{"loc":{"start":{"line":71,"column":11},"end":{"line":149,"column":null}},"type":"cond-expr","locations":[{"start":{"line":72,"column":12},"end":{"line":85,"column":13}},{"start":{"line":85,"column":12},"end":{"line":149,"column":null}}],"line":71},"3":{"loc":{"start":{"line":122,"column":15},"end":{"line":126,"column":null}},"type":"binary-expr","locations":[{"start":{"line":122,"column":15},"end":{"line":122,"column":null}},{"start":{"line":123,"column":16},"end":{"line":126,"column":null}}],"line":122},"4":{"loc":{"start":{"line":124,"column":19},"end":{"line":125,"column":null}},"type":"binary-expr","locations":[{"start":{"line":124,"column":19},"end":{"line":124,"column":null}},{"start":{"line":125,"column":20},"end":{"line":125,"column":null}}],"line":124},"5":{"loc":{"start":{"line":136,"column":17},"end":{"line":138,"column":null}},"type":"cond-expr","locations":[{"start":{"line":137,"column":20},"end":{"line":137,"column":null}},{"start":{"line":138,"column":20},"end":{"line":138,"column":null}}],"line":136}},"s":{"0":0,"1":0,"2":0,"3":0,"4":0,"5":0,"6":0,"7":0,"8":0,"9":0,"10":0,"11":0,"12":0,"13":0,"14":0},"f":{"0":0,"1":0,"2":0,"3":0,"4":0,"5":0},"b":{"0":[0,0],"1":[0,0],"2":[0,0],"3":[0,0],"4":[0,0],"5":[0,0]},"meta":{"lastBranch":6,"lastFunction":6,"lastStatement":15,"seen":{"f:8:16:8:36":0,"s:9:8:9:42":0,"s:10:8:10:32":1,"s:11:9:11:42":2,"s:12:16:12:Infinity":3,"b:12:16:12:41:12:45:12:Infinity":0,"s:14:19:14:46":4,"s:15:31:15:70":5,"f:17:11:17:24":1,"s:18:4:18:Infinity":6,"s:19:4:29:Infinity":7,"f:22:8:22:25":2,"s:24:10:26:Infinity":8,"f:24:10:24:27":3,"s:25:12:25:Infinity":9,"b:32:2:51:Infinity:undefined:undefined:undefined:undefined":1,"s:32:2:51:Infinity":10,"s:33:4:51:Infinity":11,"s:55:2:151:Infinity":12,"b:72:12:85:13:85:12:149:Infinity":2,"f:99:18:99:29":4,"s:99:35:99:62":13,"f:117:18:117:29":5,"s:117:35:117:74":14,"b:122:15:122:Infinity:123:16:126:Infinity":3,"b:124:19:124:Infinity:125:20:125:Infinity":4,"b:137:20:137:Infinity:138:20:138:Infinity":5}}}
}
